[2025-09-13 20:36:37] ❌ Exception caught in main loop:
Traceback (most recent call last):
  File "/home/pi/test.py", line 1412, in run_dashboard
    live.update(build_dashboard())
                ^^^^^^^^^^^^^^^^^
  File "/home/pi/test.py", line 1384, in build_dashboard
    grow_layout.add_row(build_grow_panel())  # Full-width, isolated
                        ^^^^^^^^^^^^^^^^^^
  File "/home/pi/test.py", line 1312, in build_grow_panel
    table.add_row(name, type_, prop_date, report, progress, last_watered)
                                          ^^^^^^
NameError: name 'report' is not defined

[2025-09-13 20:36:37] ❌ Exception caught in main loop:
Traceback (most recent call last):
  File "/home/pi/test.py", line 1412, in run_dashboard
    live.update(build_dashboard())
                ^^^^^^^^^^^^^^^^^
  File "/home/pi/test.py", line 1384, in build_dashboard
    grow_layout.add_row(build_grow_panel())  # Full-width, isolated
                        ^^^^^^^^^^^^^^^^^^
  File "/home/pi/test.py", line 1312, in build_grow_panel
    table.add_row(name, type_, prop_date, report, progress, last_watered)
                                          ^^^^^^
NameError: name 'report' is not defined

[2025-09-13 20:36:38] ❌ Exception caught in main loop:
Traceback (most recent call last):
  File "/home/pi/test.py", line 1412, in run_dashboard
    live.update(build_dashboard())
                ^^^^^^^^^^^^^^^^^
  File "/home/pi/test.py", line 1384, in build_dashboard
    grow_layout.add_row(build_grow_panel())  # Full-width, isolated
                        ^^^^^^^^^^^^^^^^^^
  File "/home/pi/test.py", line 1312, in build_grow_panel
    table.add_row(name, type_, prop_date, report, progress, last_watered)
                                          ^^^^^^
NameError: name 'report' is not defined

[2025-09-13 20:36:38] ❌ Exception caught in main loop:
Traceback (most recent call last):
  File "/home/pi/test.py", line 1412, in run_dashboard
    live.update(build_dashboard())
                ^^^^^^^^^^^^^^^^^
  File "/home/pi/test.py", line 1384, in build_dashboard
    grow_layout.add_row(build_grow_panel())  # Full-width, isolated
                        ^^^^^^^^^^^^^^^^^^
  File "/home/pi/test.py", line 1312, in build_grow_panel
    table.add_row(name, type_, prop_date, report, progress, last_watered)
                                          ^^^^^^
NameError: name 'report' is not defined

[2025-09-13 20:36:38] ❌ Exception caught in main loop:
Traceback (most recent call last):
  File "/home/pi/test.py", line 1412, in run_dashboard
    live.update(build_dashboard())
                ^^^^^^^^^^^^^^^^^
  File "/home/pi/test.py", line 1384, in build_dashboard
    grow_layout.add_row(build_grow_panel())  # Full-width, isolated
                        ^^^^^^^^^^^^^^^^^^
  File "/home/pi/test.py", line 1312, in build_grow_panel
    table.add_row(name, type_, prop_date, report, progress, last_watered)
                                          ^^^^^^
NameError: name 'report' is not defined

[2025-09-13 20:36:39] ❌ Exception caught in main loop:
Traceback (most recent call last):
  File "/home/pi/test.py", line 1412, in run_dashboard
    live.update(build_dashboard())
                ^^^^^^^^^^^^^^^^^
  File "/home/pi/test.py", line 1384, in build_dashboard
    grow_layout.add_row(build_grow_panel())  # Full-width, isolated
                        ^^^^^^^^^^^^^^^^^^
  File "/home/pi/test.py", line 1312, in build_grow_panel
    table.add_row(name, type_, prop_date, report, progress, last_watered)
                                          ^^^^^^
NameError: name 'report' is not defined

[2025-09-13 20:36:39] ❌ Exception caught in main loop:
Traceback (most recent call last):
  File "/home/pi/test.py", line 1412, in run_dashboard
    live.update(build_dashboard())
                ^^^^^^^^^^^^^^^^^
  File "/home/pi/test.py", line 1384, in build_dashboard
    grow_layout.add_row(build_grow_panel())  # Full-width, isolated
                        ^^^^^^^^^^^^^^^^^^
  File "/home/pi/test.py", line 1312, in build_grow_panel
    table.add_row(name, type_, prop_date, report, progress, last_watered)
                                          ^^^^^^
NameError: name 'report' is not defined

[2025-09-13 20:36:39] ❌ Exception caught in main loop:
Traceback (most recent call last):
  File "/home/pi/test.py", line 1412, in run_dashboard
    live.update(build_dashboard())
                ^^^^^^^^^^^^^^^^^
  File "/home/pi/test.py", line 1384, in build_dashboard
    grow_layout.add_row(build_grow_panel())  # Full-width, isolated
                        ^^^^^^^^^^^^^^^^^^
  File "/home/pi/test.py", line 1312, in build_grow_panel
    table.add_row(name, type_, prop_date, report, progress, last_watered)
                                          ^^^^^^
NameError: name 'report' is not defined

[2025-09-13 20:36:40] ❌ Exception caught in main loop:
Traceback (most recent call last):
  File "/home/pi/test.py", line 1412, in run_dashboard
    live.update(build_dashboard())
                ^^^^^^^^^^^^^^^^^
  File "/home/pi/test.py", line 1384, in build_dashboard
    grow_layout.add_row(build_grow_panel())  # Full-width, isolated
                        ^^^^^^^^^^^^^^^^^^
  File "/home/pi/test.py", line 1312, in build_grow_panel
    table.add_row(name, type_, prop_date, report, progress, last_watered)
                                          ^^^^^^
NameError: name 'report' is not defined

[2025-09-13 20:36:40] ❌ Exception caught in main loop:
Traceback (most recent call last):
  File "/home/pi/test.py", line 1412, in run_dashboard
    live.update(build_dashboard())
                ^^^^^^^^^^^^^^^^^
  File "/home/pi/test.py", line 1384, in build_dashboard
    grow_layout.add_row(build_grow_panel())  # Full-width, isolated
                        ^^^^^^^^^^^^^^^^^^
  File "/home/pi/test.py", line 1312, in build_grow_panel
    table.add_row(name, type_, prop_date, report, progress, last_watered)
                                          ^^^^^^
NameError: name 'report' is not defined

[2025-09-13 20:36:40] ❌ Exception caught in main loop:
Traceback (most recent call last):
  File "/home/pi/test.py", line 1412, in run_dashboard
    live.update(build_dashboard())
                ^^^^^^^^^^^^^^^^^
  File "/home/pi/test.py", line 1384, in build_dashboard
    grow_layout.add_row(build_grow_panel())  # Full-width, isolated
                        ^^^^^^^^^^^^^^^^^^
  File "/home/pi/test.py", line 1312, in build_grow_panel
    table.add_row(name, type_, prop_date, report, progress, last_watered)
                                          ^^^^^^
NameError: name 'report' is not defined

[2025-09-13 20:36:41] ❌ Exception caught in main loop:
Traceback (most recent call last):
  File "/home/pi/test.py", line 1412, in run_dashboard
    live.update(build_dashboard())
                ^^^^^^^^^^^^^^^^^
  File "/home/pi/test.py", line 1384, in build_dashboard
    grow_layout.add_row(build_grow_panel())  # Full-width, isolated
                        ^^^^^^^^^^^^^^^^^^
  File "/home/pi/test.py", line 1312, in build_grow_panel
    table.add_row(name, type_, prop_date, report, progress, last_watered)
                                          ^^^^^^
NameError: name 'report' is not defined

[2025-09-13 20:36:41] ❌ Exception caught in main loop:
Traceback (most recent call last):
  File "/home/pi/test.py", line 1412, in run_dashboard
    live.update(build_dashboard())
                ^^^^^^^^^^^^^^^^^
  File "/home/pi/test.py", line 1384, in build_dashboard
    grow_layout.add_row(build_grow_panel())  # Full-width, isolated
                        ^^^^^^^^^^^^^^^^^^
  File "/home/pi/test.py", line 1312, in build_grow_panel
    table.add_row(name, type_, prop_date, report, progress, last_watered)
                                          ^^^^^^
NameError: name 'report' is not defined

[2025-09-13 20:36:41] ❌ Exception caught in main loop:
Traceback (most recent call last):
  File "/home/pi/test.py", line 1412, in run_dashboard
    live.update(build_dashboard())
                ^^^^^^^^^^^^^^^^^
  File "/home/pi/test.py", line 1384, in build_dashboard
    grow_layout.add_row(build_grow_panel())  # Full-width, isolated
                        ^^^^^^^^^^^^^^^^^^
  File "/home/pi/test.py", line 1312, in build_grow_panel
    table.add_row(name, type_, prop_date, report, progress, last_watered)
                                          ^^^^^^
NameError: name 'report' is not defined

[2025-09-13 20:36:42] ❌ Exception caught in main loop:
Traceback (most recent call last):
  File "/home/pi/test.py", line 1412, in run_dashboard
    live.update(build_dashboard())
                ^^^^^^^^^^^^^^^^^
  File "/home/pi/test.py", line 1384, in build_dashboard
    grow_layout.add_row(build_grow_panel())  # Full-width, isolated
                        ^^^^^^^^^^^^^^^^^^
  File "/home/pi/test.py", line 1312, in build_grow_panel
    table.add_row(name, type_, prop_date, report, progress, last_watered)
                                          ^^^^^^
NameError: name 'report' is not defined

[2025-09-13 20:36:42] ❌ Exception caught in main loop:
Traceback (most recent call last):
  File "/home/pi/test.py", line 1412, in run_dashboard
    live.update(build_dashboard())
                ^^^^^^^^^^^^^^^^^
  File "/home/pi/test.py", line 1384, in build_dashboard
    grow_layout.add_row(build_grow_panel())  # Full-width, isolated
                        ^^^^^^^^^^^^^^^^^^
  File "/home/pi/test.py", line 1312, in build_grow_panel
    table.add_row(name, type_, prop_date, report, progress, last_watered)
                                          ^^^^^^
NameError: name 'report' is not defined

[2025-09-13 20:36:42] ❌ Exception caught in main loop:
Traceback (most recent call last):
  File "/home/pi/test.py", line 1412, in run_dashboard
    live.update(build_dashboard())
                ^^^^^^^^^^^^^^^^^
  File "/home/pi/test.py", line 1384, in build_dashboard
    grow_layout.add_row(build_grow_panel())  # Full-width, isolated
                        ^^^^^^^^^^^^^^^^^^
  File "/home/pi/test.py", line 1312, in build_grow_panel
    table.add_row(name, type_, prop_date, report, progress, last_watered)
                                          ^^^^^^
NameError: name 'report' is not defined

[2025-09-13 20:36:43] ❌ Exception caught in main loop:
Traceback (most recent call last):
  File "/home/pi/test.py", line 1412, in run_dashboard
    live.update(build_dashboard())
                ^^^^^^^^^^^^^^^^^
  File "/home/pi/test.py", line 1384, in build_dashboard
    grow_layout.add_row(build_grow_panel())  # Full-width, isolated
                        ^^^^^^^^^^^^^^^^^^
  File "/home/pi/test.py", line 1312, in build_grow_panel
    table.add_row(name, type_, prop_date, report, progress, last_watered)
                                          ^^^^^^
NameError: name 'report' is not defined

[2025-09-13 20:36:43] ❌ Exception caught in main loop:
Traceback (most recent call last):
  File "/home/pi/test.py", line 1412, in run_dashboard
    live.update(build_dashboard())
                ^^^^^^^^^^^^^^^^^
  File "/home/pi/test.py", line 1384, in build_dashboard
    grow_layout.add_row(build_grow_panel())  # Full-width, isolated
                        ^^^^^^^^^^^^^^^^^^
  File "/home/pi/test.py", line 1312, in build_grow_panel
    table.add_row(name, type_, prop_date, report, progress, last_watered)
                                          ^^^^^^
NameError: name 'report' is not defined

[2025-09-13 20:36:43] ❌ Exception caught in main loop:
Traceback (most recent call last):
  File "/home/pi/test.py", line 1412, in run_dashboard
    live.update(build_dashboard())
                ^^^^^^^^^^^^^^^^^
  File "/home/pi/test.py", line 1384, in build_dashboard
    grow_layout.add_row(build_grow_panel())  # Full-width, isolated
                        ^^^^^^^^^^^^^^^^^^
  File "/home/pi/test.py", line 1312, in build_grow_panel
    table.add_row(name, type_, prop_date, report, progress, last_watered)
                                          ^^^^^^
NameError: name 'report' is not defined

[2025-09-13 20:36:44] ❌ Exception caught in main loop:
Traceback (most recent call last):
  File "/home/pi/test.py", line 1412, in run_dashboard
    live.update(build_dashboard())
                ^^^^^^^^^^^^^^^^^
  File "/home/pi/test.py", line 1384, in build_dashboard
    grow_layout.add_row(build_grow_panel())  # Full-width, isolated
                        ^^^^^^^^^^^^^^^^^^
  File "/home/pi/test.py", line 1312, in build_grow_panel
    table.add_row(name, type_, prop_date, report, progress, last_watered)
                                          ^^^^^^
NameError: name 'report' is not defined

[2025-09-13 20:36:44] ✅ Dashboard healthy. Drift: 0.21s
[2025-09-13 20:36:44] ❌ Exception caught in main loop:
Traceback (most recent call last):
  File "/home/pi/test.py", line 1412, in run_dashboard
    live.update(build_dashboard())
                ^^^^^^^^^^^^^^^^^
  File "/home/pi/test.py", line 1384, in build_dashboard
    grow_layout.add_row(build_grow_panel())  # Full-width, isolated
                        ^^^^^^^^^^^^^^^^^^
  File "/home/pi/test.py", line 1312, in build_grow_panel
    table.add_row(name, type_, prop_date, report, progress, last_watered)
                                          ^^^^^^
NameError: name 'report' is not defined

