[2025-09-13 20:52:21] ❌ Exception caught in main loop:
Traceback (most recent call last):
  File "/home/pi/test.py", line 1420, in run_dashboard
    live.update(build_dashboard())
                ^^^^^^^^^^^^^^^^^
  File "/home/pi/test.py", line 1392, in build_dashboard
    grow_layout.add_row(build_grow_panel())  # Full-width, isolated
                        ^^^^^^^^^^^^^^^^^^
  File "/home/pi/test.py", line 1320, in build_grow_panel
    table.add_row(name, type_, prop_date, repot, progress, last_watered, height)
  File "/usr/local/lib/python3.11/dist-packages/rich/table.py", line 465, in add_row
    raise errors.NotRenderableError(
rich.errors.NotRenderableError: unable to render module; a string or other renderable object is required

[2025-09-13 20:52:22] ❌ Exception caught in main loop:
Traceback (most recent call last):
  File "/home/pi/test.py", line 1420, in run_dashboard
    live.update(build_dashboard())
                ^^^^^^^^^^^^^^^^^
  File "/home/pi/test.py", line 1392, in build_dashboard
    grow_layout.add_row(build_grow_panel())  # Full-width, isolated
                        ^^^^^^^^^^^^^^^^^^
  File "/home/pi/test.py", line 1320, in build_grow_panel
    table.add_row(name, type_, prop_date, repot, progress, last_watered, height)
  File "/usr/local/lib/python3.11/dist-packages/rich/table.py", line 465, in add_row
    raise errors.NotRenderableError(
rich.errors.NotRenderableError: unable to render module; a string or other renderable object is required

[2025-09-13 20:52:22] ❌ Exception caught in main loop:
Traceback (most recent call last):
  File "/home/pi/test.py", line 1420, in run_dashboard
    live.update(build_dashboard())
                ^^^^^^^^^^^^^^^^^
  File "/home/pi/test.py", line 1392, in build_dashboard
    grow_layout.add_row(build_grow_panel())  # Full-width, isolated
                        ^^^^^^^^^^^^^^^^^^
  File "/home/pi/test.py", line 1320, in build_grow_panel
    table.add_row(name, type_, prop_date, repot, progress, last_watered, height)
  File "/usr/local/lib/python3.11/dist-packages/rich/table.py", line 465, in add_row
    raise errors.NotRenderableError(
rich.errors.NotRenderableError: unable to render module; a string or other renderable object is required

[2025-09-13 20:52:22] ❌ Exception caught in main loop:
Traceback (most recent call last):
  File "/home/pi/test.py", line 1420, in run_dashboard
    live.update(build_dashboard())
                ^^^^^^^^^^^^^^^^^
  File "/home/pi/test.py", line 1392, in build_dashboard
    grow_layout.add_row(build_grow_panel())  # Full-width, isolated
                        ^^^^^^^^^^^^^^^^^^
  File "/home/pi/test.py", line 1320, in build_grow_panel
    table.add_row(name, type_, prop_date, repot, progress, last_watered, height)
  File "/usr/local/lib/python3.11/dist-packages/rich/table.py", line 465, in add_row
    raise errors.NotRenderableError(
rich.errors.NotRenderableError: unable to render module; a string or other renderable object is required

[2025-09-13 20:52:23] ❌ Exception caught in main loop:
Traceback (most recent call last):
  File "/home/pi/test.py", line 1420, in run_dashboard
    live.update(build_dashboard())
                ^^^^^^^^^^^^^^^^^
  File "/home/pi/test.py", line 1392, in build_dashboard
    grow_layout.add_row(build_grow_panel())  # Full-width, isolated
                        ^^^^^^^^^^^^^^^^^^
  File "/home/pi/test.py", line 1320, in build_grow_panel
    table.add_row(name, type_, prop_date, repot, progress, last_watered, height)
  File "/usr/local/lib/python3.11/dist-packages/rich/table.py", line 465, in add_row
    raise errors.NotRenderableError(
rich.errors.NotRenderableError: unable to render module; a string or other renderable object is required

[2025-09-13 20:52:23] ❌ Exception caught in main loop:
Traceback (most recent call last):
  File "/home/pi/test.py", line 1420, in run_dashboard
    live.update(build_dashboard())
                ^^^^^^^^^^^^^^^^^
  File "/home/pi/test.py", line 1392, in build_dashboard
    grow_layout.add_row(build_grow_panel())  # Full-width, isolated
                        ^^^^^^^^^^^^^^^^^^
  File "/home/pi/test.py", line 1320, in build_grow_panel
    table.add_row(name, type_, prop_date, repot, progress, last_watered, height)
  File "/usr/local/lib/python3.11/dist-packages/rich/table.py", line 465, in add_row
    raise errors.NotRenderableError(
rich.errors.NotRenderableError: unable to render module; a string or other renderable object is required

[2025-09-13 20:52:23] ❌ Exception caught in main loop:
Traceback (most recent call last):
  File "/home/pi/test.py", line 1420, in run_dashboard
    live.update(build_dashboard())
                ^^^^^^^^^^^^^^^^^
  File "/home/pi/test.py", line 1392, in build_dashboard
    grow_layout.add_row(build_grow_panel())  # Full-width, isolated
                        ^^^^^^^^^^^^^^^^^^
  File "/home/pi/test.py", line 1320, in build_grow_panel
    table.add_row(name, type_, prop_date, repot, progress, last_watered, height)
  File "/usr/local/lib/python3.11/dist-packages/rich/table.py", line 465, in add_row
    raise errors.NotRenderableError(
rich.errors.NotRenderableError: unable to render module; a string or other renderable object is required

[2025-09-13 20:52:24] ❌ Exception caught in main loop:
Traceback (most recent call last):
  File "/home/pi/test.py", line 1420, in run_dashboard
    live.update(build_dashboard())
                ^^^^^^^^^^^^^^^^^
  File "/home/pi/test.py", line 1392, in build_dashboard
    grow_layout.add_row(build_grow_panel())  # Full-width, isolated
                        ^^^^^^^^^^^^^^^^^^
  File "/home/pi/test.py", line 1320, in build_grow_panel
    table.add_row(name, type_, prop_date, repot, progress, last_watered, height)
  File "/usr/local/lib/python3.11/dist-packages/rich/table.py", line 465, in add_row
    raise errors.NotRenderableError(
rich.errors.NotRenderableError: unable to render module; a string or other renderable object is required

[2025-09-13 20:52:24] ❌ Exception caught in main loop:
Traceback (most recent call last):
  File "/home/pi/test.py", line 1420, in run_dashboard
    live.update(build_dashboard())
                ^^^^^^^^^^^^^^^^^
  File "/home/pi/test.py", line 1392, in build_dashboard
    grow_layout.add_row(build_grow_panel())  # Full-width, isolated
                        ^^^^^^^^^^^^^^^^^^
  File "/home/pi/test.py", line 1320, in build_grow_panel
    table.add_row(name, type_, prop_date, repot, progress, last_watered, height)
  File "/usr/local/lib/python3.11/dist-packages/rich/table.py", line 465, in add_row
    raise errors.NotRenderableError(
rich.errors.NotRenderableError: unable to render module; a string or other renderable object is required

[2025-09-13 20:52:24] ❌ Exception caught in main loop:
Traceback (most recent call last):
  File "/home/pi/test.py", line 1420, in run_dashboard
    live.update(build_dashboard())
                ^^^^^^^^^^^^^^^^^
  File "/home/pi/test.py", line 1392, in build_dashboard
    grow_layout.add_row(build_grow_panel())  # Full-width, isolated
                        ^^^^^^^^^^^^^^^^^^
  File "/home/pi/test.py", line 1320, in build_grow_panel
    table.add_row(name, type_, prop_date, repot, progress, last_watered, height)
  File "/usr/local/lib/python3.11/dist-packages/rich/table.py", line 465, in add_row
    raise errors.NotRenderableError(
rich.errors.NotRenderableError: unable to render module; a string or other renderable object is required

[2025-09-13 20:52:25] ❌ Exception caught in main loop:
Traceback (most recent call last):
  File "/home/pi/test.py", line 1420, in run_dashboard
    live.update(build_dashboard())
                ^^^^^^^^^^^^^^^^^
  File "/home/pi/test.py", line 1392, in build_dashboard
    grow_layout.add_row(build_grow_panel())  # Full-width, isolated
                        ^^^^^^^^^^^^^^^^^^
  File "/home/pi/test.py", line 1320, in build_grow_panel
    table.add_row(name, type_, prop_date, repot, progress, last_watered, height)
  File "/usr/local/lib/python3.11/dist-packages/rich/table.py", line 465, in add_row
    raise errors.NotRenderableError(
rich.errors.NotRenderableError: unable to render module; a string or other renderable object is required

[2025-09-13 20:52:25] ❌ Exception caught in main loop:
Traceback (most recent call last):
  File "/home/pi/test.py", line 1420, in run_dashboard
    live.update(build_dashboard())
                ^^^^^^^^^^^^^^^^^
  File "/home/pi/test.py", line 1392, in build_dashboard
    grow_layout.add_row(build_grow_panel())  # Full-width, isolated
                        ^^^^^^^^^^^^^^^^^^
  File "/home/pi/test.py", line 1320, in build_grow_panel
    table.add_row(name, type_, prop_date, repot, progress, last_watered, height)
  File "/usr/local/lib/python3.11/dist-packages/rich/table.py", line 465, in add_row
    raise errors.NotRenderableError(
rich.errors.NotRenderableError: unable to render module; a string or other renderable object is required

[2025-09-13 20:52:25] ❌ Exception caught in main loop:
Traceback (most recent call last):
  File "/home/pi/test.py", line 1420, in run_dashboard
    live.update(build_dashboard())
                ^^^^^^^^^^^^^^^^^
  File "/home/pi/test.py", line 1392, in build_dashboard
    grow_layout.add_row(build_grow_panel())  # Full-width, isolated
                        ^^^^^^^^^^^^^^^^^^
  File "/home/pi/test.py", line 1320, in build_grow_panel
    table.add_row(name, type_, prop_date, repot, progress, last_watered, height)
  File "/usr/local/lib/python3.11/dist-packages/rich/table.py", line 465, in add_row
    raise errors.NotRenderableError(
rich.errors.NotRenderableError: unable to render module; a string or other renderable object is required

[2025-09-13 20:52:26] ❌ Exception caught in main loop:
Traceback (most recent call last):
  File "/home/pi/test.py", line 1420, in run_dashboard
    live.update(build_dashboard())
                ^^^^^^^^^^^^^^^^^
  File "/home/pi/test.py", line 1392, in build_dashboard
    grow_layout.add_row(build_grow_panel())  # Full-width, isolated
                        ^^^^^^^^^^^^^^^^^^
  File "/home/pi/test.py", line 1320, in build_grow_panel
    table.add_row(name, type_, prop_date, repot, progress, last_watered, height)
  File "/usr/local/lib/python3.11/dist-packages/rich/table.py", line 465, in add_row
    raise errors.NotRenderableError(
rich.errors.NotRenderableError: unable to render module; a string or other renderable object is required

[2025-09-13 20:52:26] ❌ Exception caught in main loop:
Traceback (most recent call last):
  File "/home/pi/test.py", line 1420, in run_dashboard
    live.update(build_dashboard())
                ^^^^^^^^^^^^^^^^^
  File "/home/pi/test.py", line 1392, in build_dashboard
    grow_layout.add_row(build_grow_panel())  # Full-width, isolated
                        ^^^^^^^^^^^^^^^^^^
  File "/home/pi/test.py", line 1320, in build_grow_panel
    table.add_row(name, type_, prop_date, repot, progress, last_watered, height)
  File "/usr/local/lib/python3.11/dist-packages/rich/table.py", line 465, in add_row
    raise errors.NotRenderableError(
rich.errors.NotRenderableError: unable to render module; a string or other renderable object is required

[2025-09-13 20:52:26] ❌ Exception caught in main loop:
Traceback (most recent call last):
  File "/home/pi/test.py", line 1420, in run_dashboard
    live.update(build_dashboard())
                ^^^^^^^^^^^^^^^^^
  File "/home/pi/test.py", line 1392, in build_dashboard
    grow_layout.add_row(build_grow_panel())  # Full-width, isolated
                        ^^^^^^^^^^^^^^^^^^
  File "/home/pi/test.py", line 1320, in build_grow_panel
    table.add_row(name, type_, prop_date, repot, progress, last_watered, height)
  File "/usr/local/lib/python3.11/dist-packages/rich/table.py", line 465, in add_row
    raise errors.NotRenderableError(
rich.errors.NotRenderableError: unable to render module; a string or other renderable object is required

[2025-09-13 20:52:27] ❌ Exception caught in main loop:
Traceback (most recent call last):
  File "/home/pi/test.py", line 1420, in run_dashboard
    live.update(build_dashboard())
                ^^^^^^^^^^^^^^^^^
  File "/home/pi/test.py", line 1392, in build_dashboard
    grow_layout.add_row(build_grow_panel())  # Full-width, isolated
                        ^^^^^^^^^^^^^^^^^^
  File "/home/pi/test.py", line 1320, in build_grow_panel
    table.add_row(name, type_, prop_date, repot, progress, last_watered, height)
  File "/usr/local/lib/python3.11/dist-packages/rich/table.py", line 465, in add_row
    raise errors.NotRenderableError(
rich.errors.NotRenderableError: unable to render module; a string or other renderable object is required

[2025-09-13 20:52:27] ❌ Exception caught in main loop:
Traceback (most recent call last):
  File "/home/pi/test.py", line 1420, in run_dashboard
    live.update(build_dashboard())
                ^^^^^^^^^^^^^^^^^
  File "/home/pi/test.py", line 1392, in build_dashboard
    grow_layout.add_row(build_grow_panel())  # Full-width, isolated
                        ^^^^^^^^^^^^^^^^^^
  File "/home/pi/test.py", line 1320, in build_grow_panel
    table.add_row(name, type_, prop_date, repot, progress, last_watered, height)
  File "/usr/local/lib/python3.11/dist-packages/rich/table.py", line 465, in add_row
    raise errors.NotRenderableError(
rich.errors.NotRenderableError: unable to render module; a string or other renderable object is required

[2025-09-13 20:52:27] ❌ Exception caught in main loop:
Traceback (most recent call last):
  File "/home/pi/test.py", line 1420, in run_dashboard
    live.update(build_dashboard())
                ^^^^^^^^^^^^^^^^^
  File "/home/pi/test.py", line 1392, in build_dashboard
    grow_layout.add_row(build_grow_panel())  # Full-width, isolated
                        ^^^^^^^^^^^^^^^^^^
  File "/home/pi/test.py", line 1320, in build_grow_panel
    table.add_row(name, type_, prop_date, repot, progress, last_watered, height)
  File "/usr/local/lib/python3.11/dist-packages/rich/table.py", line 465, in add_row
    raise errors.NotRenderableError(
rich.errors.NotRenderableError: unable to render module; a string or other renderable object is required

[2025-09-13 20:52:28] ❌ Exception caught in main loop:
Traceback (most recent call last):
  File "/home/pi/test.py", line 1420, in run_dashboard
    live.update(build_dashboard())
                ^^^^^^^^^^^^^^^^^
  File "/home/pi/test.py", line 1392, in build_dashboard
    grow_layout.add_row(build_grow_panel())  # Full-width, isolated
                        ^^^^^^^^^^^^^^^^^^
  File "/home/pi/test.py", line 1320, in build_grow_panel
    table.add_row(name, type_, prop_date, repot, progress, last_watered, height)
  File "/usr/local/lib/python3.11/dist-packages/rich/table.py", line 465, in add_row
    raise errors.NotRenderableError(
rich.errors.NotRenderableError: unable to render module; a string or other renderable object is required

[2025-09-13 20:52:28] ❌ Exception caught in main loop:
Traceback (most recent call last):
  File "/home/pi/test.py", line 1420, in run_dashboard
    live.update(build_dashboard())
                ^^^^^^^^^^^^^^^^^
  File "/home/pi/test.py", line 1392, in build_dashboard
    grow_layout.add_row(build_grow_panel())  # Full-width, isolated
                        ^^^^^^^^^^^^^^^^^^
  File "/home/pi/test.py", line 1320, in build_grow_panel
    table.add_row(name, type_, prop_date, repot, progress, last_watered, height)
  File "/usr/local/lib/python3.11/dist-packages/rich/table.py", line 465, in add_row
    raise errors.NotRenderableError(
rich.errors.NotRenderableError: unable to render module; a string or other renderable object is required

[2025-09-13 20:52:28] ✅ Dashboard healthy. Drift: 0.21s
[2025-09-13 20:52:28] ❌ Exception caught in main loop:
Traceback (most recent call last):
  File "/home/pi/test.py", line 1420, in run_dashboard
    live.update(build_dashboard())
                ^^^^^^^^^^^^^^^^^
  File "/home/pi/test.py", line 1392, in build_dashboard
    grow_layout.add_row(build_grow_panel())  # Full-width, isolated
                        ^^^^^^^^^^^^^^^^^^
  File "/home/pi/test.py", line 1320, in build_grow_panel
    table.add_row(name, type_, prop_date, repot, progress, last_watered, height)
  File "/usr/local/lib/python3.11/dist-packages/rich/table.py", line 465, in add_row
    raise errors.NotRenderableError(
rich.errors.NotRenderableError: unable to render module; a string or other renderable object is required

[2025-09-13 20:52:29] ❌ Exception caught in main loop:
Traceback (most recent call last):
  File "/home/pi/test.py", line 1420, in run_dashboard
    live.update(build_dashboard())
                ^^^^^^^^^^^^^^^^^
  File "/home/pi/test.py", line 1392, in build_dashboard
    grow_layout.add_row(build_grow_panel())  # Full-width, isolated
                        ^^^^^^^^^^^^^^^^^^
  File "/home/pi/test.py", line 1320, in build_grow_panel
    table.add_row(name, type_, prop_date, repot, progress, last_watered, height)
  File "/usr/local/lib/python3.11/dist-packages/rich/table.py", line 465, in add_row
    raise errors.NotRenderableError(
rich.errors.NotRenderableError: unable to render module; a string or other renderable object is required

[2025-09-13 20:52:29] ❌ Exception caught in main loop:
Traceback (most recent call last):
  File "/home/pi/test.py", line 1420, in run_dashboard
    live.update(build_dashboard())
                ^^^^^^^^^^^^^^^^^
  File "/home/pi/test.py", line 1392, in build_dashboard
    grow_layout.add_row(build_grow_panel())  # Full-width, isolated
                        ^^^^^^^^^^^^^^^^^^
  File "/home/pi/test.py", line 1320, in build_grow_panel
    table.add_row(name, type_, prop_date, repot, progress, last_watered, height)
  File "/usr/local/lib/python3.11/dist-packages/rich/table.py", line 465, in add_row
    raise errors.NotRenderableError(
rich.errors.NotRenderableError: unable to render module; a string or other renderable object is required

[2025-09-13 20:52:29] ❌ Exception caught in main loop:
Traceback (most recent call last):
  File "/home/pi/test.py", line 1420, in run_dashboard
    live.update(build_dashboard())
                ^^^^^^^^^^^^^^^^^
  File "/home/pi/test.py", line 1392, in build_dashboard
    grow_layout.add_row(build_grow_panel())  # Full-width, isolated
                        ^^^^^^^^^^^^^^^^^^
  File "/home/pi/test.py", line 1320, in build_grow_panel
    table.add_row(name, type_, prop_date, repot, progress, last_watered, height)
  File "/usr/local/lib/python3.11/dist-packages/rich/table.py", line 465, in add_row
    raise errors.NotRenderableError(
rich.errors.NotRenderableError: unable to render module; a string or other renderable object is required

[2025-09-13 20:52:30] ❌ Exception caught in main loop:
Traceback (most recent call last):
  File "/home/pi/test.py", line 1420, in run_dashboard
    live.update(build_dashboard())
                ^^^^^^^^^^^^^^^^^
  File "/home/pi/test.py", line 1392, in build_dashboard
    grow_layout.add_row(build_grow_panel())  # Full-width, isolated
                        ^^^^^^^^^^^^^^^^^^
  File "/home/pi/test.py", line 1320, in build_grow_panel
    table.add_row(name, type_, prop_date, repot, progress, last_watered, height)
  File "/usr/local/lib/python3.11/dist-packages/rich/table.py", line 465, in add_row
    raise errors.NotRenderableError(
rich.errors.NotRenderableError: unable to render module; a string or other renderable object is required

[2025-09-13 20:52:30] ❌ Exception caught in main loop:
Traceback (most recent call last):
  File "/home/pi/test.py", line 1420, in run_dashboard
    live.update(build_dashboard())
                ^^^^^^^^^^^^^^^^^
  File "/home/pi/test.py", line 1392, in build_dashboard
    grow_layout.add_row(build_grow_panel())  # Full-width, isolated
                        ^^^^^^^^^^^^^^^^^^
  File "/home/pi/test.py", line 1320, in build_grow_panel
    table.add_row(name, type_, prop_date, repot, progress, last_watered, height)
  File "/usr/local/lib/python3.11/dist-packages/rich/table.py", line 465, in add_row
    raise errors.NotRenderableError(
rich.errors.NotRenderableError: unable to render module; a string or other renderable object is required

[2025-09-13 20:52:30] ❌ Exception caught in main loop:
Traceback (most recent call last):
  File "/home/pi/test.py", line 1420, in run_dashboard
    live.update(build_dashboard())
                ^^^^^^^^^^^^^^^^^
  File "/home/pi/test.py", line 1392, in build_dashboard
    grow_layout.add_row(build_grow_panel())  # Full-width, isolated
                        ^^^^^^^^^^^^^^^^^^
  File "/home/pi/test.py", line 1320, in build_grow_panel
    table.add_row(name, type_, prop_date, repot, progress, last_watered, height)
  File "/usr/local/lib/python3.11/dist-packages/rich/table.py", line 465, in add_row
    raise errors.NotRenderableError(
rich.errors.NotRenderableError: unable to render module; a string or other renderable object is required

[2025-09-13 20:52:31] ❌ Exception caught in main loop:
Traceback (most recent call last):
  File "/home/pi/test.py", line 1420, in run_dashboard
    live.update(build_dashboard())
                ^^^^^^^^^^^^^^^^^
  File "/home/pi/test.py", line 1392, in build_dashboard
    grow_layout.add_row(build_grow_panel())  # Full-width, isolated
                        ^^^^^^^^^^^^^^^^^^
  File "/home/pi/test.py", line 1320, in build_grow_panel
    table.add_row(name, type_, prop_date, repot, progress, last_watered, height)
  File "/usr/local/lib/python3.11/dist-packages/rich/table.py", line 465, in add_row
    raise errors.NotRenderableError(
rich.errors.NotRenderableError: unable to render module; a string or other renderable object is required

[2025-09-13 20:52:31] ❌ Exception caught in main loop:
Traceback (most recent call last):
  File "/home/pi/test.py", line 1420, in run_dashboard
    live.update(build_dashboard())
                ^^^^^^^^^^^^^^^^^
  File "/home/pi/test.py", line 1392, in build_dashboard
    grow_layout.add_row(build_grow_panel())  # Full-width, isolated
                        ^^^^^^^^^^^^^^^^^^
  File "/home/pi/test.py", line 1320, in build_grow_panel
    table.add_row(name, type_, prop_date, repot, progress, last_watered, height)
  File "/usr/local/lib/python3.11/dist-packages/rich/table.py", line 465, in add_row
    raise errors.NotRenderableError(
rich.errors.NotRenderableError: unable to render module; a string or other renderable object is required

[2025-09-13 20:52:31] ❌ Exception caught in main loop:
Traceback (most recent call last):
  File "/home/pi/test.py", line 1420, in run_dashboard
    live.update(build_dashboard())
                ^^^^^^^^^^^^^^^^^
  File "/home/pi/test.py", line 1392, in build_dashboard
    grow_layout.add_row(build_grow_panel())  # Full-width, isolated
                        ^^^^^^^^^^^^^^^^^^
  File "/home/pi/test.py", line 1320, in build_grow_panel
    table.add_row(name, type_, prop_date, repot, progress, last_watered, height)
  File "/usr/local/lib/python3.11/dist-packages/rich/table.py", line 465, in add_row
    raise errors.NotRenderableError(
rich.errors.NotRenderableError: unable to render module; a string or other renderable object is required

[2025-09-13 20:52:32] ❌ Exception caught in main loop:
Traceback (most recent call last):
  File "/home/pi/test.py", line 1420, in run_dashboard
    live.update(build_dashboard())
                ^^^^^^^^^^^^^^^^^
  File "/home/pi/test.py", line 1392, in build_dashboard
    grow_layout.add_row(build_grow_panel())  # Full-width, isolated
                        ^^^^^^^^^^^^^^^^^^
  File "/home/pi/test.py", line 1320, in build_grow_panel
    table.add_row(name, type_, prop_date, repot, progress, last_watered, height)
  File "/usr/local/lib/python3.11/dist-packages/rich/table.py", line 465, in add_row
    raise errors.NotRenderableError(
rich.errors.NotRenderableError: unable to render module; a string or other renderable object is required

[2025-09-13 20:52:32] ❌ Exception caught in main loop:
Traceback (most recent call last):
  File "/home/pi/test.py", line 1420, in run_dashboard
    live.update(build_dashboard())
                ^^^^^^^^^^^^^^^^^
  File "/home/pi/test.py", line 1392, in build_dashboard
    grow_layout.add_row(build_grow_panel())  # Full-width, isolated
                        ^^^^^^^^^^^^^^^^^^
  File "/home/pi/test.py", line 1320, in build_grow_panel
    table.add_row(name, type_, prop_date, repot, progress, last_watered, height)
  File "/usr/local/lib/python3.11/dist-packages/rich/table.py", line 465, in add_row
    raise errors.NotRenderableError(
rich.errors.NotRenderableError: unable to render module; a string or other renderable object is required

[2025-09-13 20:52:32] ❌ Exception caught in main loop:
Traceback (most recent call last):
  File "/home/pi/test.py", line 1420, in run_dashboard
    live.update(build_dashboard())
                ^^^^^^^^^^^^^^^^^
  File "/home/pi/test.py", line 1392, in build_dashboard
    grow_layout.add_row(build_grow_panel())  # Full-width, isolated
                        ^^^^^^^^^^^^^^^^^^
  File "/home/pi/test.py", line 1320, in build_grow_panel
    table.add_row(name, type_, prop_date, repot, progress, last_watered, height)
  File "/usr/local/lib/python3.11/dist-packages/rich/table.py", line 465, in add_row
    raise errors.NotRenderableError(
rich.errors.NotRenderableError: unable to render module; a string or other renderable object is required

[2025-09-13 20:52:33] ❌ Exception caught in main loop:
Traceback (most recent call last):
  File "/home/pi/test.py", line 1420, in run_dashboard
    live.update(build_dashboard())
                ^^^^^^^^^^^^^^^^^
  File "/home/pi/test.py", line 1392, in build_dashboard
    grow_layout.add_row(build_grow_panel())  # Full-width, isolated
                        ^^^^^^^^^^^^^^^^^^
  File "/home/pi/test.py", line 1320, in build_grow_panel
    table.add_row(name, type_, prop_date, repot, progress, last_watered, height)
  File "/usr/local/lib/python3.11/dist-packages/rich/table.py", line 465, in add_row
    raise errors.NotRenderableError(
rich.errors.NotRenderableError: unable to render module; a string or other renderable object is required

[2025-09-13 20:52:33] ❌ Exception caught in main loop:
Traceback (most recent call last):
  File "/home/pi/test.py", line 1420, in run_dashboard
    live.update(build_dashboard())
                ^^^^^^^^^^^^^^^^^
  File "/home/pi/test.py", line 1392, in build_dashboard
    grow_layout.add_row(build_grow_panel())  # Full-width, isolated
                        ^^^^^^^^^^^^^^^^^^
  File "/home/pi/test.py", line 1320, in build_grow_panel
    table.add_row(name, type_, prop_date, repot, progress, last_watered, height)
  File "/usr/local/lib/python3.11/dist-packages/rich/table.py", line 465, in add_row
    raise errors.NotRenderableError(
rich.errors.NotRenderableError: unable to render module; a string or other renderable object is required

[2025-09-13 20:52:33] ❌ Exception caught in main loop:
Traceback (most recent call last):
  File "/home/pi/test.py", line 1420, in run_dashboard
    live.update(build_dashboard())
                ^^^^^^^^^^^^^^^^^
  File "/home/pi/test.py", line 1392, in build_dashboard
    grow_layout.add_row(build_grow_panel())  # Full-width, isolated
                        ^^^^^^^^^^^^^^^^^^
  File "/home/pi/test.py", line 1320, in build_grow_panel
    table.add_row(name, type_, prop_date, repot, progress, last_watered, height)
  File "/usr/local/lib/python3.11/dist-packages/rich/table.py", line 465, in add_row
    raise errors.NotRenderableError(
rich.errors.NotRenderableError: unable to render module; a string or other renderable object is required

[2025-09-13 20:52:34] ❌ Exception caught in main loop:
Traceback (most recent call last):
  File "/home/pi/test.py", line 1420, in run_dashboard
    live.update(build_dashboard())
                ^^^^^^^^^^^^^^^^^
  File "/home/pi/test.py", line 1392, in build_dashboard
    grow_layout.add_row(build_grow_panel())  # Full-width, isolated
                        ^^^^^^^^^^^^^^^^^^
  File "/home/pi/test.py", line 1320, in build_grow_panel
    table.add_row(name, type_, prop_date, repot, progress, last_watered, height)
  File "/usr/local/lib/python3.11/dist-packages/rich/table.py", line 465, in add_row
    raise errors.NotRenderableError(
rich.errors.NotRenderableError: unable to render module; a string or other renderable object is required

[2025-09-13 20:52:34] ❌ Exception caught in main loop:
Traceback (most recent call last):
  File "/home/pi/test.py", line 1420, in run_dashboard
    live.update(build_dashboard())
                ^^^^^^^^^^^^^^^^^
  File "/home/pi/test.py", line 1392, in build_dashboard
    grow_layout.add_row(build_grow_panel())  # Full-width, isolated
                        ^^^^^^^^^^^^^^^^^^
  File "/home/pi/test.py", line 1320, in build_grow_panel
    table.add_row(name, type_, prop_date, repot, progress, last_watered, height)
  File "/usr/local/lib/python3.11/dist-packages/rich/table.py", line 465, in add_row
    raise errors.NotRenderableError(
rich.errors.NotRenderableError: unable to render module; a string or other renderable object is required

[2025-09-13 20:52:34] ❌ Exception caught in main loop:
Traceback (most recent call last):
  File "/home/pi/test.py", line 1420, in run_dashboard
    live.update(build_dashboard())
                ^^^^^^^^^^^^^^^^^
  File "/home/pi/test.py", line 1392, in build_dashboard
    grow_layout.add_row(build_grow_panel())  # Full-width, isolated
                        ^^^^^^^^^^^^^^^^^^
  File "/home/pi/test.py", line 1320, in build_grow_panel
    table.add_row(name, type_, prop_date, repot, progress, last_watered, height)
  File "/usr/local/lib/python3.11/dist-packages/rich/table.py", line 465, in add_row
    raise errors.NotRenderableError(
rich.errors.NotRenderableError: unable to render module; a string or other renderable object is required

[2025-09-13 20:52:34] ❌ Exception caught in main loop:
Traceback (most recent call last):
  File "/home/pi/test.py", line 1420, in run_dashboard
    live.update(build_dashboard())
                ^^^^^^^^^^^^^^^^^
  File "/home/pi/test.py", line 1392, in build_dashboard
    grow_layout.add_row(build_grow_panel())  # Full-width, isolated
                        ^^^^^^^^^^^^^^^^^^
  File "/home/pi/test.py", line 1320, in build_grow_panel
    table.add_row(name, type_, prop_date, repot, progress, last_watered, height)
  File "/usr/local/lib/python3.11/dist-packages/rich/table.py", line 465, in add_row
    raise errors.NotRenderableError(
rich.errors.NotRenderableError: unable to render module; a string or other renderable object is required

[2025-09-13 20:52:35] ❌ Exception caught in main loop:
Traceback (most recent call last):
  File "/home/pi/test.py", line 1420, in run_dashboard
    live.update(build_dashboard())
                ^^^^^^^^^^^^^^^^^
  File "/home/pi/test.py", line 1392, in build_dashboard
    grow_layout.add_row(build_grow_panel())  # Full-width, isolated
                        ^^^^^^^^^^^^^^^^^^
  File "/home/pi/test.py", line 1320, in build_grow_panel
    table.add_row(name, type_, prop_date, repot, progress, last_watered, height)
  File "/usr/local/lib/python3.11/dist-packages/rich/table.py", line 465, in add_row
    raise errors.NotRenderableError(
rich.errors.NotRenderableError: unable to render module; a string or other renderable object is required

[2025-09-13 20:52:35] ❌ Exception caught in main loop:
Traceback (most recent call last):
  File "/home/pi/test.py", line 1420, in run_dashboard
    live.update(build_dashboard())
                ^^^^^^^^^^^^^^^^^
  File "/home/pi/test.py", line 1392, in build_dashboard
    grow_layout.add_row(build_grow_panel())  # Full-width, isolated
                        ^^^^^^^^^^^^^^^^^^
  File "/home/pi/test.py", line 1320, in build_grow_panel
    table.add_row(name, type_, prop_date, repot, progress, last_watered, height)
  File "/usr/local/lib/python3.11/dist-packages/rich/table.py", line 465, in add_row
    raise errors.NotRenderableError(
rich.errors.NotRenderableError: unable to render module; a string or other renderable object is required

[2025-09-13 20:52:35] ❌ Exception caught in main loop:
Traceback (most recent call last):
  File "/home/pi/test.py", line 1420, in run_dashboard
    live.update(build_dashboard())
                ^^^^^^^^^^^^^^^^^
  File "/home/pi/test.py", line 1392, in build_dashboard
    grow_layout.add_row(build_grow_panel())  # Full-width, isolated
                        ^^^^^^^^^^^^^^^^^^
  File "/home/pi/test.py", line 1320, in build_grow_panel
    table.add_row(name, type_, prop_date, repot, progress, last_watered, height)
  File "/usr/local/lib/python3.11/dist-packages/rich/table.py", line 465, in add_row
    raise errors.NotRenderableError(
rich.errors.NotRenderableError: unable to render module; a string or other renderable object is required

[2025-09-13 20:52:36] ❌ Exception caught in main loop:
Traceback (most recent call last):
  File "/home/pi/test.py", line 1420, in run_dashboard
    live.update(build_dashboard())
                ^^^^^^^^^^^^^^^^^
  File "/home/pi/test.py", line 1392, in build_dashboard
    grow_layout.add_row(build_grow_panel())  # Full-width, isolated
                        ^^^^^^^^^^^^^^^^^^
  File "/home/pi/test.py", line 1320, in build_grow_panel
    table.add_row(name, type_, prop_date, repot, progress, last_watered, height)
  File "/usr/local/lib/python3.11/dist-packages/rich/table.py", line 465, in add_row
    raise errors.NotRenderableError(
rich.errors.NotRenderableError: unable to render module; a string or other renderable object is required

[2025-09-13 20:52:36] ❌ Exception caught in main loop:
Traceback (most recent call last):
  File "/home/pi/test.py", line 1420, in run_dashboard
    live.update(build_dashboard())
                ^^^^^^^^^^^^^^^^^
  File "/home/pi/test.py", line 1392, in build_dashboard
    grow_layout.add_row(build_grow_panel())  # Full-width, isolated
                        ^^^^^^^^^^^^^^^^^^
  File "/home/pi/test.py", line 1320, in build_grow_panel
    table.add_row(name, type_, prop_date, repot, progress, last_watered, height)
  File "/usr/local/lib/python3.11/dist-packages/rich/table.py", line 465, in add_row
    raise errors.NotRenderableError(
rich.errors.NotRenderableError: unable to render module; a string or other renderable object is required

[2025-09-13 20:52:36] ❌ Exception caught in main loop:
Traceback (most recent call last):
  File "/home/pi/test.py", line 1420, in run_dashboard
    live.update(build_dashboard())
                ^^^^^^^^^^^^^^^^^
  File "/home/pi/test.py", line 1392, in build_dashboard
    grow_layout.add_row(build_grow_panel())  # Full-width, isolated
                        ^^^^^^^^^^^^^^^^^^
  File "/home/pi/test.py", line 1320, in build_grow_panel
    table.add_row(name, type_, prop_date, repot, progress, last_watered, height)
  File "/usr/local/lib/python3.11/dist-packages/rich/table.py", line 465, in add_row
    raise errors.NotRenderableError(
rich.errors.NotRenderableError: unable to render module; a string or other renderable object is required

[2025-09-13 20:52:37] ❌ Exception caught in main loop:
Traceback (most recent call last):
  File "/home/pi/test.py", line 1420, in run_dashboard
    live.update(build_dashboard())
                ^^^^^^^^^^^^^^^^^
  File "/home/pi/test.py", line 1392, in build_dashboard
    grow_layout.add_row(build_grow_panel())  # Full-width, isolated
                        ^^^^^^^^^^^^^^^^^^
  File "/home/pi/test.py", line 1320, in build_grow_panel
    table.add_row(name, type_, prop_date, repot, progress, last_watered, height)
  File "/usr/local/lib/python3.11/dist-packages/rich/table.py", line 465, in add_row
    raise errors.NotRenderableError(
rich.errors.NotRenderableError: unable to render module; a string or other renderable object is required

[2025-09-13 20:52:37] ❌ Exception caught in main loop:
Traceback (most recent call last):
  File "/home/pi/test.py", line 1420, in run_dashboard
    live.update(build_dashboard())
                ^^^^^^^^^^^^^^^^^
  File "/home/pi/test.py", line 1392, in build_dashboard
    grow_layout.add_row(build_grow_panel())  # Full-width, isolated
                        ^^^^^^^^^^^^^^^^^^
  File "/home/pi/test.py", line 1320, in build_grow_panel
    table.add_row(name, type_, prop_date, repot, progress, last_watered, height)
  File "/usr/local/lib/python3.11/dist-packages/rich/table.py", line 465, in add_row
    raise errors.NotRenderableError(
rich.errors.NotRenderableError: unable to render module; a string or other renderable object is required

[2025-09-13 20:52:37] ❌ Exception caught in main loop:
Traceback (most recent call last):
  File "/home/pi/test.py", line 1420, in run_dashboard
    live.update(build_dashboard())
                ^^^^^^^^^^^^^^^^^
  File "/home/pi/test.py", line 1392, in build_dashboard
    grow_layout.add_row(build_grow_panel())  # Full-width, isolated
                        ^^^^^^^^^^^^^^^^^^
  File "/home/pi/test.py", line 1320, in build_grow_panel
    table.add_row(name, type_, prop_date, repot, progress, last_watered)
  File "/usr/local/lib/python3.11/dist-packages/rich/table.py", line 465, in add_row
    raise errors.NotRenderableError(
rich.errors.NotRenderableError: unable to render module; a string or other renderable object is required

[2025-09-13 20:52:38] ❌ Exception caught in main loop:
Traceback (most recent call last):
  File "/home/pi/test.py", line 1420, in run_dashboard
    live.update(build_dashboard())
                ^^^^^^^^^^^^^^^^^
  File "/home/pi/test.py", line 1392, in build_dashboard
    grow_layout.add_row(build_grow_panel())  # Full-width, isolated
                        ^^^^^^^^^^^^^^^^^^
  File "/home/pi/test.py", line 1320, in build_grow_panel
    table.add_row(name, type_, prop_date, repot, progress, last_watered)
  File "/usr/local/lib/python3.11/dist-packages/rich/table.py", line 465, in add_row
    raise errors.NotRenderableError(
rich.errors.NotRenderableError: unable to render module; a string or other renderable object is required

[2025-09-13 20:52:38] ❌ Exception caught in main loop:
Traceback (most recent call last):
  File "/home/pi/test.py", line 1420, in run_dashboard
    live.update(build_dashboard())
                ^^^^^^^^^^^^^^^^^
  File "/home/pi/test.py", line 1392, in build_dashboard
    grow_layout.add_row(build_grow_panel())  # Full-width, isolated
                        ^^^^^^^^^^^^^^^^^^
  File "/home/pi/test.py", line 1320, in build_grow_panel
    table.add_row(name, type_, prop_date, repot, progress, last_watered)
  File "/usr/local/lib/python3.11/dist-packages/rich/table.py", line 465, in add_row
    raise errors.NotRenderableError(
rich.errors.NotRenderableError: unable to render module; a string or other renderable object is required

[2025-09-13 20:52:38] ✅ Dashboard healthy. Drift: 0.29s
[2025-09-13 20:52:38] ❌ Exception caught in main loop:
Traceback (most recent call last):
  File "/home/pi/test.py", line 1420, in run_dashboard
    live.update(build_dashboard())
                ^^^^^^^^^^^^^^^^^
  File "/home/pi/test.py", line 1392, in build_dashboard
    grow_layout.add_row(build_grow_panel())  # Full-width, isolated
                        ^^^^^^^^^^^^^^^^^^
  File "/home/pi/test.py", line 1320, in build_grow_panel
    table.add_row(name, type_, prop_date, repot, progress, last_watered)
  File "/usr/local/lib/python3.11/dist-packages/rich/table.py", line 465, in add_row
    raise errors.NotRenderableError(
rich.errors.NotRenderableError: unable to render module; a string or other renderable object is required

[2025-09-13 20:52:39] ❌ Exception caught in main loop:
Traceback (most recent call last):
  File "/home/pi/test.py", line 1420, in run_dashboard
    live.update(build_dashboard())
                ^^^^^^^^^^^^^^^^^
  File "/home/pi/test.py", line 1392, in build_dashboard
    grow_layout.add_row(build_grow_panel())  # Full-width, isolated
                        ^^^^^^^^^^^^^^^^^^
  File "/home/pi/test.py", line 1320, in build_grow_panel
    table.add_row(name, type_, prop_date, repot, progress, last_watered)
  File "/usr/local/lib/python3.11/dist-packages/rich/table.py", line 465, in add_row
    raise errors.NotRenderableError(
rich.errors.NotRenderableError: unable to render module; a string or other renderable object is required

[2025-09-13 20:52:39] ❌ Exception caught in main loop:
Traceback (most recent call last):
  File "/home/pi/test.py", line 1420, in run_dashboard
    live.update(build_dashboard())
                ^^^^^^^^^^^^^^^^^
  File "/home/pi/test.py", line 1392, in build_dashboard
    grow_layout.add_row(build_grow_panel())  # Full-width, isolated
                        ^^^^^^^^^^^^^^^^^^
  File "/home/pi/test.py", line 1320, in build_grow_panel
    table.add_row(name, type_, prop_date, repot, progress, last_watered)
  File "/usr/local/lib/python3.11/dist-packages/rich/table.py", line 465, in add_row
    raise errors.NotRenderableError(
rich.errors.NotRenderableError: unable to render module; a string or other renderable object is required

