[2025-09-13 20:55:22] ❌ Exception caught in main loop:
Traceback (most recent call last):
  File "/home/pi/test.py", line 1421, in run_dashboard
    live.update(build_dashboard())
                ^^^^^^^^^^^^^^^^^
  File "/home/pi/test.py", line 1393, in build_dashboard
    grow_layout.add_row(build_grow_panel())  # Full-width, isolated
                        ^^^^^^^^^^^^^^^^^^
  File "/home/pi/test.py", line 1321, in build_grow_panel
    table.add_row(name, type_, prop_date, repot, progress, last_watered, height_val)
  File "/usr/local/lib/python3.11/dist-packages/rich/table.py", line 465, in add_row
    raise errors.NotRenderableError(
rich.errors.NotRenderableError: unable to render float; a string or other renderable object is required

[2025-09-13 20:55:22] ❌ Exception caught in main loop:
Traceback (most recent call last):
  File "/home/pi/test.py", line 1421, in run_dashboard
    live.update(build_dashboard())
                ^^^^^^^^^^^^^^^^^
  File "/home/pi/test.py", line 1393, in build_dashboard
    grow_layout.add_row(build_grow_panel())  # Full-width, isolated
                        ^^^^^^^^^^^^^^^^^^
  File "/home/pi/test.py", line 1321, in build_grow_panel
    table.add_row(name, type_, prop_date, repot, progress, last_watered, height_val)
  File "/usr/local/lib/python3.11/dist-packages/rich/table.py", line 465, in add_row
    raise errors.NotRenderableError(
rich.errors.NotRenderableError: unable to render float; a string or other renderable object is required

[2025-09-13 20:55:23] ❌ Exception caught in main loop:
Traceback (most recent call last):
  File "/home/pi/test.py", line 1421, in run_dashboard
    live.update(build_dashboard())
                ^^^^^^^^^^^^^^^^^
  File "/home/pi/test.py", line 1393, in build_dashboard
    grow_layout.add_row(build_grow_panel())  # Full-width, isolated
                        ^^^^^^^^^^^^^^^^^^
  File "/home/pi/test.py", line 1321, in build_grow_panel
    table.add_row(name, type_, prop_date, repot, progress, last_watered, height_val)
  File "/usr/local/lib/python3.11/dist-packages/rich/table.py", line 465, in add_row
    raise errors.NotRenderableError(
rich.errors.NotRenderableError: unable to render float; a string or other renderable object is required

[2025-09-13 20:55:23] ❌ Exception caught in main loop:
Traceback (most recent call last):
  File "/home/pi/test.py", line 1421, in run_dashboard
    live.update(build_dashboard())
                ^^^^^^^^^^^^^^^^^
  File "/home/pi/test.py", line 1393, in build_dashboard
    grow_layout.add_row(build_grow_panel())  # Full-width, isolated
                        ^^^^^^^^^^^^^^^^^^
  File "/home/pi/test.py", line 1321, in build_grow_panel
    table.add_row(name, type_, prop_date, repot, progress, last_watered, height_val)
  File "/usr/local/lib/python3.11/dist-packages/rich/table.py", line 465, in add_row
    raise errors.NotRenderableError(
rich.errors.NotRenderableError: unable to render float; a string or other renderable object is required

[2025-09-13 20:55:23] ❌ Exception caught in main loop:
Traceback (most recent call last):
  File "/home/pi/test.py", line 1421, in run_dashboard
    live.update(build_dashboard())
                ^^^^^^^^^^^^^^^^^
  File "/home/pi/test.py", line 1393, in build_dashboard
    grow_layout.add_row(build_grow_panel())  # Full-width, isolated
                        ^^^^^^^^^^^^^^^^^^
  File "/home/pi/test.py", line 1321, in build_grow_panel
    table.add_row(name, type_, prop_date, repot, progress, last_watered, height_val)
  File "/usr/local/lib/python3.11/dist-packages/rich/table.py", line 465, in add_row
    raise errors.NotRenderableError(
rich.errors.NotRenderableError: unable to render float; a string or other renderable object is required

[2025-09-13 20:55:24] ❌ Exception caught in main loop:
Traceback (most recent call last):
  File "/home/pi/test.py", line 1421, in run_dashboard
    live.update(build_dashboard())
                ^^^^^^^^^^^^^^^^^
  File "/home/pi/test.py", line 1393, in build_dashboard
    grow_layout.add_row(build_grow_panel())  # Full-width, isolated
                        ^^^^^^^^^^^^^^^^^^
  File "/home/pi/test.py", line 1321, in build_grow_panel
    table.add_row(name, type_, prop_date, repot, progress, last_watered, height_val)
  File "/usr/local/lib/python3.11/dist-packages/rich/table.py", line 465, in add_row
    raise errors.NotRenderableError(
rich.errors.NotRenderableError: unable to render float; a string or other renderable object is required

[2025-09-13 20:55:24] ❌ Exception caught in main loop:
Traceback (most recent call last):
  File "/home/pi/test.py", line 1421, in run_dashboard
    live.update(build_dashboard())
                ^^^^^^^^^^^^^^^^^
  File "/home/pi/test.py", line 1393, in build_dashboard
    grow_layout.add_row(build_grow_panel())  # Full-width, isolated
                        ^^^^^^^^^^^^^^^^^^
  File "/home/pi/test.py", line 1321, in build_grow_panel
    table.add_row(name, type_, prop_date, repot, progress, last_watered, height_val)
  File "/usr/local/lib/python3.11/dist-packages/rich/table.py", line 465, in add_row
    raise errors.NotRenderableError(
rich.errors.NotRenderableError: unable to render float; a string or other renderable object is required

[2025-09-13 20:55:24] ❌ Exception caught in main loop:
Traceback (most recent call last):
  File "/home/pi/test.py", line 1421, in run_dashboard
    live.update(build_dashboard())
                ^^^^^^^^^^^^^^^^^
  File "/home/pi/test.py", line 1393, in build_dashboard
    grow_layout.add_row(build_grow_panel())  # Full-width, isolated
                        ^^^^^^^^^^^^^^^^^^
  File "/home/pi/test.py", line 1321, in build_grow_panel
    table.add_row(name, type_, prop_date, repot, progress, last_watered, height_val)
  File "/usr/local/lib/python3.11/dist-packages/rich/table.py", line 465, in add_row
    raise errors.NotRenderableError(
rich.errors.NotRenderableError: unable to render float; a string or other renderable object is required

[2025-09-13 20:55:25] ❌ Exception caught in main loop:
Traceback (most recent call last):
  File "/home/pi/test.py", line 1421, in run_dashboard
    live.update(build_dashboard())
                ^^^^^^^^^^^^^^^^^
  File "/home/pi/test.py", line 1393, in build_dashboard
    grow_layout.add_row(build_grow_panel())  # Full-width, isolated
                        ^^^^^^^^^^^^^^^^^^
  File "/home/pi/test.py", line 1321, in build_grow_panel
    table.add_row(name, type_, prop_date, repot, progress, last_watered, height_val)
  File "/usr/local/lib/python3.11/dist-packages/rich/table.py", line 465, in add_row
    raise errors.NotRenderableError(
rich.errors.NotRenderableError: unable to render float; a string or other renderable object is required

[2025-09-13 20:55:25] ❌ Exception caught in main loop:
Traceback (most recent call last):
  File "/home/pi/test.py", line 1421, in run_dashboard
    live.update(build_dashboard())
                ^^^^^^^^^^^^^^^^^
  File "/home/pi/test.py", line 1393, in build_dashboard
    grow_layout.add_row(build_grow_panel())  # Full-width, isolated
                        ^^^^^^^^^^^^^^^^^^
  File "/home/pi/test.py", line 1321, in build_grow_panel
    table.add_row(name, type_, prop_date, repot, progress, last_watered, height_val)
  File "/usr/local/lib/python3.11/dist-packages/rich/table.py", line 465, in add_row
    raise errors.NotRenderableError(
rich.errors.NotRenderableError: unable to render float; a string or other renderable object is required

[2025-09-13 20:55:25] ❌ Exception caught in main loop:
Traceback (most recent call last):
  File "/home/pi/test.py", line 1421, in run_dashboard
    live.update(build_dashboard())
                ^^^^^^^^^^^^^^^^^
  File "/home/pi/test.py", line 1393, in build_dashboard
    grow_layout.add_row(build_grow_panel())  # Full-width, isolated
                        ^^^^^^^^^^^^^^^^^^
  File "/home/pi/test.py", line 1321, in build_grow_panel
    table.add_row(name, type_, prop_date, repot, progress, last_watered, height_val)
  File "/usr/local/lib/python3.11/dist-packages/rich/table.py", line 465, in add_row
    raise errors.NotRenderableError(
rich.errors.NotRenderableError: unable to render float; a string or other renderable object is required

[2025-09-13 20:55:26] ❌ Exception caught in main loop:
Traceback (most recent call last):
  File "/home/pi/test.py", line 1421, in run_dashboard
    live.update(build_dashboard())
                ^^^^^^^^^^^^^^^^^
  File "/home/pi/test.py", line 1393, in build_dashboard
    grow_layout.add_row(build_grow_panel())  # Full-width, isolated
                        ^^^^^^^^^^^^^^^^^^
  File "/home/pi/test.py", line 1321, in build_grow_panel
    table.add_row(name, type_, prop_date, repot, progress, last_watered, height_val)
  File "/usr/local/lib/python3.11/dist-packages/rich/table.py", line 465, in add_row
    raise errors.NotRenderableError(
rich.errors.NotRenderableError: unable to render float; a string or other renderable object is required

[2025-09-13 20:55:26] ❌ Exception caught in main loop:
Traceback (most recent call last):
  File "/home/pi/test.py", line 1421, in run_dashboard
    live.update(build_dashboard())
                ^^^^^^^^^^^^^^^^^
  File "/home/pi/test.py", line 1393, in build_dashboard
    grow_layout.add_row(build_grow_panel())  # Full-width, isolated
                        ^^^^^^^^^^^^^^^^^^
  File "/home/pi/test.py", line 1321, in build_grow_panel
    table.add_row(name, type_, prop_date, repot, progress, last_watered, height_val)
  File "/usr/local/lib/python3.11/dist-packages/rich/table.py", line 465, in add_row
    raise errors.NotRenderableError(
rich.errors.NotRenderableError: unable to render float; a string or other renderable object is required

