[2025-09-13 20:42:04] ❌ Exception caught in main loop:
Traceback (most recent call last):
  File "/home/pi/test.py", line 1413, in run_dashboard
    live.update(build_dashboard())
                ^^^^^^^^^^^^^^^^^
  File "/home/pi/test.py", line 1385, in build_dashboard
    grow_layout.add_row(build_grow_panel())  # Full-width, isolated
                        ^^^^^^^^^^^^^^^^^^
  File "/home/pi/test.py", line 1312, in build_grow_panel
    height = height_bar(height_val)
             ^^^^^^^^^^
NameError: name 'height_bar' is not defined

[2025-09-13 20:42:04] ❌ Exception caught in main loop:
Traceback (most recent call last):
  File "/home/pi/test.py", line 1413, in run_dashboard
    live.update(build_dashboard())
                ^^^^^^^^^^^^^^^^^
  File "/home/pi/test.py", line 1385, in build_dashboard
    grow_layout.add_row(build_grow_panel())  # Full-width, isolated
                        ^^^^^^^^^^^^^^^^^^
  File "/home/pi/test.py", line 1312, in build_grow_panel
    height = height_bar(height_val)
             ^^^^^^^^^^
NameError: name 'height_bar' is not defined

[2025-09-13 20:42:04] ❌ Exception caught in main loop:
Traceback (most recent call last):
  File "/home/pi/test.py", line 1413, in run_dashboard
    live.update(build_dashboard())
                ^^^^^^^^^^^^^^^^^
  File "/home/pi/test.py", line 1385, in build_dashboard
    grow_layout.add_row(build_grow_panel())  # Full-width, isolated
                        ^^^^^^^^^^^^^^^^^^
  File "/home/pi/test.py", line 1312, in build_grow_panel
    height = height_bar(height_val)
             ^^^^^^^^^^
NameError: name 'height_bar' is not defined

[2025-09-13 20:42:05] ❌ Exception caught in main loop:
Traceback (most recent call last):
  File "/home/pi/test.py", line 1413, in run_dashboard
    live.update(build_dashboard())
                ^^^^^^^^^^^^^^^^^
  File "/home/pi/test.py", line 1385, in build_dashboard
    grow_layout.add_row(build_grow_panel())  # Full-width, isolated
                        ^^^^^^^^^^^^^^^^^^
  File "/home/pi/test.py", line 1312, in build_grow_panel
    height = height_bar(height_val)
             ^^^^^^^^^^
NameError: name 'height_bar' is not defined

[2025-09-13 20:42:05] ❌ Exception caught in main loop:
Traceback (most recent call last):
  File "/home/pi/test.py", line 1413, in run_dashboard
    live.update(build_dashboard())
                ^^^^^^^^^^^^^^^^^
  File "/home/pi/test.py", line 1385, in build_dashboard
    grow_layout.add_row(build_grow_panel())  # Full-width, isolated
                        ^^^^^^^^^^^^^^^^^^
  File "/home/pi/test.py", line 1312, in build_grow_panel
    height = height_bar(height_val)
             ^^^^^^^^^^
NameError: name 'height_bar' is not defined

[2025-09-13 20:42:05] ❌ Exception caught in main loop:
Traceback (most recent call last):
  File "/home/pi/test.py", line 1413, in run_dashboard
    live.update(build_dashboard())
                ^^^^^^^^^^^^^^^^^
  File "/home/pi/test.py", line 1385, in build_dashboard
    grow_layout.add_row(build_grow_panel())  # Full-width, isolated
                        ^^^^^^^^^^^^^^^^^^
  File "/home/pi/test.py", line 1312, in build_grow_panel
    height = height_bar(height_val)
             ^^^^^^^^^^
NameError: name 'height_bar' is not defined

[2025-09-13 20:42:06] ❌ Exception caught in main loop:
Traceback (most recent call last):
  File "/home/pi/test.py", line 1413, in run_dashboard
    live.update(build_dashboard())
                ^^^^^^^^^^^^^^^^^
  File "/home/pi/test.py", line 1385, in build_dashboard
    grow_layout.add_row(build_grow_panel())  # Full-width, isolated
                        ^^^^^^^^^^^^^^^^^^
  File "/home/pi/test.py", line 1312, in build_grow_panel
    height = height_bar(height_val)
             ^^^^^^^^^^
NameError: name 'height_bar' is not defined

[2025-09-13 20:42:06] ❌ Exception caught in main loop:
Traceback (most recent call last):
  File "/home/pi/test.py", line 1413, in run_dashboard
    live.update(build_dashboard())
                ^^^^^^^^^^^^^^^^^
  File "/home/pi/test.py", line 1385, in build_dashboard
    grow_layout.add_row(build_grow_panel())  # Full-width, isolated
                        ^^^^^^^^^^^^^^^^^^
  File "/home/pi/test.py", line 1312, in build_grow_panel
    height = height_bar(height_val)
             ^^^^^^^^^^
NameError: name 'height_bar' is not defined

[2025-09-13 20:42:06] ❌ Exception caught in main loop:
Traceback (most recent call last):
  File "/home/pi/test.py", line 1413, in run_dashboard
    live.update(build_dashboard())
                ^^^^^^^^^^^^^^^^^
  File "/home/pi/test.py", line 1385, in build_dashboard
    grow_layout.add_row(build_grow_panel())  # Full-width, isolated
                        ^^^^^^^^^^^^^^^^^^
  File "/home/pi/test.py", line 1312, in build_grow_panel
    height = height_bar(height_val)
             ^^^^^^^^^^
NameError: name 'height_bar' is not defined

[2025-09-13 20:42:07] ❌ Exception caught in main loop:
Traceback (most recent call last):
  File "/home/pi/test.py", line 1413, in run_dashboard
    live.update(build_dashboard())
                ^^^^^^^^^^^^^^^^^
  File "/home/pi/test.py", line 1385, in build_dashboard
    grow_layout.add_row(build_grow_panel())  # Full-width, isolated
                        ^^^^^^^^^^^^^^^^^^
  File "/home/pi/test.py", line 1312, in build_grow_panel
    height = height_bar(height_val)
             ^^^^^^^^^^
NameError: name 'height_bar' is not defined

[2025-09-13 20:42:07] ❌ Exception caught in main loop:
Traceback (most recent call last):
  File "/home/pi/test.py", line 1413, in run_dashboard
    live.update(build_dashboard())
                ^^^^^^^^^^^^^^^^^
  File "/home/pi/test.py", line 1385, in build_dashboard
    grow_layout.add_row(build_grow_panel())  # Full-width, isolated
                        ^^^^^^^^^^^^^^^^^^
  File "/home/pi/test.py", line 1312, in build_grow_panel
    height = height_bar(height_val)
             ^^^^^^^^^^
NameError: name 'height_bar' is not defined

[2025-09-13 20:42:07] ❌ Exception caught in main loop:
Traceback (most recent call last):
  File "/home/pi/test.py", line 1413, in run_dashboard
    live.update(build_dashboard())
                ^^^^^^^^^^^^^^^^^
  File "/home/pi/test.py", line 1385, in build_dashboard
    grow_layout.add_row(build_grow_panel())  # Full-width, isolated
                        ^^^^^^^^^^^^^^^^^^
  File "/home/pi/test.py", line 1312, in build_grow_panel
    height = height_bar(height_val)
             ^^^^^^^^^^
NameError: name 'height_bar' is not defined

[2025-09-13 20:42:08] ❌ Exception caught in main loop:
Traceback (most recent call last):
  File "/home/pi/test.py", line 1413, in run_dashboard
    live.update(build_dashboard())
                ^^^^^^^^^^^^^^^^^
  File "/home/pi/test.py", line 1385, in build_dashboard
    grow_layout.add_row(build_grow_panel())  # Full-width, isolated
                        ^^^^^^^^^^^^^^^^^^
  File "/home/pi/test.py", line 1312, in build_grow_panel
    height = height_bar(height_val)
             ^^^^^^^^^^
NameError: name 'height_bar' is not defined

[2025-09-13 20:42:08] ❌ Exception caught in main loop:
Traceback (most recent call last):
  File "/home/pi/test.py", line 1413, in run_dashboard
    live.update(build_dashboard())
                ^^^^^^^^^^^^^^^^^
  File "/home/pi/test.py", line 1385, in build_dashboard
    grow_layout.add_row(build_grow_panel())  # Full-width, isolated
                        ^^^^^^^^^^^^^^^^^^
  File "/home/pi/test.py", line 1312, in build_grow_panel
    height = height_bar(height_val)
             ^^^^^^^^^^
NameError: name 'height_bar' is not defined

[2025-09-13 20:42:08] ❌ Exception caught in main loop:
Traceback (most recent call last):
  File "/home/pi/test.py", line 1413, in run_dashboard
    live.update(build_dashboard())
                ^^^^^^^^^^^^^^^^^
  File "/home/pi/test.py", line 1385, in build_dashboard
    grow_layout.add_row(build_grow_panel())  # Full-width, isolated
                        ^^^^^^^^^^^^^^^^^^
  File "/home/pi/test.py", line 1312, in build_grow_panel
    height = height_bar(height_val)
             ^^^^^^^^^^
NameError: name 'height_bar' is not defined

[2025-09-13 20:42:09] ❌ Exception caught in main loop:
Traceback (most recent call last):
  File "/home/pi/test.py", line 1413, in run_dashboard
    live.update(build_dashboard())
                ^^^^^^^^^^^^^^^^^
  File "/home/pi/test.py", line 1385, in build_dashboard
    grow_layout.add_row(build_grow_panel())  # Full-width, isolated
                        ^^^^^^^^^^^^^^^^^^
  File "/home/pi/test.py", line 1312, in build_grow_panel
    height = height_bar(height_val)
             ^^^^^^^^^^
NameError: name 'height_bar' is not defined

[2025-09-13 20:42:09] ❌ Exception caught in main loop:
Traceback (most recent call last):
  File "/home/pi/test.py", line 1413, in run_dashboard
    live.update(build_dashboard())
                ^^^^^^^^^^^^^^^^^
  File "/home/pi/test.py", line 1385, in build_dashboard
    grow_layout.add_row(build_grow_panel())  # Full-width, isolated
                        ^^^^^^^^^^^^^^^^^^
  File "/home/pi/test.py", line 1312, in build_grow_panel
    height = height_bar(height_val)
             ^^^^^^^^^^
NameError: name 'height_bar' is not defined

[2025-09-13 20:42:09] ❌ Exception caught in main loop:
Traceback (most recent call last):
  File "/home/pi/test.py", line 1413, in run_dashboard
    live.update(build_dashboard())
                ^^^^^^^^^^^^^^^^^
  File "/home/pi/test.py", line 1385, in build_dashboard
    grow_layout.add_row(build_grow_panel())  # Full-width, isolated
                        ^^^^^^^^^^^^^^^^^^
  File "/home/pi/test.py", line 1312, in build_grow_panel
    height = height_bar(height_val)
             ^^^^^^^^^^
NameError: name 'height_bar' is not defined

[2025-09-13 20:42:10] ❌ Exception caught in main loop:
Traceback (most recent call last):
  File "/home/pi/test.py", line 1413, in run_dashboard
    live.update(build_dashboard())
                ^^^^^^^^^^^^^^^^^
  File "/home/pi/test.py", line 1385, in build_dashboard
    grow_layout.add_row(build_grow_panel())  # Full-width, isolated
                        ^^^^^^^^^^^^^^^^^^
  File "/home/pi/test.py", line 1312, in build_grow_panel
    height = height_bar(height_val)
             ^^^^^^^^^^
NameError: name 'height_bar' is not defined

[2025-09-13 20:42:10] ❌ Exception caught in main loop:
Traceback (most recent call last):
  File "/home/pi/test.py", line 1413, in run_dashboard
    live.update(build_dashboard())
                ^^^^^^^^^^^^^^^^^
  File "/home/pi/test.py", line 1385, in build_dashboard
    grow_layout.add_row(build_grow_panel())  # Full-width, isolated
                        ^^^^^^^^^^^^^^^^^^
  File "/home/pi/test.py", line 1312, in build_grow_panel
    height = height_bar(height_val)
             ^^^^^^^^^^
NameError: name 'height_bar' is not defined

[2025-09-13 20:42:10] ❌ Exception caught in main loop:
Traceback (most recent call last):
  File "/home/pi/test.py", line 1413, in run_dashboard
    live.update(build_dashboard())
                ^^^^^^^^^^^^^^^^^
  File "/home/pi/test.py", line 1385, in build_dashboard
    grow_layout.add_row(build_grow_panel())  # Full-width, isolated
                        ^^^^^^^^^^^^^^^^^^
  File "/home/pi/test.py", line 1312, in build_grow_panel
    height = height_bar(height_val)
             ^^^^^^^^^^
NameError: name 'height_bar' is not defined

[2025-09-13 20:42:11] ❌ Exception caught in main loop:
Traceback (most recent call last):
  File "/home/pi/test.py", line 1413, in run_dashboard
    live.update(build_dashboard())
                ^^^^^^^^^^^^^^^^^
  File "/home/pi/test.py", line 1385, in build_dashboard
    grow_layout.add_row(build_grow_panel())  # Full-width, isolated
                        ^^^^^^^^^^^^^^^^^^
  File "/home/pi/test.py", line 1312, in build_grow_panel
    height = height_bar(height_val)
             ^^^^^^^^^^
NameError: name 'height_bar' is not defined

[2025-09-13 20:42:11] ✅ Dashboard healthy. Drift: 0.30s
[2025-09-13 20:42:11] ❌ Exception caught in main loop:
Traceback (most recent call last):
  File "/home/pi/test.py", line 1413, in run_dashboard
    live.update(build_dashboard())
                ^^^^^^^^^^^^^^^^^
  File "/home/pi/test.py", line 1385, in build_dashboard
    grow_layout.add_row(build_grow_panel())  # Full-width, isolated
                        ^^^^^^^^^^^^^^^^^^
  File "/home/pi/test.py", line 1312, in build_grow_panel
    height = height_bar(height_val)
             ^^^^^^^^^^
NameError: name 'height_bar' is not defined

[2025-09-13 20:42:11] ❌ Exception caught in main loop:
Traceback (most recent call last):
  File "/home/pi/test.py", line 1413, in run_dashboard
    live.update(build_dashboard())
                ^^^^^^^^^^^^^^^^^
  File "/home/pi/test.py", line 1385, in build_dashboard
    grow_layout.add_row(build_grow_panel())  # Full-width, isolated
                        ^^^^^^^^^^^^^^^^^^
  File "/home/pi/test.py", line 1312, in build_grow_panel
    height = height_bar(height_val)
             ^^^^^^^^^^
NameError: name 'height_bar' is not defined

[2025-09-13 20:42:12] ❌ Exception caught in main loop:
Traceback (most recent call last):
  File "/home/pi/test.py", line 1413, in run_dashboard
    live.update(build_dashboard())
                ^^^^^^^^^^^^^^^^^
  File "/home/pi/test.py", line 1385, in build_dashboard
    grow_layout.add_row(build_grow_panel())  # Full-width, isolated
                        ^^^^^^^^^^^^^^^^^^
  File "/home/pi/test.py", line 1312, in build_grow_panel
    height = height_bar(height_val)
             ^^^^^^^^^^
NameError: name 'height_bar' is not defined

[2025-09-13 20:42:12] ❌ Exception caught in main loop:
Traceback (most recent call last):
  File "/home/pi/test.py", line 1413, in run_dashboard
    live.update(build_dashboard())
                ^^^^^^^^^^^^^^^^^
  File "/home/pi/test.py", line 1385, in build_dashboard
    grow_layout.add_row(build_grow_panel())  # Full-width, isolated
                        ^^^^^^^^^^^^^^^^^^
  File "/home/pi/test.py", line 1312, in build_grow_panel
    height = height_bar(height_val)
             ^^^^^^^^^^
NameError: name 'height_bar' is not defined

[2025-09-13 20:42:12] ❌ Exception caught in main loop:
Traceback (most recent call last):
  File "/home/pi/test.py", line 1413, in run_dashboard
    live.update(build_dashboard())
                ^^^^^^^^^^^^^^^^^
  File "/home/pi/test.py", line 1385, in build_dashboard
    grow_layout.add_row(build_grow_panel())  # Full-width, isolated
                        ^^^^^^^^^^^^^^^^^^
  File "/home/pi/test.py", line 1312, in build_grow_panel
    height = height_bar(height_val)
             ^^^^^^^^^^
NameError: name 'height_bar' is not defined

[2025-09-13 20:42:13] ❌ Exception caught in main loop:
Traceback (most recent call last):
  File "/home/pi/test.py", line 1413, in run_dashboard
    live.update(build_dashboard())
                ^^^^^^^^^^^^^^^^^
  File "/home/pi/test.py", line 1385, in build_dashboard
    grow_layout.add_row(build_grow_panel())  # Full-width, isolated
                        ^^^^^^^^^^^^^^^^^^
  File "/home/pi/test.py", line 1312, in build_grow_panel
    height = height_bar(height_val)
             ^^^^^^^^^^
NameError: name 'height_bar' is not defined

[2025-09-13 20:42:13] ❌ Exception caught in main loop:
Traceback (most recent call last):
  File "/home/pi/test.py", line 1413, in run_dashboard
    live.update(build_dashboard())
                ^^^^^^^^^^^^^^^^^
  File "/home/pi/test.py", line 1385, in build_dashboard
    grow_layout.add_row(build_grow_panel())  # Full-width, isolated
                        ^^^^^^^^^^^^^^^^^^
  File "/home/pi/test.py", line 1312, in build_grow_panel
    height = height_bar(height_val)
             ^^^^^^^^^^
NameError: name 'height_bar' is not defined

[2025-09-13 20:42:13] ❌ Exception caught in main loop:
Traceback (most recent call last):
  File "/home/pi/test.py", line 1413, in run_dashboard
    live.update(build_dashboard())
                ^^^^^^^^^^^^^^^^^
  File "/home/pi/test.py", line 1385, in build_dashboard
    grow_layout.add_row(build_grow_panel())  # Full-width, isolated
                        ^^^^^^^^^^^^^^^^^^
  File "/home/pi/test.py", line 1312, in build_grow_panel
    height = height_bar(height_val)
             ^^^^^^^^^^
NameError: name 'height_bar' is not defined

[2025-09-13 20:42:14] ❌ Exception caught in main loop:
Traceback (most recent call last):
  File "/home/pi/test.py", line 1413, in run_dashboard
    live.update(build_dashboard())
                ^^^^^^^^^^^^^^^^^
  File "/home/pi/test.py", line 1385, in build_dashboard
    grow_layout.add_row(build_grow_panel())  # Full-width, isolated
                        ^^^^^^^^^^^^^^^^^^
  File "/home/pi/test.py", line 1312, in build_grow_panel
    height = height_bar(height_val)
             ^^^^^^^^^^
NameError: name 'height_bar' is not defined

[2025-09-13 20:42:14] ❌ Exception caught in main loop:
Traceback (most recent call last):
  File "/home/pi/test.py", line 1413, in run_dashboard
    live.update(build_dashboard())
                ^^^^^^^^^^^^^^^^^
  File "/home/pi/test.py", line 1385, in build_dashboard
    grow_layout.add_row(build_grow_panel())  # Full-width, isolated
                        ^^^^^^^^^^^^^^^^^^
  File "/home/pi/test.py", line 1312, in build_grow_panel
    height = height_bar(height_val)
             ^^^^^^^^^^
NameError: name 'height_bar' is not defined

[2025-09-13 20:42:14] ❌ Exception caught in main loop:
Traceback (most recent call last):
  File "/home/pi/test.py", line 1413, in run_dashboard
    live.update(build_dashboard())
                ^^^^^^^^^^^^^^^^^
  File "/home/pi/test.py", line 1385, in build_dashboard
    grow_layout.add_row(build_grow_panel())  # Full-width, isolated
                        ^^^^^^^^^^^^^^^^^^
  File "/home/pi/test.py", line 1312, in build_grow_panel
    height = height_bar(height_val)
             ^^^^^^^^^^
NameError: name 'height_bar' is not defined

[2025-09-13 20:42:15] ❌ Exception caught in main loop:
Traceback (most recent call last):
  File "/home/pi/test.py", line 1413, in run_dashboard
    live.update(build_dashboard())
                ^^^^^^^^^^^^^^^^^
  File "/home/pi/test.py", line 1385, in build_dashboard
    grow_layout.add_row(build_grow_panel())  # Full-width, isolated
                        ^^^^^^^^^^^^^^^^^^
  File "/home/pi/test.py", line 1312, in build_grow_panel
    height = height_bar(height_val)
             ^^^^^^^^^^
NameError: name 'height_bar' is not defined

[2025-09-13 20:42:15] ❌ Exception caught in main loop:
Traceback (most recent call last):
  File "/home/pi/test.py", line 1413, in run_dashboard
    live.update(build_dashboard())
                ^^^^^^^^^^^^^^^^^
  File "/home/pi/test.py", line 1385, in build_dashboard
    grow_layout.add_row(build_grow_panel())  # Full-width, isolated
                        ^^^^^^^^^^^^^^^^^^
  File "/home/pi/test.py", line 1312, in build_grow_panel
    height = height_bar(height_val)
             ^^^^^^^^^^
NameError: name 'height_bar' is not defined

[2025-09-13 20:42:15] ❌ Exception caught in main loop:
Traceback (most recent call last):
  File "/home/pi/test.py", line 1413, in run_dashboard
    live.update(build_dashboard())
                ^^^^^^^^^^^^^^^^^
  File "/home/pi/test.py", line 1385, in build_dashboard
    grow_layout.add_row(build_grow_panel())  # Full-width, isolated
                        ^^^^^^^^^^^^^^^^^^
  File "/home/pi/test.py", line 1312, in build_grow_panel
    height = height_bar(height_val)
             ^^^^^^^^^^
NameError: name 'height_bar' is not defined

[2025-09-13 20:42:16] ❌ Exception caught in main loop:
Traceback (most recent call last):
  File "/home/pi/test.py", line 1413, in run_dashboard
    live.update(build_dashboard())
                ^^^^^^^^^^^^^^^^^
  File "/home/pi/test.py", line 1385, in build_dashboard
    grow_layout.add_row(build_grow_panel())  # Full-width, isolated
                        ^^^^^^^^^^^^^^^^^^
  File "/home/pi/test.py", line 1312, in build_grow_panel
    height = height_bar(height_val)
             ^^^^^^^^^^
NameError: name 'height_bar' is not defined

[2025-09-13 20:42:16] ❌ Exception caught in main loop:
Traceback (most recent call last):
  File "/home/pi/test.py", line 1413, in run_dashboard
    live.update(build_dashboard())
                ^^^^^^^^^^^^^^^^^
  File "/home/pi/test.py", line 1385, in build_dashboard
    grow_layout.add_row(build_grow_panel())  # Full-width, isolated
                        ^^^^^^^^^^^^^^^^^^
  File "/home/pi/test.py", line 1312, in build_grow_panel
    height = height_bar(height_val)
             ^^^^^^^^^^
NameError: name 'height_bar' is not defined

[2025-09-13 20:42:16] ❌ Exception caught in main loop:
Traceback (most recent call last):
  File "/home/pi/test.py", line 1413, in run_dashboard
    live.update(build_dashboard())
                ^^^^^^^^^^^^^^^^^
  File "/home/pi/test.py", line 1385, in build_dashboard
    grow_layout.add_row(build_grow_panel())  # Full-width, isolated
                        ^^^^^^^^^^^^^^^^^^
  File "/home/pi/test.py", line 1312, in build_grow_panel
    height = height_bar(height_val)
             ^^^^^^^^^^
NameError: name 'height_bar' is not defined

[2025-09-13 20:42:17] ❌ Exception caught in main loop:
Traceback (most recent call last):
  File "/home/pi/test.py", line 1413, in run_dashboard
    live.update(build_dashboard())
                ^^^^^^^^^^^^^^^^^
  File "/home/pi/test.py", line 1385, in build_dashboard
    grow_layout.add_row(build_grow_panel())  # Full-width, isolated
                        ^^^^^^^^^^^^^^^^^^
  File "/home/pi/test.py", line 1312, in build_grow_panel
    height = height_bar(height_val)
             ^^^^^^^^^^
NameError: name 'height_bar' is not defined

[2025-09-13 20:42:17] ❌ Exception caught in main loop:
Traceback (most recent call last):
  File "/home/pi/test.py", line 1413, in run_dashboard
    live.update(build_dashboard())
                ^^^^^^^^^^^^^^^^^
  File "/home/pi/test.py", line 1385, in build_dashboard
    grow_layout.add_row(build_grow_panel())  # Full-width, isolated
                        ^^^^^^^^^^^^^^^^^^
  File "/home/pi/test.py", line 1312, in build_grow_panel
    height = height_bar(height_val)
             ^^^^^^^^^^
NameError: name 'height_bar' is not defined

[2025-09-13 20:42:17] ❌ Exception caught in main loop:
Traceback (most recent call last):
  File "/home/pi/test.py", line 1413, in run_dashboard
    live.update(build_dashboard())
                ^^^^^^^^^^^^^^^^^
  File "/home/pi/test.py", line 1385, in build_dashboard
    grow_layout.add_row(build_grow_panel())  # Full-width, isolated
                        ^^^^^^^^^^^^^^^^^^
  File "/home/pi/test.py", line 1312, in build_grow_panel
    height = height_bar(height_val)
             ^^^^^^^^^^
NameError: name 'height_bar' is not defined

[2025-09-13 20:42:18] ❌ Exception caught in main loop:
Traceback (most recent call last):
  File "/home/pi/test.py", line 1413, in run_dashboard
    live.update(build_dashboard())
                ^^^^^^^^^^^^^^^^^
  File "/home/pi/test.py", line 1385, in build_dashboard
    grow_layout.add_row(build_grow_panel())  # Full-width, isolated
                        ^^^^^^^^^^^^^^^^^^
  File "/home/pi/test.py", line 1312, in build_grow_panel
    height = height_bar(height_val)
             ^^^^^^^^^^
NameError: name 'height_bar' is not defined

[2025-09-13 20:42:18] ❌ Exception caught in main loop:
Traceback (most recent call last):
  File "/home/pi/test.py", line 1413, in run_dashboard
    live.update(build_dashboard())
                ^^^^^^^^^^^^^^^^^
  File "/home/pi/test.py", line 1385, in build_dashboard
    grow_layout.add_row(build_grow_panel())  # Full-width, isolated
                        ^^^^^^^^^^^^^^^^^^
  File "/home/pi/test.py", line 1312, in build_grow_panel
    height = height_bar(height_val)
             ^^^^^^^^^^
NameError: name 'height_bar' is not defined

[2025-09-13 20:42:18] ❌ Exception caught in main loop:
Traceback (most recent call last):
  File "/home/pi/test.py", line 1413, in run_dashboard
    live.update(build_dashboard())
                ^^^^^^^^^^^^^^^^^
  File "/home/pi/test.py", line 1385, in build_dashboard
    grow_layout.add_row(build_grow_panel())  # Full-width, isolated
                        ^^^^^^^^^^^^^^^^^^
  File "/home/pi/test.py", line 1312, in build_grow_panel
    height = height_bar(height_val)
             ^^^^^^^^^^
NameError: name 'height_bar' is not defined

[2025-09-13 20:42:19] ❌ Exception caught in main loop:
Traceback (most recent call last):
  File "/home/pi/test.py", line 1413, in run_dashboard
    live.update(build_dashboard())
                ^^^^^^^^^^^^^^^^^
  File "/home/pi/test.py", line 1385, in build_dashboard
    grow_layout.add_row(build_grow_panel())  # Full-width, isolated
                        ^^^^^^^^^^^^^^^^^^
  File "/home/pi/test.py", line 1312, in build_grow_panel
    height = height_bar(height_val)
             ^^^^^^^^^^
NameError: name 'height_bar' is not defined

[2025-09-13 20:42:19] ❌ Exception caught in main loop:
Traceback (most recent call last):
  File "/home/pi/test.py", line 1413, in run_dashboard
    live.update(build_dashboard())
                ^^^^^^^^^^^^^^^^^
  File "/home/pi/test.py", line 1385, in build_dashboard
    grow_layout.add_row(build_grow_panel())  # Full-width, isolated
                        ^^^^^^^^^^^^^^^^^^
  File "/home/pi/test.py", line 1312, in build_grow_panel
    height = height_bar(height_val)
             ^^^^^^^^^^
NameError: name 'height_bar' is not defined

[2025-09-13 20:42:19] ❌ Exception caught in main loop:
Traceback (most recent call last):
  File "/home/pi/test.py", line 1413, in run_dashboard
    live.update(build_dashboard())
                ^^^^^^^^^^^^^^^^^
  File "/home/pi/test.py", line 1385, in build_dashboard
    grow_layout.add_row(build_grow_panel())  # Full-width, isolated
                        ^^^^^^^^^^^^^^^^^^
  File "/home/pi/test.py", line 1312, in build_grow_panel
    height = height_bar(height_val)
             ^^^^^^^^^^
NameError: name 'height_bar' is not defined

[2025-09-13 20:42:20] ❌ Exception caught in main loop:
Traceback (most recent call last):
  File "/home/pi/test.py", line 1413, in run_dashboard
    live.update(build_dashboard())
                ^^^^^^^^^^^^^^^^^
  File "/home/pi/test.py", line 1385, in build_dashboard
    grow_layout.add_row(build_grow_panel())  # Full-width, isolated
                        ^^^^^^^^^^^^^^^^^^
  File "/home/pi/test.py", line 1312, in build_grow_panel
    height = height_bar(height_val)
             ^^^^^^^^^^
NameError: name 'height_bar' is not defined

[2025-09-13 20:42:20] ❌ Exception caught in main loop:
Traceback (most recent call last):
  File "/home/pi/test.py", line 1413, in run_dashboard
    live.update(build_dashboard())
                ^^^^^^^^^^^^^^^^^
  File "/home/pi/test.py", line 1385, in build_dashboard
    grow_layout.add_row(build_grow_panel())  # Full-width, isolated
                        ^^^^^^^^^^^^^^^^^^
  File "/home/pi/test.py", line 1312, in build_grow_panel
    height = height_bar(height_val)
             ^^^^^^^^^^
NameError: name 'height_bar' is not defined

[2025-09-13 20:42:20] ❌ Exception caught in main loop:
Traceback (most recent call last):
  File "/home/pi/test.py", line 1413, in run_dashboard
    live.update(build_dashboard())
                ^^^^^^^^^^^^^^^^^
  File "/home/pi/test.py", line 1385, in build_dashboard
    grow_layout.add_row(build_grow_panel())  # Full-width, isolated
                        ^^^^^^^^^^^^^^^^^^
  File "/home/pi/test.py", line 1312, in build_grow_panel
    height = height_bar(height_val)
             ^^^^^^^^^^
NameError: name 'height_bar' is not defined

[2025-09-13 20:42:21] ❌ Exception caught in main loop:
Traceback (most recent call last):
  File "/home/pi/test.py", line 1413, in run_dashboard
    live.update(build_dashboard())
                ^^^^^^^^^^^^^^^^^
  File "/home/pi/test.py", line 1385, in build_dashboard
    grow_layout.add_row(build_grow_panel())  # Full-width, isolated
                        ^^^^^^^^^^^^^^^^^^
  File "/home/pi/test.py", line 1312, in build_grow_panel
    height = height_bar(height_val)
             ^^^^^^^^^^
NameError: name 'height_bar' is not defined

[2025-09-13 20:42:21] ✅ Dashboard healthy. Drift: 0.32s
[2025-09-13 20:42:21] ❌ Exception caught in main loop:
Traceback (most recent call last):
  File "/home/pi/test.py", line 1413, in run_dashboard
    live.update(build_dashboard())
                ^^^^^^^^^^^^^^^^^
  File "/home/pi/test.py", line 1385, in build_dashboard
    grow_layout.add_row(build_grow_panel())  # Full-width, isolated
                        ^^^^^^^^^^^^^^^^^^
  File "/home/pi/test.py", line 1312, in build_grow_panel
    height = height_bar(height_val)
             ^^^^^^^^^^
NameError: name 'height_bar' is not defined

[2025-09-13 20:42:21] ❌ Exception caught in main loop:
Traceback (most recent call last):
  File "/home/pi/test.py", line 1413, in run_dashboard
    live.update(build_dashboard())
                ^^^^^^^^^^^^^^^^^
  File "/home/pi/test.py", line 1385, in build_dashboard
    grow_layout.add_row(build_grow_panel())  # Full-width, isolated
                        ^^^^^^^^^^^^^^^^^^
  File "/home/pi/test.py", line 1312, in build_grow_panel
    height = height_bar(height_val)
             ^^^^^^^^^^
NameError: name 'height_bar' is not defined

[2025-09-13 20:42:22] ❌ Exception caught in main loop:
Traceback (most recent call last):
  File "/home/pi/test.py", line 1413, in run_dashboard
    live.update(build_dashboard())
                ^^^^^^^^^^^^^^^^^
  File "/home/pi/test.py", line 1385, in build_dashboard
    grow_layout.add_row(build_grow_panel())  # Full-width, isolated
                        ^^^^^^^^^^^^^^^^^^
  File "/home/pi/test.py", line 1312, in build_grow_panel
    height = height_bar(height_val)
             ^^^^^^^^^^
NameError: name 'height_bar' is not defined

[2025-09-13 20:42:22] ❌ Exception caught in main loop:
Traceback (most recent call last):
  File "/home/pi/test.py", line 1413, in run_dashboard
    live.update(build_dashboard())
                ^^^^^^^^^^^^^^^^^
  File "/home/pi/test.py", line 1385, in build_dashboard
    grow_layout.add_row(build_grow_panel())  # Full-width, isolated
                        ^^^^^^^^^^^^^^^^^^
  File "/home/pi/test.py", line 1312, in build_grow_panel
    height = height_bar(height_val)
             ^^^^^^^^^^
NameError: name 'height_bar' is not defined

[2025-09-13 20:42:22] ❌ Exception caught in main loop:
Traceback (most recent call last):
  File "/home/pi/test.py", line 1413, in run_dashboard
    live.update(build_dashboard())
                ^^^^^^^^^^^^^^^^^
  File "/home/pi/test.py", line 1385, in build_dashboard
    grow_layout.add_row(build_grow_panel())  # Full-width, isolated
                        ^^^^^^^^^^^^^^^^^^
  File "/home/pi/test.py", line 1312, in build_grow_panel
    height = height_bar(height_val)
             ^^^^^^^^^^
NameError: name 'height_bar' is not defined

[2025-09-13 20:42:23] ❌ Exception caught in main loop:
Traceback (most recent call last):
  File "/home/pi/test.py", line 1413, in run_dashboard
    live.update(build_dashboard())
                ^^^^^^^^^^^^^^^^^
  File "/home/pi/test.py", line 1385, in build_dashboard
    grow_layout.add_row(build_grow_panel())  # Full-width, isolated
                        ^^^^^^^^^^^^^^^^^^
  File "/home/pi/test.py", line 1312, in build_grow_panel
    height = height_bar(height_val)
             ^^^^^^^^^^
NameError: name 'height_bar' is not defined

[2025-09-13 20:42:23] ❌ Exception caught in main loop:
Traceback (most recent call last):
  File "/home/pi/test.py", line 1413, in run_dashboard
    live.update(build_dashboard())
                ^^^^^^^^^^^^^^^^^
  File "/home/pi/test.py", line 1385, in build_dashboard
    grow_layout.add_row(build_grow_panel())  # Full-width, isolated
                        ^^^^^^^^^^^^^^^^^^
  File "/home/pi/test.py", line 1312, in build_grow_panel
    height = height_bar(height_val)
             ^^^^^^^^^^
NameError: name 'height_bar' is not defined

[2025-09-13 20:42:23] ❌ Exception caught in main loop:
Traceback (most recent call last):
  File "/home/pi/test.py", line 1413, in run_dashboard
    live.update(build_dashboard())
                ^^^^^^^^^^^^^^^^^
  File "/home/pi/test.py", line 1385, in build_dashboard
    grow_layout.add_row(build_grow_panel())  # Full-width, isolated
                        ^^^^^^^^^^^^^^^^^^
  File "/home/pi/test.py", line 1312, in build_grow_panel
    height = height_bar(height_val)
             ^^^^^^^^^^
NameError: name 'height_bar' is not defined

[2025-09-13 20:42:24] ❌ Exception caught in main loop:
Traceback (most recent call last):
  File "/home/pi/test.py", line 1413, in run_dashboard
    live.update(build_dashboard())
                ^^^^^^^^^^^^^^^^^
  File "/home/pi/test.py", line 1385, in build_dashboard
    grow_layout.add_row(build_grow_panel())  # Full-width, isolated
                        ^^^^^^^^^^^^^^^^^^
  File "/home/pi/test.py", line 1312, in build_grow_panel
    height = height_bar(height_val)
             ^^^^^^^^^^
NameError: name 'height_bar' is not defined

[2025-09-13 20:42:24] ❌ Exception caught in main loop:
Traceback (most recent call last):
  File "/home/pi/test.py", line 1413, in run_dashboard
    live.update(build_dashboard())
                ^^^^^^^^^^^^^^^^^
  File "/home/pi/test.py", line 1385, in build_dashboard
    grow_layout.add_row(build_grow_panel())  # Full-width, isolated
                        ^^^^^^^^^^^^^^^^^^
  File "/home/pi/test.py", line 1312, in build_grow_panel
    height = height_bar(height_val)
             ^^^^^^^^^^
NameError: name 'height_bar' is not defined

[2025-09-13 20:42:24] ❌ Exception caught in main loop:
Traceback (most recent call last):
  File "/home/pi/test.py", line 1413, in run_dashboard
    live.update(build_dashboard())
                ^^^^^^^^^^^^^^^^^
  File "/home/pi/test.py", line 1385, in build_dashboard
    grow_layout.add_row(build_grow_panel())  # Full-width, isolated
                        ^^^^^^^^^^^^^^^^^^
  File "/home/pi/test.py", line 1312, in build_grow_panel
    height = height_bar(height_val)
             ^^^^^^^^^^
NameError: name 'height_bar' is not defined

[2025-09-13 20:42:25] ❌ Exception caught in main loop:
Traceback (most recent call last):
  File "/home/pi/test.py", line 1413, in run_dashboard
    live.update(build_dashboard())
                ^^^^^^^^^^^^^^^^^
  File "/home/pi/test.py", line 1385, in build_dashboard
    grow_layout.add_row(build_grow_panel())  # Full-width, isolated
                        ^^^^^^^^^^^^^^^^^^
  File "/home/pi/test.py", line 1312, in build_grow_panel
    height = height_bar(height_val)
             ^^^^^^^^^^
NameError: name 'height_bar' is not defined

[2025-09-13 20:42:25] ❌ Exception caught in main loop:
Traceback (most recent call last):
  File "/home/pi/test.py", line 1413, in run_dashboard
    live.update(build_dashboard())
                ^^^^^^^^^^^^^^^^^
  File "/home/pi/test.py", line 1385, in build_dashboard
    grow_layout.add_row(build_grow_panel())  # Full-width, isolated
                        ^^^^^^^^^^^^^^^^^^
  File "/home/pi/test.py", line 1312, in build_grow_panel
    height = height_bar(height_val)
             ^^^^^^^^^^
NameError: name 'height_bar' is not defined

[2025-09-13 20:42:25] ❌ Exception caught in main loop:
Traceback (most recent call last):
  File "/home/pi/test.py", line 1413, in run_dashboard
    live.update(build_dashboard())
                ^^^^^^^^^^^^^^^^^
  File "/home/pi/test.py", line 1385, in build_dashboard
    grow_layout.add_row(build_grow_panel())  # Full-width, isolated
                        ^^^^^^^^^^^^^^^^^^
  File "/home/pi/test.py", line 1312, in build_grow_panel
    height = height_bar(height_val)
             ^^^^^^^^^^
NameError: name 'height_bar' is not defined

[2025-09-13 20:42:26] ❌ Exception caught in main loop:
Traceback (most recent call last):
  File "/home/pi/test.py", line 1413, in run_dashboard
    live.update(build_dashboard())
                ^^^^^^^^^^^^^^^^^
  File "/home/pi/test.py", line 1385, in build_dashboard
    grow_layout.add_row(build_grow_panel())  # Full-width, isolated
                        ^^^^^^^^^^^^^^^^^^
  File "/home/pi/test.py", line 1312, in build_grow_panel
    height = height_bar(height_val)
             ^^^^^^^^^^
NameError: name 'height_bar' is not defined

[2025-09-13 20:42:26] ❌ Exception caught in main loop:
Traceback (most recent call last):
  File "/home/pi/test.py", line 1413, in run_dashboard
    live.update(build_dashboard())
                ^^^^^^^^^^^^^^^^^
  File "/home/pi/test.py", line 1385, in build_dashboard
    grow_layout.add_row(build_grow_panel())  # Full-width, isolated
                        ^^^^^^^^^^^^^^^^^^
  File "/home/pi/test.py", line 1312, in build_grow_panel
    height = height_bar(height_val)
             ^^^^^^^^^^
NameError: name 'height_bar' is not defined

[2025-09-13 20:42:26] ❌ Exception caught in main loop:
Traceback (most recent call last):
  File "/home/pi/test.py", line 1413, in run_dashboard
    live.update(build_dashboard())
                ^^^^^^^^^^^^^^^^^
  File "/home/pi/test.py", line 1385, in build_dashboard
    grow_layout.add_row(build_grow_panel())  # Full-width, isolated
                        ^^^^^^^^^^^^^^^^^^
  File "/home/pi/test.py", line 1312, in build_grow_panel
    height = height_bar(height_val)
             ^^^^^^^^^^
NameError: name 'height_bar' is not defined

[2025-09-13 20:42:27] ❌ Exception caught in main loop:
Traceback (most recent call last):
  File "/home/pi/test.py", line 1413, in run_dashboard
    live.update(build_dashboard())
                ^^^^^^^^^^^^^^^^^
  File "/home/pi/test.py", line 1385, in build_dashboard
    grow_layout.add_row(build_grow_panel())  # Full-width, isolated
                        ^^^^^^^^^^^^^^^^^^
  File "/home/pi/test.py", line 1312, in build_grow_panel
    height = height_bar(height_val)
             ^^^^^^^^^^
NameError: name 'height_bar' is not defined

[2025-09-13 20:42:27] ❌ Exception caught in main loop:
Traceback (most recent call last):
  File "/home/pi/test.py", line 1413, in run_dashboard
    live.update(build_dashboard())
                ^^^^^^^^^^^^^^^^^
  File "/home/pi/test.py", line 1385, in build_dashboard
    grow_layout.add_row(build_grow_panel())  # Full-width, isolated
                        ^^^^^^^^^^^^^^^^^^
  File "/home/pi/test.py", line 1312, in build_grow_panel
    height = height_bar(height_val)
             ^^^^^^^^^^
NameError: name 'height_bar' is not defined

[2025-09-13 20:42:27] ❌ Exception caught in main loop:
Traceback (most recent call last):
  File "/home/pi/test.py", line 1413, in run_dashboard
    live.update(build_dashboard())
                ^^^^^^^^^^^^^^^^^
  File "/home/pi/test.py", line 1385, in build_dashboard
    grow_layout.add_row(build_grow_panel())  # Full-width, isolated
                        ^^^^^^^^^^^^^^^^^^
  File "/home/pi/test.py", line 1312, in build_grow_panel
    height = height_bar(height_val)
             ^^^^^^^^^^
NameError: name 'height_bar' is not defined

[2025-09-13 20:42:28] ❌ Exception caught in main loop:
Traceback (most recent call last):
  File "/home/pi/test.py", line 1413, in run_dashboard
    live.update(build_dashboard())
                ^^^^^^^^^^^^^^^^^
  File "/home/pi/test.py", line 1385, in build_dashboard
    grow_layout.add_row(build_grow_panel())  # Full-width, isolated
                        ^^^^^^^^^^^^^^^^^^
  File "/home/pi/test.py", line 1312, in build_grow_panel
    height = height_bar(height_val)
             ^^^^^^^^^^
NameError: name 'height_bar' is not defined

[2025-09-13 20:42:28] ❌ Exception caught in main loop:
Traceback (most recent call last):
  File "/home/pi/test.py", line 1413, in run_dashboard
    live.update(build_dashboard())
                ^^^^^^^^^^^^^^^^^
  File "/home/pi/test.py", line 1385, in build_dashboard
    grow_layout.add_row(build_grow_panel())  # Full-width, isolated
                        ^^^^^^^^^^^^^^^^^^
  File "/home/pi/test.py", line 1312, in build_grow_panel
    height = height_bar(height_val)
             ^^^^^^^^^^
NameError: name 'height_bar' is not defined

[2025-09-13 20:42:28] ❌ Exception caught in main loop:
Traceback (most recent call last):
  File "/home/pi/test.py", line 1413, in run_dashboard
    live.update(build_dashboard())
                ^^^^^^^^^^^^^^^^^
  File "/home/pi/test.py", line 1385, in build_dashboard
    grow_layout.add_row(build_grow_panel())  # Full-width, isolated
                        ^^^^^^^^^^^^^^^^^^
  File "/home/pi/test.py", line 1312, in build_grow_panel
    height = height_bar(height_val)
             ^^^^^^^^^^
NameError: name 'height_bar' is not defined

[2025-09-13 20:42:29] ❌ Exception caught in main loop:
Traceback (most recent call last):
  File "/home/pi/test.py", line 1413, in run_dashboard
    live.update(build_dashboard())
                ^^^^^^^^^^^^^^^^^
  File "/home/pi/test.py", line 1385, in build_dashboard
    grow_layout.add_row(build_grow_panel())  # Full-width, isolated
                        ^^^^^^^^^^^^^^^^^^
  File "/home/pi/test.py", line 1312, in build_grow_panel
    height = height_bar(height_val)
             ^^^^^^^^^^
NameError: name 'height_bar' is not defined

[2025-09-13 20:42:29] ❌ Exception caught in main loop:
Traceback (most recent call last):
  File "/home/pi/test.py", line 1413, in run_dashboard
    live.update(build_dashboard())
                ^^^^^^^^^^^^^^^^^
  File "/home/pi/test.py", line 1385, in build_dashboard
    grow_layout.add_row(build_grow_panel())  # Full-width, isolated
                        ^^^^^^^^^^^^^^^^^^
  File "/home/pi/test.py", line 1312, in build_grow_panel
    height = height_bar(height_val)
             ^^^^^^^^^^
NameError: name 'height_bar' is not defined

[2025-09-13 20:42:29] ❌ Exception caught in main loop:
Traceback (most recent call last):
  File "/home/pi/test.py", line 1413, in run_dashboard
    live.update(build_dashboard())
                ^^^^^^^^^^^^^^^^^
  File "/home/pi/test.py", line 1385, in build_dashboard
    grow_layout.add_row(build_grow_panel())  # Full-width, isolated
                        ^^^^^^^^^^^^^^^^^^
  File "/home/pi/test.py", line 1312, in build_grow_panel
    height = height_bar(height_val)
             ^^^^^^^^^^
NameError: name 'height_bar' is not defined

[2025-09-13 20:42:30] ❌ Exception caught in main loop:
Traceback (most recent call last):
  File "/home/pi/test.py", line 1413, in run_dashboard
    live.update(build_dashboard())
                ^^^^^^^^^^^^^^^^^
  File "/home/pi/test.py", line 1385, in build_dashboard
    grow_layout.add_row(build_grow_panel())  # Full-width, isolated
                        ^^^^^^^^^^^^^^^^^^
  File "/home/pi/test.py", line 1312, in build_grow_panel
    height = height_bar(height_val)
             ^^^^^^^^^^
NameError: name 'height_bar' is not defined

