[2025-09-13 20:54:00] ❌ Exception caught in main loop:
Traceback (most recent call last):
  File "/home/pi/test.py", line 1421, in run_dashboard
    live.update(build_dashboard())
                ^^^^^^^^^^^^^^^^^
  File "/home/pi/test.py", line 1393, in build_dashboard
    grow_layout.add_row(build_grow_panel())  # Full-width, isolated
                        ^^^^^^^^^^^^^^^^^^
  File "/home/pi/test.py", line 1320, in build_grow_panel
    height = height_bar(height_val)
             ^^^^^^^^^^
NameError: name 'height_bar' is not defined

[2025-09-13 20:54:01] ❌ Exception caught in main loop:
Traceback (most recent call last):
  File "/home/pi/test.py", line 1421, in run_dashboard
    live.update(build_dashboard())
                ^^^^^^^^^^^^^^^^^
  File "/home/pi/test.py", line 1393, in build_dashboard
    grow_layout.add_row(build_grow_panel())  # Full-width, isolated
                        ^^^^^^^^^^^^^^^^^^
  File "/home/pi/test.py", line 1320, in build_grow_panel
    height = height_bar(height_val)
             ^^^^^^^^^^
NameError: name 'height_bar' is not defined

[2025-09-13 20:54:01] ❌ Exception caught in main loop:
Traceback (most recent call last):
  File "/home/pi/test.py", line 1421, in run_dashboard
    live.update(build_dashboard())
                ^^^^^^^^^^^^^^^^^
  File "/home/pi/test.py", line 1393, in build_dashboard
    grow_layout.add_row(build_grow_panel())  # Full-width, isolated
                        ^^^^^^^^^^^^^^^^^^
  File "/home/pi/test.py", line 1320, in build_grow_panel
    height = height_bar(height_val)
             ^^^^^^^^^^
NameError: name 'height_bar' is not defined

[2025-09-13 20:54:01] ❌ Exception caught in main loop:
Traceback (most recent call last):
  File "/home/pi/test.py", line 1421, in run_dashboard
    live.update(build_dashboard())
                ^^^^^^^^^^^^^^^^^
  File "/home/pi/test.py", line 1393, in build_dashboard
    grow_layout.add_row(build_grow_panel())  # Full-width, isolated
                        ^^^^^^^^^^^^^^^^^^
  File "/home/pi/test.py", line 1320, in build_grow_panel
    height = height_bar(height_val)
             ^^^^^^^^^^
NameError: name 'height_bar' is not defined

[2025-09-13 20:54:02] ❌ Exception caught in main loop:
Traceback (most recent call last):
  File "/home/pi/test.py", line 1421, in run_dashboard
    live.update(build_dashboard())
                ^^^^^^^^^^^^^^^^^
  File "/home/pi/test.py", line 1393, in build_dashboard
    grow_layout.add_row(build_grow_panel())  # Full-width, isolated
                        ^^^^^^^^^^^^^^^^^^
  File "/home/pi/test.py", line 1320, in build_grow_panel
    height = height_bar(height_val)
             ^^^^^^^^^^
NameError: name 'height_bar' is not defined

[2025-09-13 20:54:02] ❌ Exception caught in main loop:
Traceback (most recent call last):
  File "/home/pi/test.py", line 1421, in run_dashboard
    live.update(build_dashboard())
                ^^^^^^^^^^^^^^^^^
  File "/home/pi/test.py", line 1393, in build_dashboard
    grow_layout.add_row(build_grow_panel())  # Full-width, isolated
                        ^^^^^^^^^^^^^^^^^^
  File "/home/pi/test.py", line 1320, in build_grow_panel
    height = height_bar(height_val)
             ^^^^^^^^^^
NameError: name 'height_bar' is not defined

[2025-09-13 20:54:02] ❌ Exception caught in main loop:
Traceback (most recent call last):
  File "/home/pi/test.py", line 1421, in run_dashboard
    live.update(build_dashboard())
                ^^^^^^^^^^^^^^^^^
  File "/home/pi/test.py", line 1393, in build_dashboard
    grow_layout.add_row(build_grow_panel())  # Full-width, isolated
                        ^^^^^^^^^^^^^^^^^^
  File "/home/pi/test.py", line 1320, in build_grow_panel
    height = height_bar(height_val)
             ^^^^^^^^^^
NameError: name 'height_bar' is not defined

[2025-09-13 20:54:03] ❌ Exception caught in main loop:
Traceback (most recent call last):
  File "/home/pi/test.py", line 1421, in run_dashboard
    live.update(build_dashboard())
                ^^^^^^^^^^^^^^^^^
  File "/home/pi/test.py", line 1393, in build_dashboard
    grow_layout.add_row(build_grow_panel())  # Full-width, isolated
                        ^^^^^^^^^^^^^^^^^^
  File "/home/pi/test.py", line 1320, in build_grow_panel
    height = height_bar(height_val)
             ^^^^^^^^^^
NameError: name 'height_bar' is not defined

[2025-09-13 20:54:03] ❌ Exception caught in main loop:
Traceback (most recent call last):
  File "/home/pi/test.py", line 1421, in run_dashboard
    live.update(build_dashboard())
                ^^^^^^^^^^^^^^^^^
  File "/home/pi/test.py", line 1393, in build_dashboard
    grow_layout.add_row(build_grow_panel())  # Full-width, isolated
                        ^^^^^^^^^^^^^^^^^^
  File "/home/pi/test.py", line 1320, in build_grow_panel
    height = height_bar(height_val)
             ^^^^^^^^^^
NameError: name 'height_bar' is not defined

[2025-09-13 20:54:03] ❌ Exception caught in main loop:
Traceback (most recent call last):
  File "/home/pi/test.py", line 1421, in run_dashboard
    live.update(build_dashboard())
                ^^^^^^^^^^^^^^^^^
  File "/home/pi/test.py", line 1393, in build_dashboard
    grow_layout.add_row(build_grow_panel())  # Full-width, isolated
                        ^^^^^^^^^^^^^^^^^^
  File "/home/pi/test.py", line 1320, in build_grow_panel
    height = height_bar(height_val)
             ^^^^^^^^^^
NameError: name 'height_bar' is not defined

[2025-09-13 20:54:04] ❌ Exception caught in main loop:
Traceback (most recent call last):
  File "/home/pi/test.py", line 1421, in run_dashboard
    live.update(build_dashboard())
                ^^^^^^^^^^^^^^^^^
  File "/home/pi/test.py", line 1393, in build_dashboard
    grow_layout.add_row(build_grow_panel())  # Full-width, isolated
                        ^^^^^^^^^^^^^^^^^^
  File "/home/pi/test.py", line 1320, in build_grow_panel
    height = height_bar(height_val)
             ^^^^^^^^^^
NameError: name 'height_bar' is not defined

[2025-09-13 20:54:04] ❌ Exception caught in main loop:
Traceback (most recent call last):
  File "/home/pi/test.py", line 1421, in run_dashboard
    live.update(build_dashboard())
                ^^^^^^^^^^^^^^^^^
  File "/home/pi/test.py", line 1393, in build_dashboard
    grow_layout.add_row(build_grow_panel())  # Full-width, isolated
                        ^^^^^^^^^^^^^^^^^^
  File "/home/pi/test.py", line 1320, in build_grow_panel
    height = height_bar(height_val)
             ^^^^^^^^^^
NameError: name 'height_bar' is not defined

[2025-09-13 20:54:04] ❌ Exception caught in main loop:
Traceback (most recent call last):
  File "/home/pi/test.py", line 1421, in run_dashboard
    live.update(build_dashboard())
                ^^^^^^^^^^^^^^^^^
  File "/home/pi/test.py", line 1393, in build_dashboard
    grow_layout.add_row(build_grow_panel())  # Full-width, isolated
                        ^^^^^^^^^^^^^^^^^^
  File "/home/pi/test.py", line 1320, in build_grow_panel
    height = height_bar(height_val)
             ^^^^^^^^^^
NameError: name 'height_bar' is not defined

[2025-09-13 20:54:04] ❌ Exception caught in main loop:
Traceback (most recent call last):
  File "/home/pi/test.py", line 1421, in run_dashboard
    live.update(build_dashboard())
                ^^^^^^^^^^^^^^^^^
  File "/home/pi/test.py", line 1393, in build_dashboard
    grow_layout.add_row(build_grow_panel())  # Full-width, isolated
                        ^^^^^^^^^^^^^^^^^^
  File "/home/pi/test.py", line 1320, in build_grow_panel
    height = height_bar(height_val)
             ^^^^^^^^^^
NameError: name 'height_bar' is not defined

[2025-09-13 20:54:05] ❌ Exception caught in main loop:
Traceback (most recent call last):
  File "/home/pi/test.py", line 1421, in run_dashboard
    live.update(build_dashboard())
                ^^^^^^^^^^^^^^^^^
  File "/home/pi/test.py", line 1393, in build_dashboard
    grow_layout.add_row(build_grow_panel())  # Full-width, isolated
                        ^^^^^^^^^^^^^^^^^^
  File "/home/pi/test.py", line 1320, in build_grow_panel
    height = height_bar(height_val)
             ^^^^^^^^^^
NameError: name 'height_bar' is not defined

[2025-09-13 20:54:05] ❌ Exception caught in main loop:
Traceback (most recent call last):
  File "/home/pi/test.py", line 1421, in run_dashboard
    live.update(build_dashboard())
                ^^^^^^^^^^^^^^^^^
  File "/home/pi/test.py", line 1393, in build_dashboard
    grow_layout.add_row(build_grow_panel())  # Full-width, isolated
                        ^^^^^^^^^^^^^^^^^^
  File "/home/pi/test.py", line 1320, in build_grow_panel
    height = height_bar(height_val)
             ^^^^^^^^^^
NameError: name 'height_bar' is not defined

[2025-09-13 20:54:05] ❌ Exception caught in main loop:
Traceback (most recent call last):
  File "/home/pi/test.py", line 1421, in run_dashboard
    live.update(build_dashboard())
                ^^^^^^^^^^^^^^^^^
  File "/home/pi/test.py", line 1393, in build_dashboard
    grow_layout.add_row(build_grow_panel())  # Full-width, isolated
                        ^^^^^^^^^^^^^^^^^^
  File "/home/pi/test.py", line 1320, in build_grow_panel
    height = height_bar(height_val)
             ^^^^^^^^^^
NameError: name 'height_bar' is not defined

[2025-09-13 20:54:06] ❌ Exception caught in main loop:
Traceback (most recent call last):
  File "/home/pi/test.py", line 1421, in run_dashboard
    live.update(build_dashboard())
                ^^^^^^^^^^^^^^^^^
  File "/home/pi/test.py", line 1393, in build_dashboard
    grow_layout.add_row(build_grow_panel())  # Full-width, isolated
                        ^^^^^^^^^^^^^^^^^^
  File "/home/pi/test.py", line 1320, in build_grow_panel
    height = height_bar(height_val)
             ^^^^^^^^^^
NameError: name 'height_bar' is not defined

[2025-09-13 20:54:06] ❌ Exception caught in main loop:
Traceback (most recent call last):
  File "/home/pi/test.py", line 1421, in run_dashboard
    live.update(build_dashboard())
                ^^^^^^^^^^^^^^^^^
  File "/home/pi/test.py", line 1393, in build_dashboard
    grow_layout.add_row(build_grow_panel())  # Full-width, isolated
                        ^^^^^^^^^^^^^^^^^^
  File "/home/pi/test.py", line 1320, in build_grow_panel
    height = height_bar(height_val)
             ^^^^^^^^^^
NameError: name 'height_bar' is not defined

[2025-09-13 20:54:06] ❌ Exception caught in main loop:
Traceback (most recent call last):
  File "/home/pi/test.py", line 1421, in run_dashboard
    live.update(build_dashboard())
                ^^^^^^^^^^^^^^^^^
  File "/home/pi/test.py", line 1393, in build_dashboard
    grow_layout.add_row(build_grow_panel())  # Full-width, isolated
                        ^^^^^^^^^^^^^^^^^^
  File "/home/pi/test.py", line 1320, in build_grow_panel
    height = height_bar(height_val)
             ^^^^^^^^^^
NameError: name 'height_bar' is not defined

[2025-09-13 20:54:07] ❌ Exception caught in main loop:
Traceback (most recent call last):
  File "/home/pi/test.py", line 1421, in run_dashboard
    live.update(build_dashboard())
                ^^^^^^^^^^^^^^^^^
  File "/home/pi/test.py", line 1393, in build_dashboard
    grow_layout.add_row(build_grow_panel())  # Full-width, isolated
                        ^^^^^^^^^^^^^^^^^^
  File "/home/pi/test.py", line 1320, in build_grow_panel
    height = height_bar(height_val)
             ^^^^^^^^^^
NameError: name 'height_bar' is not defined

[2025-09-13 20:54:07] ❌ Exception caught in main loop:
Traceback (most recent call last):
  File "/home/pi/test.py", line 1421, in run_dashboard
    live.update(build_dashboard())
                ^^^^^^^^^^^^^^^^^
  File "/home/pi/test.py", line 1393, in build_dashboard
    grow_layout.add_row(build_grow_panel())  # Full-width, isolated
                        ^^^^^^^^^^^^^^^^^^
  File "/home/pi/test.py", line 1320, in build_grow_panel
    height = height_bar(height_val)
             ^^^^^^^^^^
NameError: name 'height_bar' is not defined

[2025-09-13 20:54:07] ✅ Dashboard healthy. Drift: 0.30s
[2025-09-13 20:54:07] ❌ Exception caught in main loop:
Traceback (most recent call last):
  File "/home/pi/test.py", line 1421, in run_dashboard
    live.update(build_dashboard())
                ^^^^^^^^^^^^^^^^^
  File "/home/pi/test.py", line 1393, in build_dashboard
    grow_layout.add_row(build_grow_panel())  # Full-width, isolated
                        ^^^^^^^^^^^^^^^^^^
  File "/home/pi/test.py", line 1320, in build_grow_panel
    height = height_bar(height_val)
             ^^^^^^^^^^
NameError: name 'height_bar' is not defined

[2025-09-13 20:54:08] ❌ Exception caught in main loop:
Traceback (most recent call last):
  File "/home/pi/test.py", line 1421, in run_dashboard
    live.update(build_dashboard())
                ^^^^^^^^^^^^^^^^^
  File "/home/pi/test.py", line 1393, in build_dashboard
    grow_layout.add_row(build_grow_panel())  # Full-width, isolated
                        ^^^^^^^^^^^^^^^^^^
  File "/home/pi/test.py", line 1320, in build_grow_panel
    height = height_bar(height_val)
             ^^^^^^^^^^
NameError: name 'height_bar' is not defined

[2025-09-13 20:54:08] ❌ Exception caught in main loop:
Traceback (most recent call last):
  File "/home/pi/test.py", line 1421, in run_dashboard
    live.update(build_dashboard())
                ^^^^^^^^^^^^^^^^^
  File "/home/pi/test.py", line 1393, in build_dashboard
    grow_layout.add_row(build_grow_panel())  # Full-width, isolated
                        ^^^^^^^^^^^^^^^^^^
  File "/home/pi/test.py", line 1320, in build_grow_panel
    height = height_bar(height_val)
             ^^^^^^^^^^
NameError: name 'height_bar' is not defined

[2025-09-13 20:54:08] ❌ Exception caught in main loop:
Traceback (most recent call last):
  File "/home/pi/test.py", line 1421, in run_dashboard
    live.update(build_dashboard())
                ^^^^^^^^^^^^^^^^^
  File "/home/pi/test.py", line 1393, in build_dashboard
    grow_layout.add_row(build_grow_panel())  # Full-width, isolated
                        ^^^^^^^^^^^^^^^^^^
  File "/home/pi/test.py", line 1320, in build_grow_panel
    height = height_bar(height_val)
             ^^^^^^^^^^
NameError: name 'height_bar' is not defined

[2025-09-13 20:54:09] ❌ Exception caught in main loop:
Traceback (most recent call last):
  File "/home/pi/test.py", line 1421, in run_dashboard
    live.update(build_dashboard())
                ^^^^^^^^^^^^^^^^^
  File "/home/pi/test.py", line 1393, in build_dashboard
    grow_layout.add_row(build_grow_panel())  # Full-width, isolated
                        ^^^^^^^^^^^^^^^^^^
  File "/home/pi/test.py", line 1320, in build_grow_panel
    height = height_bar(height_val)
             ^^^^^^^^^^
NameError: name 'height_bar' is not defined

[2025-09-13 20:54:09] ❌ Exception caught in main loop:
Traceback (most recent call last):
  File "/home/pi/test.py", line 1421, in run_dashboard
    live.update(build_dashboard())
                ^^^^^^^^^^^^^^^^^
  File "/home/pi/test.py", line 1393, in build_dashboard
    grow_layout.add_row(build_grow_panel())  # Full-width, isolated
                        ^^^^^^^^^^^^^^^^^^
  File "/home/pi/test.py", line 1320, in build_grow_panel
    height = height_bar(height_val)
             ^^^^^^^^^^
NameError: name 'height_bar' is not defined

[2025-09-13 20:54:09] ❌ Exception caught in main loop:
Traceback (most recent call last):
  File "/home/pi/test.py", line 1421, in run_dashboard
    live.update(build_dashboard())
                ^^^^^^^^^^^^^^^^^
  File "/home/pi/test.py", line 1393, in build_dashboard
    grow_layout.add_row(build_grow_panel())  # Full-width, isolated
                        ^^^^^^^^^^^^^^^^^^
  File "/home/pi/test.py", line 1320, in build_grow_panel
    height = height_bar(height_val)
             ^^^^^^^^^^
NameError: name 'height_bar' is not defined

[2025-09-13 20:54:10] ❌ Exception caught in main loop:
Traceback (most recent call last):
  File "/home/pi/test.py", line 1421, in run_dashboard
    live.update(build_dashboard())
                ^^^^^^^^^^^^^^^^^
  File "/home/pi/test.py", line 1393, in build_dashboard
    grow_layout.add_row(build_grow_panel())  # Full-width, isolated
                        ^^^^^^^^^^^^^^^^^^
  File "/home/pi/test.py", line 1320, in build_grow_panel
    height = height_bar(height_val)
             ^^^^^^^^^^
NameError: name 'height_bar' is not defined

[2025-09-13 20:54:10] ❌ Exception caught in main loop:
Traceback (most recent call last):
  File "/home/pi/test.py", line 1421, in run_dashboard
    live.update(build_dashboard())
                ^^^^^^^^^^^^^^^^^
  File "/home/pi/test.py", line 1393, in build_dashboard
    grow_layout.add_row(build_grow_panel())  # Full-width, isolated
                        ^^^^^^^^^^^^^^^^^^
  File "/home/pi/test.py", line 1320, in build_grow_panel
    height = height_bar(height_val)
             ^^^^^^^^^^
NameError: name 'height_bar' is not defined

[2025-09-13 20:54:10] ❌ Exception caught in main loop:
Traceback (most recent call last):
  File "/home/pi/test.py", line 1421, in run_dashboard
    live.update(build_dashboard())
                ^^^^^^^^^^^^^^^^^
  File "/home/pi/test.py", line 1393, in build_dashboard
    grow_layout.add_row(build_grow_panel())  # Full-width, isolated
                        ^^^^^^^^^^^^^^^^^^
  File "/home/pi/test.py", line 1320, in build_grow_panel
    height = height_bar(height_val)
             ^^^^^^^^^^
NameError: name 'height_bar' is not defined

[2025-09-13 20:54:11] ❌ Exception caught in main loop:
Traceback (most recent call last):
  File "/home/pi/test.py", line 1421, in run_dashboard
    live.update(build_dashboard())
                ^^^^^^^^^^^^^^^^^
  File "/home/pi/test.py", line 1393, in build_dashboard
    grow_layout.add_row(build_grow_panel())  # Full-width, isolated
                        ^^^^^^^^^^^^^^^^^^
  File "/home/pi/test.py", line 1320, in build_grow_panel
    height = height_bar(height_val)
             ^^^^^^^^^^
NameError: name 'height_bar' is not defined

[2025-09-13 20:54:11] ❌ Exception caught in main loop:
Traceback (most recent call last):
  File "/home/pi/test.py", line 1421, in run_dashboard
    live.update(build_dashboard())
                ^^^^^^^^^^^^^^^^^
  File "/home/pi/test.py", line 1393, in build_dashboard
    grow_layout.add_row(build_grow_panel())  # Full-width, isolated
                        ^^^^^^^^^^^^^^^^^^
  File "/home/pi/test.py", line 1320, in build_grow_panel
    height = height_bar(height_val)
             ^^^^^^^^^^
NameError: name 'height_bar' is not defined

[2025-09-13 20:54:11] ❌ Exception caught in main loop:
Traceback (most recent call last):
  File "/home/pi/test.py", line 1421, in run_dashboard
    live.update(build_dashboard())
                ^^^^^^^^^^^^^^^^^
  File "/home/pi/test.py", line 1393, in build_dashboard
    grow_layout.add_row(build_grow_panel())  # Full-width, isolated
                        ^^^^^^^^^^^^^^^^^^
  File "/home/pi/test.py", line 1320, in build_grow_panel
    height = height_bar(height_val)
             ^^^^^^^^^^
NameError: name 'height_bar' is not defined

[2025-09-13 20:54:12] ❌ Exception caught in main loop:
Traceback (most recent call last):
  File "/home/pi/test.py", line 1421, in run_dashboard
    live.update(build_dashboard())
                ^^^^^^^^^^^^^^^^^
  File "/home/pi/test.py", line 1393, in build_dashboard
    grow_layout.add_row(build_grow_panel())  # Full-width, isolated
                        ^^^^^^^^^^^^^^^^^^
  File "/home/pi/test.py", line 1320, in build_grow_panel
    height = height_bar(height_val)
             ^^^^^^^^^^
NameError: name 'height_bar' is not defined

[2025-09-13 20:54:12] ❌ Exception caught in main loop:
Traceback (most recent call last):
  File "/home/pi/test.py", line 1421, in run_dashboard
    live.update(build_dashboard())
                ^^^^^^^^^^^^^^^^^
  File "/home/pi/test.py", line 1393, in build_dashboard
    grow_layout.add_row(build_grow_panel())  # Full-width, isolated
                        ^^^^^^^^^^^^^^^^^^
  File "/home/pi/test.py", line 1320, in build_grow_panel
    height = height_bar(height_val)
             ^^^^^^^^^^
NameError: name 'height_bar' is not defined

[2025-09-13 20:54:12] ❌ Exception caught in main loop:
Traceback (most recent call last):
  File "/home/pi/test.py", line 1421, in run_dashboard
    live.update(build_dashboard())
                ^^^^^^^^^^^^^^^^^
  File "/home/pi/test.py", line 1393, in build_dashboard
    grow_layout.add_row(build_grow_panel())  # Full-width, isolated
                        ^^^^^^^^^^^^^^^^^^
  File "/home/pi/test.py", line 1320, in build_grow_panel
    height = height_bar(height_val)
             ^^^^^^^^^^
NameError: name 'height_bar' is not defined

[2025-09-13 20:54:13] ❌ Exception caught in main loop:
Traceback (most recent call last):
  File "/home/pi/test.py", line 1421, in run_dashboard
    live.update(build_dashboard())
                ^^^^^^^^^^^^^^^^^
  File "/home/pi/test.py", line 1393, in build_dashboard
    grow_layout.add_row(build_grow_panel())  # Full-width, isolated
                        ^^^^^^^^^^^^^^^^^^
  File "/home/pi/test.py", line 1320, in build_grow_panel
    height = height_bar(height_val)
             ^^^^^^^^^^
NameError: name 'height_bar' is not defined

[2025-09-13 20:54:13] ❌ Exception caught in main loop:
Traceback (most recent call last):
  File "/home/pi/test.py", line 1421, in run_dashboard
    live.update(build_dashboard())
                ^^^^^^^^^^^^^^^^^
  File "/home/pi/test.py", line 1393, in build_dashboard
    grow_layout.add_row(build_grow_panel())  # Full-width, isolated
                        ^^^^^^^^^^^^^^^^^^
  File "/home/pi/test.py", line 1320, in build_grow_panel
    height = height_bar(height_val)
             ^^^^^^^^^^
NameError: name 'height_bar' is not defined

[2025-09-13 20:54:13] ❌ Exception caught in main loop:
Traceback (most recent call last):
  File "/home/pi/test.py", line 1421, in run_dashboard
    live.update(build_dashboard())
                ^^^^^^^^^^^^^^^^^
  File "/home/pi/test.py", line 1393, in build_dashboard
    grow_layout.add_row(build_grow_panel())  # Full-width, isolated
                        ^^^^^^^^^^^^^^^^^^
  File "/home/pi/test.py", line 1320, in build_grow_panel
    height = height_bar(height_val)
             ^^^^^^^^^^
NameError: name 'height_bar' is not defined

[2025-09-13 20:54:14] ❌ Exception caught in main loop:
Traceback (most recent call last):
  File "/home/pi/test.py", line 1421, in run_dashboard
    live.update(build_dashboard())
                ^^^^^^^^^^^^^^^^^
  File "/home/pi/test.py", line 1393, in build_dashboard
    grow_layout.add_row(build_grow_panel())  # Full-width, isolated
                        ^^^^^^^^^^^^^^^^^^
  File "/home/pi/test.py", line 1320, in build_grow_panel
    height = height_bar(height_val)
             ^^^^^^^^^^
NameError: name 'height_bar' is not defined

[2025-09-13 20:54:14] ❌ Exception caught in main loop:
Traceback (most recent call last):
  File "/home/pi/test.py", line 1421, in run_dashboard
    live.update(build_dashboard())
                ^^^^^^^^^^^^^^^^^
  File "/home/pi/test.py", line 1393, in build_dashboard
    grow_layout.add_row(build_grow_panel())  # Full-width, isolated
                        ^^^^^^^^^^^^^^^^^^
  File "/home/pi/test.py", line 1320, in build_grow_panel
    height = height_bar(height_val)
             ^^^^^^^^^^
NameError: name 'height_bar' is not defined

[2025-09-13 20:54:14] ❌ Exception caught in main loop:
Traceback (most recent call last):
  File "/home/pi/test.py", line 1421, in run_dashboard
    live.update(build_dashboard())
                ^^^^^^^^^^^^^^^^^
  File "/home/pi/test.py", line 1393, in build_dashboard
    grow_layout.add_row(build_grow_panel())  # Full-width, isolated
                        ^^^^^^^^^^^^^^^^^^
  File "/home/pi/test.py", line 1320, in build_grow_panel
    height = height_bar(height_val)
             ^^^^^^^^^^
NameError: name 'height_bar' is not defined

[2025-09-13 20:54:15] ❌ Exception caught in main loop:
Traceback (most recent call last):
  File "/home/pi/test.py", line 1421, in run_dashboard
    live.update(build_dashboard())
                ^^^^^^^^^^^^^^^^^
  File "/home/pi/test.py", line 1393, in build_dashboard
    grow_layout.add_row(build_grow_panel())  # Full-width, isolated
                        ^^^^^^^^^^^^^^^^^^
  File "/home/pi/test.py", line 1320, in build_grow_panel
    height = height_bar(height_val)
             ^^^^^^^^^^
NameError: name 'height_bar' is not defined

[2025-09-13 20:54:15] ❌ Exception caught in main loop:
Traceback (most recent call last):
  File "/home/pi/test.py", line 1421, in run_dashboard
    live.update(build_dashboard())
                ^^^^^^^^^^^^^^^^^
  File "/home/pi/test.py", line 1393, in build_dashboard
    grow_layout.add_row(build_grow_panel())  # Full-width, isolated
                        ^^^^^^^^^^^^^^^^^^
  File "/home/pi/test.py", line 1320, in build_grow_panel
    height = height_bar(height_val)
             ^^^^^^^^^^
NameError: name 'height_bar' is not defined

[2025-09-13 20:54:15] ❌ Exception caught in main loop:
Traceback (most recent call last):
  File "/home/pi/test.py", line 1421, in run_dashboard
    live.update(build_dashboard())
                ^^^^^^^^^^^^^^^^^
  File "/home/pi/test.py", line 1393, in build_dashboard
    grow_layout.add_row(build_grow_panel())  # Full-width, isolated
                        ^^^^^^^^^^^^^^^^^^
  File "/home/pi/test.py", line 1320, in build_grow_panel
    height = height_bar(height_val)
             ^^^^^^^^^^
NameError: name 'height_bar' is not defined

[2025-09-13 20:54:16] ❌ Exception caught in main loop:
Traceback (most recent call last):
  File "/home/pi/test.py", line 1421, in run_dashboard
    live.update(build_dashboard())
                ^^^^^^^^^^^^^^^^^
  File "/home/pi/test.py", line 1393, in build_dashboard
    grow_layout.add_row(build_grow_panel())  # Full-width, isolated
                        ^^^^^^^^^^^^^^^^^^
  File "/home/pi/test.py", line 1320, in build_grow_panel
    height = height_bar(height_val)
             ^^^^^^^^^^
NameError: name 'height_bar' is not defined

[2025-09-13 20:54:16] ❌ Exception caught in main loop:
Traceback (most recent call last):
  File "/home/pi/test.py", line 1421, in run_dashboard
    live.update(build_dashboard())
                ^^^^^^^^^^^^^^^^^
  File "/home/pi/test.py", line 1393, in build_dashboard
    grow_layout.add_row(build_grow_panel())  # Full-width, isolated
                        ^^^^^^^^^^^^^^^^^^
  File "/home/pi/test.py", line 1320, in build_grow_panel
    height = height_bar(height_val)
             ^^^^^^^^^^
NameError: name 'height_bar' is not defined

[2025-09-13 20:54:16] ❌ Exception caught in main loop:
Traceback (most recent call last):
  File "/home/pi/test.py", line 1421, in run_dashboard
    live.update(build_dashboard())
                ^^^^^^^^^^^^^^^^^
  File "/home/pi/test.py", line 1393, in build_dashboard
    grow_layout.add_row(build_grow_panel())  # Full-width, isolated
                        ^^^^^^^^^^^^^^^^^^
  File "/home/pi/test.py", line 1320, in build_grow_panel
    height = height_bar(height_val)
             ^^^^^^^^^^
NameError: name 'height_bar' is not defined

[2025-09-13 20:54:17] ❌ Exception caught in main loop:
Traceback (most recent call last):
  File "/home/pi/test.py", line 1421, in run_dashboard
    live.update(build_dashboard())
                ^^^^^^^^^^^^^^^^^
  File "/home/pi/test.py", line 1393, in build_dashboard
    grow_layout.add_row(build_grow_panel())  # Full-width, isolated
                        ^^^^^^^^^^^^^^^^^^
  File "/home/pi/test.py", line 1320, in build_grow_panel
    height = height_bar(height_val)
             ^^^^^^^^^^
NameError: name 'height_bar' is not defined

[2025-09-13 20:54:17] ❌ Exception caught in main loop:
Traceback (most recent call last):
  File "/home/pi/test.py", line 1421, in run_dashboard
    live.update(build_dashboard())
                ^^^^^^^^^^^^^^^^^
  File "/home/pi/test.py", line 1393, in build_dashboard
    grow_layout.add_row(build_grow_panel())  # Full-width, isolated
                        ^^^^^^^^^^^^^^^^^^
  File "/home/pi/test.py", line 1320, in build_grow_panel
    height = height_bar(height_val)
             ^^^^^^^^^^
NameError: name 'height_bar' is not defined

[2025-09-13 20:54:17] ✅ Dashboard healthy. Drift: 0.30s
[2025-09-13 20:54:17] ❌ Exception caught in main loop:
Traceback (most recent call last):
  File "/home/pi/test.py", line 1421, in run_dashboard
    live.update(build_dashboard())
                ^^^^^^^^^^^^^^^^^
  File "/home/pi/test.py", line 1393, in build_dashboard
    grow_layout.add_row(build_grow_panel())  # Full-width, isolated
                        ^^^^^^^^^^^^^^^^^^
  File "/home/pi/test.py", line 1320, in build_grow_panel
    height = height_bar(height_val)
             ^^^^^^^^^^
NameError: name 'height_bar' is not defined

[2025-09-13 20:54:18] ❌ Exception caught in main loop:
Traceback (most recent call last):
  File "/home/pi/test.py", line 1421, in run_dashboard
    live.update(build_dashboard())
                ^^^^^^^^^^^^^^^^^
  File "/home/pi/test.py", line 1393, in build_dashboard
    grow_layout.add_row(build_grow_panel())  # Full-width, isolated
                        ^^^^^^^^^^^^^^^^^^
  File "/home/pi/test.py", line 1320, in build_grow_panel
    #        height = height_bar(height_val)
                     ^^^^^^^^^^
NameError: name 'height_bar' is not defined

[2025-09-13 20:54:18] ❌ Exception caught in main loop:
Traceback (most recent call last):
  File "/home/pi/test.py", line 1421, in run_dashboard
    live.update(build_dashboard())
                ^^^^^^^^^^^^^^^^^
  File "/home/pi/test.py", line 1393, in build_dashboard
    grow_layout.add_row(build_grow_panel())  # Full-width, isolated
                        ^^^^^^^^^^^^^^^^^^
  File "/home/pi/test.py", line 1320, in build_grow_panel
    #        height = height_bar(height_val)
                     ^^^^^^^^^^
NameError: name 'height_bar' is not defined

[2025-09-13 20:54:18] ❌ Exception caught in main loop:
Traceback (most recent call last):
  File "/home/pi/test.py", line 1421, in run_dashboard
    live.update(build_dashboard())
                ^^^^^^^^^^^^^^^^^
  File "/home/pi/test.py", line 1393, in build_dashboard
    grow_layout.add_row(build_grow_panel())  # Full-width, isolated
                        ^^^^^^^^^^^^^^^^^^
  File "/home/pi/test.py", line 1320, in build_grow_panel
    #        height = height_bar(height_val)
                     ^^^^^^^^^^
NameError: name 'height_bar' is not defined

[2025-09-13 20:54:19] ❌ Exception caught in main loop:
Traceback (most recent call last):
  File "/home/pi/test.py", line 1421, in run_dashboard
    live.update(build_dashboard())
                ^^^^^^^^^^^^^^^^^
  File "/home/pi/test.py", line 1393, in build_dashboard
    grow_layout.add_row(build_grow_panel())  # Full-width, isolated
                        ^^^^^^^^^^^^^^^^^^
  File "/home/pi/test.py", line 1320, in build_grow_panel
    #        height = height_bar(height_val)
                     ^^^^^^^^^^
NameError: name 'height_bar' is not defined

[2025-09-13 20:54:19] ❌ Exception caught in main loop:
Traceback (most recent call last):
  File "/home/pi/test.py", line 1421, in run_dashboard
    live.update(build_dashboard())
                ^^^^^^^^^^^^^^^^^
  File "/home/pi/test.py", line 1393, in build_dashboard
    grow_layout.add_row(build_grow_panel())  # Full-width, isolated
                        ^^^^^^^^^^^^^^^^^^
  File "/home/pi/test.py", line 1320, in build_grow_panel
    #        height = height_bar(height_val)
                     ^^^^^^^^^^
NameError: name 'height_bar' is not defined

