[2025-09-13 20:39:56] ❌ Exception caught in main loop:
Traceback (most recent call last):
  File "/home/pi/test.py", line 1412, in run_dashboard
    live.update(build_dashboard())
                ^^^^^^^^^^^^^^^^^
  File "/home/pi/test.py", line 1384, in build_dashboard
    grow_layout.add_row(build_grow_panel())  # Full-width, isolated
                        ^^^^^^^^^^^^^^^^^^
  File "/home/pi/test.py", line 1312, in build_grow_panel
    table.add_row(name, type_, prop_date, repot, progress, last_watered, height)
  File "/usr/local/lib/python3.11/dist-packages/rich/table.py", line 465, in add_row
    raise errors.NotRenderableError(
rich.errors.NotRenderableError: unable to render module; a string or other renderable object is required

[2025-09-13 20:39:57] ❌ Exception caught in main loop:
Traceback (most recent call last):
  File "/home/pi/test.py", line 1412, in run_dashboard
    live.update(build_dashboard())
                ^^^^^^^^^^^^^^^^^
  File "/home/pi/test.py", line 1384, in build_dashboard
    grow_layout.add_row(build_grow_panel())  # Full-width, isolated
                        ^^^^^^^^^^^^^^^^^^
  File "/home/pi/test.py", line 1312, in build_grow_panel
    table.add_row(name, type_, prop_date, repot, progress, last_watered, height)
  File "/usr/local/lib/python3.11/dist-packages/rich/table.py", line 465, in add_row
    raise errors.NotRenderableError(
rich.errors.NotRenderableError: unable to render module; a string or other renderable object is required

[2025-09-13 20:39:57] ❌ Exception caught in main loop:
Traceback (most recent call last):
  File "/home/pi/test.py", line 1412, in run_dashboard
    live.update(build_dashboard())
                ^^^^^^^^^^^^^^^^^
  File "/home/pi/test.py", line 1384, in build_dashboard
    grow_layout.add_row(build_grow_panel())  # Full-width, isolated
                        ^^^^^^^^^^^^^^^^^^
  File "/home/pi/test.py", line 1312, in build_grow_panel
    table.add_row(name, type_, prop_date, repot, progress, last_watered, height)
  File "/usr/local/lib/python3.11/dist-packages/rich/table.py", line 465, in add_row
    raise errors.NotRenderableError(
rich.errors.NotRenderableError: unable to render module; a string or other renderable object is required

[2025-09-13 20:39:57] ❌ Exception caught in main loop:
Traceback (most recent call last):
  File "/home/pi/test.py", line 1412, in run_dashboard
    live.update(build_dashboard())
                ^^^^^^^^^^^^^^^^^
  File "/home/pi/test.py", line 1384, in build_dashboard
    grow_layout.add_row(build_grow_panel())  # Full-width, isolated
                        ^^^^^^^^^^^^^^^^^^
  File "/home/pi/test.py", line 1312, in build_grow_panel
    table.add_row(name, type_, prop_date, repot, progress, last_watered, height)
  File "/usr/local/lib/python3.11/dist-packages/rich/table.py", line 465, in add_row
    raise errors.NotRenderableError(
rich.errors.NotRenderableError: unable to render module; a string or other renderable object is required

[2025-09-13 20:39:58] ❌ Exception caught in main loop:
Traceback (most recent call last):
  File "/home/pi/test.py", line 1412, in run_dashboard
    live.update(build_dashboard())
                ^^^^^^^^^^^^^^^^^
  File "/home/pi/test.py", line 1384, in build_dashboard
    grow_layout.add_row(build_grow_panel())  # Full-width, isolated
                        ^^^^^^^^^^^^^^^^^^
  File "/home/pi/test.py", line 1312, in build_grow_panel
    table.add_row(name, type_, prop_date, repot, progress, last_watered, height)
  File "/usr/local/lib/python3.11/dist-packages/rich/table.py", line 465, in add_row
    raise errors.NotRenderableError(
rich.errors.NotRenderableError: unable to render module; a string or other renderable object is required

[2025-09-13 20:39:58] ❌ Exception caught in main loop:
Traceback (most recent call last):
  File "/home/pi/test.py", line 1412, in run_dashboard
    live.update(build_dashboard())
                ^^^^^^^^^^^^^^^^^
  File "/home/pi/test.py", line 1384, in build_dashboard
    grow_layout.add_row(build_grow_panel())  # Full-width, isolated
                        ^^^^^^^^^^^^^^^^^^
  File "/home/pi/test.py", line 1312, in build_grow_panel
    table.add_row(name, type_, prop_date, repot, progress, last_watered, height)
  File "/usr/local/lib/python3.11/dist-packages/rich/table.py", line 465, in add_row
    raise errors.NotRenderableError(
rich.errors.NotRenderableError: unable to render module; a string or other renderable object is required

[2025-09-13 20:39:58] ❌ Exception caught in main loop:
Traceback (most recent call last):
  File "/home/pi/test.py", line 1412, in run_dashboard
    live.update(build_dashboard())
                ^^^^^^^^^^^^^^^^^
  File "/home/pi/test.py", line 1384, in build_dashboard
    grow_layout.add_row(build_grow_panel())  # Full-width, isolated
                        ^^^^^^^^^^^^^^^^^^
  File "/home/pi/test.py", line 1312, in build_grow_panel
    table.add_row(name, type_, prop_date, repot, progress, last_watered, height)
  File "/usr/local/lib/python3.11/dist-packages/rich/table.py", line 465, in add_row
    raise errors.NotRenderableError(
rich.errors.NotRenderableError: unable to render module; a string or other renderable object is required

[2025-09-13 20:39:59] ❌ Exception caught in main loop:
Traceback (most recent call last):
  File "/home/pi/test.py", line 1412, in run_dashboard
    live.update(build_dashboard())
                ^^^^^^^^^^^^^^^^^
  File "/home/pi/test.py", line 1384, in build_dashboard
    grow_layout.add_row(build_grow_panel())  # Full-width, isolated
                        ^^^^^^^^^^^^^^^^^^
  File "/home/pi/test.py", line 1312, in build_grow_panel
    table.add_row(name, type_, prop_date, repot, progress, last_watered, height)
  File "/usr/local/lib/python3.11/dist-packages/rich/table.py", line 465, in add_row
    raise errors.NotRenderableError(
rich.errors.NotRenderableError: unable to render module; a string or other renderable object is required

[2025-09-13 20:39:59] ❌ Exception caught in main loop:
Traceback (most recent call last):
  File "/home/pi/test.py", line 1412, in run_dashboard
    live.update(build_dashboard())
                ^^^^^^^^^^^^^^^^^
  File "/home/pi/test.py", line 1384, in build_dashboard
    grow_layout.add_row(build_grow_panel())  # Full-width, isolated
                        ^^^^^^^^^^^^^^^^^^
  File "/home/pi/test.py", line 1312, in build_grow_panel
    table.add_row(name, type_, prop_date, repot, progress, last_watered, height)
  File "/usr/local/lib/python3.11/dist-packages/rich/table.py", line 465, in add_row
    raise errors.NotRenderableError(
rich.errors.NotRenderableError: unable to render module; a string or other renderable object is required

[2025-09-13 20:39:59] ❌ Exception caught in main loop:
Traceback (most recent call last):
  File "/home/pi/test.py", line 1412, in run_dashboard
    live.update(build_dashboard())
                ^^^^^^^^^^^^^^^^^
  File "/home/pi/test.py", line 1384, in build_dashboard
    grow_layout.add_row(build_grow_panel())  # Full-width, isolated
                        ^^^^^^^^^^^^^^^^^^
  File "/home/pi/test.py", line 1312, in build_grow_panel
    table.add_row(name, type_, prop_date, repot, progress, last_watered, height)
  File "/usr/local/lib/python3.11/dist-packages/rich/table.py", line 465, in add_row
    raise errors.NotRenderableError(
rich.errors.NotRenderableError: unable to render module; a string or other renderable object is required

[2025-09-13 20:40:00] ❌ Exception caught in main loop:
Traceback (most recent call last):
  File "/home/pi/test.py", line 1412, in run_dashboard
    live.update(build_dashboard())
                ^^^^^^^^^^^^^^^^^
  File "/home/pi/test.py", line 1384, in build_dashboard
    grow_layout.add_row(build_grow_panel())  # Full-width, isolated
                        ^^^^^^^^^^^^^^^^^^
  File "/home/pi/test.py", line 1312, in build_grow_panel
    table.add_row(name, type_, prop_date, repot, progress, last_watered, height)
  File "/usr/local/lib/python3.11/dist-packages/rich/table.py", line 465, in add_row
    raise errors.NotRenderableError(
rich.errors.NotRenderableError: unable to render module; a string or other renderable object is required

[2025-09-13 20:40:00] ❌ Exception caught in main loop:
Traceback (most recent call last):
  File "/home/pi/test.py", line 1412, in run_dashboard
    live.update(build_dashboard())
                ^^^^^^^^^^^^^^^^^
  File "/home/pi/test.py", line 1384, in build_dashboard
    grow_layout.add_row(build_grow_panel())  # Full-width, isolated
                        ^^^^^^^^^^^^^^^^^^
  File "/home/pi/test.py", line 1312, in build_grow_panel
    table.add_row(name, type_, prop_date, repot, progress, last_watered, height)
  File "/usr/local/lib/python3.11/dist-packages/rich/table.py", line 465, in add_row
    raise errors.NotRenderableError(
rich.errors.NotRenderableError: unable to render module; a string or other renderable object is required

[2025-09-13 20:40:00] ❌ Exception caught in main loop:
Traceback (most recent call last):
  File "/home/pi/test.py", line 1412, in run_dashboard
    live.update(build_dashboard())
                ^^^^^^^^^^^^^^^^^
  File "/home/pi/test.py", line 1384, in build_dashboard
    grow_layout.add_row(build_grow_panel())  # Full-width, isolated
                        ^^^^^^^^^^^^^^^^^^
  File "/home/pi/test.py", line 1312, in build_grow_panel
    table.add_row(name, type_, prop_date, repot, progress, last_watered, height)
  File "/usr/local/lib/python3.11/dist-packages/rich/table.py", line 465, in add_row
    raise errors.NotRenderableError(
rich.errors.NotRenderableError: unable to render module; a string or other renderable object is required

[2025-09-13 20:40:01] ❌ Exception caught in main loop:
Traceback (most recent call last):
  File "/home/pi/test.py", line 1412, in run_dashboard
    live.update(build_dashboard())
                ^^^^^^^^^^^^^^^^^
  File "/home/pi/test.py", line 1384, in build_dashboard
    grow_layout.add_row(build_grow_panel())  # Full-width, isolated
                        ^^^^^^^^^^^^^^^^^^
  File "/home/pi/test.py", line 1312, in build_grow_panel
    table.add_row(name, type_, prop_date, repot, progress, last_watered, height)
  File "/usr/local/lib/python3.11/dist-packages/rich/table.py", line 465, in add_row
    raise errors.NotRenderableError(
rich.errors.NotRenderableError: unable to render module; a string or other renderable object is required

[2025-09-13 20:40:01] ❌ Exception caught in main loop:
Traceback (most recent call last):
  File "/home/pi/test.py", line 1412, in run_dashboard
    live.update(build_dashboard())
                ^^^^^^^^^^^^^^^^^
  File "/home/pi/test.py", line 1384, in build_dashboard
    grow_layout.add_row(build_grow_panel())  # Full-width, isolated
                        ^^^^^^^^^^^^^^^^^^
  File "/home/pi/test.py", line 1312, in build_grow_panel
    table.add_row(name, type_, prop_date, repot, progress, last_watered, height)
  File "/usr/local/lib/python3.11/dist-packages/rich/table.py", line 465, in add_row
    raise errors.NotRenderableError(
rich.errors.NotRenderableError: unable to render module; a string or other renderable object is required

[2025-09-13 20:40:01] ❌ Exception caught in main loop:
Traceback (most recent call last):
  File "/home/pi/test.py", line 1412, in run_dashboard
    live.update(build_dashboard())
                ^^^^^^^^^^^^^^^^^
  File "/home/pi/test.py", line 1384, in build_dashboard
    grow_layout.add_row(build_grow_panel())  # Full-width, isolated
                        ^^^^^^^^^^^^^^^^^^
  File "/home/pi/test.py", line 1312, in build_grow_panel
    table.add_row(name, type_, prop_date, repot, progress, last_watered, height)
  File "/usr/local/lib/python3.11/dist-packages/rich/table.py", line 465, in add_row
    raise errors.NotRenderableError(
rich.errors.NotRenderableError: unable to render module; a string or other renderable object is required

[2025-09-13 20:40:02] ❌ Exception caught in main loop:
Traceback (most recent call last):
  File "/home/pi/test.py", line 1412, in run_dashboard
    live.update(build_dashboard())
                ^^^^^^^^^^^^^^^^^
  File "/home/pi/test.py", line 1384, in build_dashboard
    grow_layout.add_row(build_grow_panel())  # Full-width, isolated
                        ^^^^^^^^^^^^^^^^^^
  File "/home/pi/test.py", line 1312, in build_grow_panel
    table.add_row(name, type_, prop_date, repot, progress, last_watered, height)
  File "/usr/local/lib/python3.11/dist-packages/rich/table.py", line 465, in add_row
    raise errors.NotRenderableError(
rich.errors.NotRenderableError: unable to render module; a string or other renderable object is required

[2025-09-13 20:40:02] ❌ Exception caught in main loop:
Traceback (most recent call last):
  File "/home/pi/test.py", line 1412, in run_dashboard
    live.update(build_dashboard())
                ^^^^^^^^^^^^^^^^^
  File "/home/pi/test.py", line 1384, in build_dashboard
    grow_layout.add_row(build_grow_panel())  # Full-width, isolated
                        ^^^^^^^^^^^^^^^^^^
  File "/home/pi/test.py", line 1312, in build_grow_panel
    table.add_row(name, type_, prop_date, repot, progress, last_watered, height)
  File "/usr/local/lib/python3.11/dist-packages/rich/table.py", line 465, in add_row
    raise errors.NotRenderableError(
rich.errors.NotRenderableError: unable to render module; a string or other renderable object is required

[2025-09-13 20:40:02] ❌ Exception caught in main loop:
Traceback (most recent call last):
  File "/home/pi/test.py", line 1412, in run_dashboard
    live.update(build_dashboard())
                ^^^^^^^^^^^^^^^^^
  File "/home/pi/test.py", line 1384, in build_dashboard
    grow_layout.add_row(build_grow_panel())  # Full-width, isolated
                        ^^^^^^^^^^^^^^^^^^
  File "/home/pi/test.py", line 1312, in build_grow_panel
    table.add_row(name, type_, prop_date, repot, progress, last_watered, height)
  File "/usr/local/lib/python3.11/dist-packages/rich/table.py", line 465, in add_row
    raise errors.NotRenderableError(
rich.errors.NotRenderableError: unable to render module; a string or other renderable object is required

[2025-09-13 20:40:03] ❌ Exception caught in main loop:
Traceback (most recent call last):
  File "/home/pi/test.py", line 1412, in run_dashboard
    live.update(build_dashboard())
                ^^^^^^^^^^^^^^^^^
  File "/home/pi/test.py", line 1384, in build_dashboard
    grow_layout.add_row(build_grow_panel())  # Full-width, isolated
                        ^^^^^^^^^^^^^^^^^^
  File "/home/pi/test.py", line 1312, in build_grow_panel
    table.add_row(name, type_, prop_date, repot, progress, last_watered, height)
  File "/usr/local/lib/python3.11/dist-packages/rich/table.py", line 465, in add_row
    raise errors.NotRenderableError(
rich.errors.NotRenderableError: unable to render module; a string or other renderable object is required

[2025-09-13 20:40:03] ❌ Exception caught in main loop:
Traceback (most recent call last):
  File "/home/pi/test.py", line 1412, in run_dashboard
    live.update(build_dashboard())
                ^^^^^^^^^^^^^^^^^
  File "/home/pi/test.py", line 1384, in build_dashboard
    grow_layout.add_row(build_grow_panel())  # Full-width, isolated
                        ^^^^^^^^^^^^^^^^^^
  File "/home/pi/test.py", line 1312, in build_grow_panel
    table.add_row(name, type_, prop_date, repot, progress, last_watered, height)
  File "/usr/local/lib/python3.11/dist-packages/rich/table.py", line 465, in add_row
    raise errors.NotRenderableError(
rich.errors.NotRenderableError: unable to render module; a string or other renderable object is required

[2025-09-13 20:40:03] ✅ Dashboard healthy. Drift: 0.22s
[2025-09-13 20:40:03] ❌ Exception caught in main loop:
Traceback (most recent call last):
  File "/home/pi/test.py", line 1412, in run_dashboard
    live.update(build_dashboard())
                ^^^^^^^^^^^^^^^^^
  File "/home/pi/test.py", line 1384, in build_dashboard
    grow_layout.add_row(build_grow_panel())  # Full-width, isolated
                        ^^^^^^^^^^^^^^^^^^
  File "/home/pi/test.py", line 1312, in build_grow_panel
    table.add_row(name, type_, prop_date, repot, progress, last_watered, height)
  File "/usr/local/lib/python3.11/dist-packages/rich/table.py", line 465, in add_row
    raise errors.NotRenderableError(
rich.errors.NotRenderableError: unable to render module; a string or other renderable object is required

[2025-09-13 20:40:04] ❌ Exception caught in main loop:
Traceback (most recent call last):
  File "/home/pi/test.py", line 1412, in run_dashboard
    live.update(build_dashboard())
                ^^^^^^^^^^^^^^^^^
  File "/home/pi/test.py", line 1384, in build_dashboard
    grow_layout.add_row(build_grow_panel())  # Full-width, isolated
                        ^^^^^^^^^^^^^^^^^^
  File "/home/pi/test.py", line 1312, in build_grow_panel
    table.add_row(name, type_, prop_date, repot, progress, last_watered, height)
  File "/usr/local/lib/python3.11/dist-packages/rich/table.py", line 465, in add_row
    raise errors.NotRenderableError(
rich.errors.NotRenderableError: unable to render module; a string or other renderable object is required

[2025-09-13 20:40:04] ❌ Exception caught in main loop:
Traceback (most recent call last):
  File "/home/pi/test.py", line 1412, in run_dashboard
    live.update(build_dashboard())
                ^^^^^^^^^^^^^^^^^
  File "/home/pi/test.py", line 1384, in build_dashboard
    grow_layout.add_row(build_grow_panel())  # Full-width, isolated
                        ^^^^^^^^^^^^^^^^^^
  File "/home/pi/test.py", line 1312, in build_grow_panel
    table.add_row(name, type_, prop_date, repot, progress, last_watered, height)
  File "/usr/local/lib/python3.11/dist-packages/rich/table.py", line 465, in add_row
    raise errors.NotRenderableError(
rich.errors.NotRenderableError: unable to render module; a string or other renderable object is required

[2025-09-13 20:40:04] ❌ Exception caught in main loop:
Traceback (most recent call last):
  File "/home/pi/test.py", line 1412, in run_dashboard
    live.update(build_dashboard())
                ^^^^^^^^^^^^^^^^^
  File "/home/pi/test.py", line 1384, in build_dashboard
    grow_layout.add_row(build_grow_panel())  # Full-width, isolated
                        ^^^^^^^^^^^^^^^^^^
  File "/home/pi/test.py", line 1312, in build_grow_panel
    table.add_row(name, type_, prop_date, repot, progress, last_watered, height)
  File "/usr/local/lib/python3.11/dist-packages/rich/table.py", line 465, in add_row
    raise errors.NotRenderableError(
rich.errors.NotRenderableError: unable to render module; a string or other renderable object is required

[2025-09-13 20:40:05] ❌ Exception caught in main loop:
Traceback (most recent call last):
  File "/home/pi/test.py", line 1412, in run_dashboard
    live.update(build_dashboard())
                ^^^^^^^^^^^^^^^^^
  File "/home/pi/test.py", line 1384, in build_dashboard
    grow_layout.add_row(build_grow_panel())  # Full-width, isolated
                        ^^^^^^^^^^^^^^^^^^
  File "/home/pi/test.py", line 1312, in build_grow_panel
    table.add_row(name, type_, prop_date, repot, progress, last_watered, height)
  File "/usr/local/lib/python3.11/dist-packages/rich/table.py", line 465, in add_row
    raise errors.NotRenderableError(
rich.errors.NotRenderableError: unable to render module; a string or other renderable object is required

[2025-09-13 20:40:05] ❌ Exception caught in main loop:
Traceback (most recent call last):
  File "/home/pi/test.py", line 1412, in run_dashboard
    live.update(build_dashboard())
                ^^^^^^^^^^^^^^^^^
  File "/home/pi/test.py", line 1384, in build_dashboard
    grow_layout.add_row(build_grow_panel())  # Full-width, isolated
                        ^^^^^^^^^^^^^^^^^^
  File "/home/pi/test.py", line 1312, in build_grow_panel
    table.add_row(name, type_, prop_date, repot, progress, last_watered, height)
  File "/usr/local/lib/python3.11/dist-packages/rich/table.py", line 465, in add_row
    raise errors.NotRenderableError(
rich.errors.NotRenderableError: unable to render module; a string or other renderable object is required

[2025-09-13 20:40:05] ❌ Exception caught in main loop:
Traceback (most recent call last):
  File "/home/pi/test.py", line 1412, in run_dashboard
    live.update(build_dashboard())
                ^^^^^^^^^^^^^^^^^
  File "/home/pi/test.py", line 1384, in build_dashboard
    grow_layout.add_row(build_grow_panel())  # Full-width, isolated
                        ^^^^^^^^^^^^^^^^^^
  File "/home/pi/test.py", line 1312, in build_grow_panel
    table.add_row(name, type_, prop_date, repot, progress, last_watered, height)
  File "/usr/local/lib/python3.11/dist-packages/rich/table.py", line 465, in add_row
    raise errors.NotRenderableError(
rich.errors.NotRenderableError: unable to render module; a string or other renderable object is required

[2025-09-13 20:40:06] ❌ Exception caught in main loop:
Traceback (most recent call last):
  File "/home/pi/test.py", line 1412, in run_dashboard
    live.update(build_dashboard())
                ^^^^^^^^^^^^^^^^^
  File "/home/pi/test.py", line 1384, in build_dashboard
    grow_layout.add_row(build_grow_panel())  # Full-width, isolated
                        ^^^^^^^^^^^^^^^^^^
  File "/home/pi/test.py", line 1312, in build_grow_panel
    table.add_row(name, type_, prop_date, repot, progress, last_watered, height)
  File "/usr/local/lib/python3.11/dist-packages/rich/table.py", line 465, in add_row
    raise errors.NotRenderableError(
rich.errors.NotRenderableError: unable to render module; a string or other renderable object is required

[2025-09-13 20:40:06] ❌ Exception caught in main loop:
Traceback (most recent call last):
  File "/home/pi/test.py", line 1412, in run_dashboard
    live.update(build_dashboard())
                ^^^^^^^^^^^^^^^^^
  File "/home/pi/test.py", line 1384, in build_dashboard
    grow_layout.add_row(build_grow_panel())  # Full-width, isolated
                        ^^^^^^^^^^^^^^^^^^
  File "/home/pi/test.py", line 1312, in build_grow_panel
    table.add_row(name, type_, prop_date, repot, progress, last_watered, height)
  File "/usr/local/lib/python3.11/dist-packages/rich/table.py", line 465, in add_row
    raise errors.NotRenderableError(
rich.errors.NotRenderableError: unable to render module; a string or other renderable object is required

[2025-09-13 20:40:06] ❌ Exception caught in main loop:
Traceback (most recent call last):
  File "/home/pi/test.py", line 1412, in run_dashboard
    live.update(build_dashboard())
                ^^^^^^^^^^^^^^^^^
  File "/home/pi/test.py", line 1384, in build_dashboard
    grow_layout.add_row(build_grow_panel())  # Full-width, isolated
                        ^^^^^^^^^^^^^^^^^^
  File "/home/pi/test.py", line 1312, in build_grow_panel
    table.add_row(name, type_, prop_date, repot, progress, last_watered, height)
  File "/usr/local/lib/python3.11/dist-packages/rich/table.py", line 465, in add_row
    raise errors.NotRenderableError(
rich.errors.NotRenderableError: unable to render module; a string or other renderable object is required

[2025-09-13 20:40:07] ❌ Exception caught in main loop:
Traceback (most recent call last):
  File "/home/pi/test.py", line 1412, in run_dashboard
    live.update(build_dashboard())
                ^^^^^^^^^^^^^^^^^
  File "/home/pi/test.py", line 1384, in build_dashboard
    grow_layout.add_row(build_grow_panel())  # Full-width, isolated
                        ^^^^^^^^^^^^^^^^^^
  File "/home/pi/test.py", line 1312, in build_grow_panel
    table.add_row(name, type_, prop_date, repot, progress, last_watered, height)
  File "/usr/local/lib/python3.11/dist-packages/rich/table.py", line 465, in add_row
    raise errors.NotRenderableError(
rich.errors.NotRenderableError: unable to render module; a string or other renderable object is required

[2025-09-13 20:40:07] ❌ Exception caught in main loop:
Traceback (most recent call last):
  File "/home/pi/test.py", line 1412, in run_dashboard
    live.update(build_dashboard())
                ^^^^^^^^^^^^^^^^^
  File "/home/pi/test.py", line 1384, in build_dashboard
    grow_layout.add_row(build_grow_panel())  # Full-width, isolated
                        ^^^^^^^^^^^^^^^^^^
  File "/home/pi/test.py", line 1312, in build_grow_panel
    table.add_row(name, type_, prop_date, repot, progress, last_watered, height)
  File "/usr/local/lib/python3.11/dist-packages/rich/table.py", line 465, in add_row
    raise errors.NotRenderableError(
rich.errors.NotRenderableError: unable to render module; a string or other renderable object is required

[2025-09-13 20:40:07] ❌ Exception caught in main loop:
Traceback (most recent call last):
  File "/home/pi/test.py", line 1412, in run_dashboard
    live.update(build_dashboard())
                ^^^^^^^^^^^^^^^^^
  File "/home/pi/test.py", line 1384, in build_dashboard
    grow_layout.add_row(build_grow_panel())  # Full-width, isolated
                        ^^^^^^^^^^^^^^^^^^
  File "/home/pi/test.py", line 1312, in build_grow_panel
    table.add_row(name, type_, prop_date, repot, progress, last_watered, height)
  File "/usr/local/lib/python3.11/dist-packages/rich/table.py", line 465, in add_row
    raise errors.NotRenderableError(
rich.errors.NotRenderableError: unable to render module; a string or other renderable object is required

[2025-09-13 20:40:08] ❌ Exception caught in main loop:
Traceback (most recent call last):
  File "/home/pi/test.py", line 1412, in run_dashboard
    live.update(build_dashboard())
                ^^^^^^^^^^^^^^^^^
  File "/home/pi/test.py", line 1384, in build_dashboard
    grow_layout.add_row(build_grow_panel())  # Full-width, isolated
                        ^^^^^^^^^^^^^^^^^^
  File "/home/pi/test.py", line 1312, in build_grow_panel
    table.add_row(name, type_, prop_date, repot, progress, last_watered, height)
  File "/usr/local/lib/python3.11/dist-packages/rich/table.py", line 465, in add_row
    raise errors.NotRenderableError(
rich.errors.NotRenderableError: unable to render module; a string or other renderable object is required

[2025-09-13 20:40:08] ❌ Exception caught in main loop:
Traceback (most recent call last):
  File "/home/pi/test.py", line 1412, in run_dashboard
    live.update(build_dashboard())
                ^^^^^^^^^^^^^^^^^
  File "/home/pi/test.py", line 1384, in build_dashboard
    grow_layout.add_row(build_grow_panel())  # Full-width, isolated
                        ^^^^^^^^^^^^^^^^^^
  File "/home/pi/test.py", line 1312, in build_grow_panel
    table.add_row(name, type_, prop_date, repot, progress, last_watered, height)
  File "/usr/local/lib/python3.11/dist-packages/rich/table.py", line 465, in add_row
    raise errors.NotRenderableError(
rich.errors.NotRenderableError: unable to render module; a string or other renderable object is required

[2025-09-13 20:40:08] ❌ Exception caught in main loop:
Traceback (most recent call last):
  File "/home/pi/test.py", line 1412, in run_dashboard
    live.update(build_dashboard())
                ^^^^^^^^^^^^^^^^^
  File "/home/pi/test.py", line 1384, in build_dashboard
    grow_layout.add_row(build_grow_panel())  # Full-width, isolated
                        ^^^^^^^^^^^^^^^^^^
  File "/home/pi/test.py", line 1312, in build_grow_panel
    table.add_row(name, type_, prop_date, repot, progress, last_watered, height)
  File "/usr/local/lib/python3.11/dist-packages/rich/table.py", line 465, in add_row
    raise errors.NotRenderableError(
rich.errors.NotRenderableError: unable to render module; a string or other renderable object is required

[2025-09-13 20:40:09] ❌ Exception caught in main loop:
Traceback (most recent call last):
  File "/home/pi/test.py", line 1412, in run_dashboard
    live.update(build_dashboard())
                ^^^^^^^^^^^^^^^^^
  File "/home/pi/test.py", line 1384, in build_dashboard
    grow_layout.add_row(build_grow_panel())  # Full-width, isolated
                        ^^^^^^^^^^^^^^^^^^
  File "/home/pi/test.py", line 1312, in build_grow_panel
    table.add_row(name, type_, prop_date, repot, progress, last_watered, height)
  File "/usr/local/lib/python3.11/dist-packages/rich/table.py", line 465, in add_row
    raise errors.NotRenderableError(
rich.errors.NotRenderableError: unable to render module; a string or other renderable object is required

[2025-09-13 20:40:09] ❌ Exception caught in main loop:
Traceback (most recent call last):
  File "/home/pi/test.py", line 1412, in run_dashboard
    live.update(build_dashboard())
                ^^^^^^^^^^^^^^^^^
  File "/home/pi/test.py", line 1384, in build_dashboard
    grow_layout.add_row(build_grow_panel())  # Full-width, isolated
                        ^^^^^^^^^^^^^^^^^^
  File "/home/pi/test.py", line 1312, in build_grow_panel
    table.add_row(name, type_, prop_date, repot, progress, last_watered, height)
  File "/usr/local/lib/python3.11/dist-packages/rich/table.py", line 465, in add_row
    raise errors.NotRenderableError(
rich.errors.NotRenderableError: unable to render module; a string or other renderable object is required

[2025-09-13 20:40:09] ❌ Exception caught in main loop:
Traceback (most recent call last):
  File "/home/pi/test.py", line 1412, in run_dashboard
    live.update(build_dashboard())
                ^^^^^^^^^^^^^^^^^
  File "/home/pi/test.py", line 1384, in build_dashboard
    grow_layout.add_row(build_grow_panel())  # Full-width, isolated
                        ^^^^^^^^^^^^^^^^^^
  File "/home/pi/test.py", line 1312, in build_grow_panel
    table.add_row(name, type_, prop_date, repot, progress, last_watered, height)
  File "/usr/local/lib/python3.11/dist-packages/rich/table.py", line 465, in add_row
    raise errors.NotRenderableError(
rich.errors.NotRenderableError: unable to render module; a string or other renderable object is required

[2025-09-13 20:40:10] ❌ Exception caught in main loop:
Traceback (most recent call last):
  File "/home/pi/test.py", line 1412, in run_dashboard
    live.update(build_dashboard())
                ^^^^^^^^^^^^^^^^^
  File "/home/pi/test.py", line 1384, in build_dashboard
    grow_layout.add_row(build_grow_panel())  # Full-width, isolated
                        ^^^^^^^^^^^^^^^^^^
  File "/home/pi/test.py", line 1312, in build_grow_panel
    table.add_row(name, type_, prop_date, repot, progress, last_watered, height)
  File "/usr/local/lib/python3.11/dist-packages/rich/table.py", line 465, in add_row
    raise errors.NotRenderableError(
rich.errors.NotRenderableError: unable to render module; a string or other renderable object is required

[2025-09-13 20:40:10] ❌ Exception caught in main loop:
Traceback (most recent call last):
  File "/home/pi/test.py", line 1412, in run_dashboard
    live.update(build_dashboard())
                ^^^^^^^^^^^^^^^^^
  File "/home/pi/test.py", line 1384, in build_dashboard
    grow_layout.add_row(build_grow_panel())  # Full-width, isolated
                        ^^^^^^^^^^^^^^^^^^
  File "/home/pi/test.py", line 1312, in build_grow_panel
    table.add_row(name, type_, prop_date, repot, progress, last_watered, height)
  File "/usr/local/lib/python3.11/dist-packages/rich/table.py", line 465, in add_row
    raise errors.NotRenderableError(
rich.errors.NotRenderableError: unable to render module; a string or other renderable object is required

[2025-09-13 20:40:10] ❌ Exception caught in main loop:
Traceback (most recent call last):
  File "/home/pi/test.py", line 1412, in run_dashboard
    live.update(build_dashboard())
                ^^^^^^^^^^^^^^^^^
  File "/home/pi/test.py", line 1384, in build_dashboard
    grow_layout.add_row(build_grow_panel())  # Full-width, isolated
                        ^^^^^^^^^^^^^^^^^^
  File "/home/pi/test.py", line 1312, in build_grow_panel
    table.add_row(name, type_, prop_date, repot, progress, last_watered, height)
  File "/usr/local/lib/python3.11/dist-packages/rich/table.py", line 465, in add_row
    raise errors.NotRenderableError(
rich.errors.NotRenderableError: unable to render module; a string or other renderable object is required

[2025-09-13 20:40:11] ❌ Exception caught in main loop:
Traceback (most recent call last):
  File "/home/pi/test.py", line 1412, in run_dashboard
    live.update(build_dashboard())
                ^^^^^^^^^^^^^^^^^
  File "/home/pi/test.py", line 1384, in build_dashboard
    grow_layout.add_row(build_grow_panel())  # Full-width, isolated
                        ^^^^^^^^^^^^^^^^^^
  File "/home/pi/test.py", line 1312, in build_grow_panel
    table.add_row(name, type_, prop_date, repot, progress, last_watered, height)
  File "/usr/local/lib/python3.11/dist-packages/rich/table.py", line 465, in add_row
    raise errors.NotRenderableError(
rich.errors.NotRenderableError: unable to render module; a string or other renderable object is required

[2025-09-13 20:40:11] ❌ Exception caught in main loop:
Traceback (most recent call last):
  File "/home/pi/test.py", line 1412, in run_dashboard
    live.update(build_dashboard())
                ^^^^^^^^^^^^^^^^^
  File "/home/pi/test.py", line 1384, in build_dashboard
    grow_layout.add_row(build_grow_panel())  # Full-width, isolated
                        ^^^^^^^^^^^^^^^^^^
  File "/home/pi/test.py", line 1312, in build_grow_panel
    table.add_row(name, type_, prop_date, repot, progress, last_watered, height)
  File "/usr/local/lib/python3.11/dist-packages/rich/table.py", line 465, in add_row
    raise errors.NotRenderableError(
rich.errors.NotRenderableError: unable to render module; a string or other renderable object is required

[2025-09-13 20:40:11] ❌ Exception caught in main loop:
Traceback (most recent call last):
  File "/home/pi/test.py", line 1412, in run_dashboard
    live.update(build_dashboard())
                ^^^^^^^^^^^^^^^^^
  File "/home/pi/test.py", line 1384, in build_dashboard
    grow_layout.add_row(build_grow_panel())  # Full-width, isolated
                        ^^^^^^^^^^^^^^^^^^
  File "/home/pi/test.py", line 1312, in build_grow_panel
    table.add_row(name, type_, prop_date, repot, progress, last_watered, height)
  File "/usr/local/lib/python3.11/dist-packages/rich/table.py", line 465, in add_row
    raise errors.NotRenderableError(
rich.errors.NotRenderableError: unable to render module; a string or other renderable object is required

[2025-09-13 20:40:12] ❌ Exception caught in main loop:
Traceback (most recent call last):
  File "/home/pi/test.py", line 1412, in run_dashboard
    live.update(build_dashboard())
                ^^^^^^^^^^^^^^^^^
  File "/home/pi/test.py", line 1384, in build_dashboard
    grow_layout.add_row(build_grow_panel())  # Full-width, isolated
                        ^^^^^^^^^^^^^^^^^^
  File "/home/pi/test.py", line 1312, in build_grow_panel
    table.add_row(name, type_, prop_date, repot, progress, last_watered, height)
  File "/usr/local/lib/python3.11/dist-packages/rich/table.py", line 465, in add_row
    raise errors.NotRenderableError(
rich.errors.NotRenderableError: unable to render module; a string or other renderable object is required

[2025-09-13 20:40:12] ❌ Exception caught in main loop:
Traceback (most recent call last):
  File "/home/pi/test.py", line 1412, in run_dashboard
    live.update(build_dashboard())
                ^^^^^^^^^^^^^^^^^
  File "/home/pi/test.py", line 1384, in build_dashboard
    grow_layout.add_row(build_grow_panel())  # Full-width, isolated
                        ^^^^^^^^^^^^^^^^^^
  File "/home/pi/test.py", line 1312, in build_grow_panel
    table.add_row(name, type_, prop_date, repot, progress, last_watered, height)
  File "/usr/local/lib/python3.11/dist-packages/rich/table.py", line 465, in add_row
    raise errors.NotRenderableError(
rich.errors.NotRenderableError: unable to render module; a string or other renderable object is required

[2025-09-13 20:40:12] ❌ Exception caught in main loop:
Traceback (most recent call last):
  File "/home/pi/test.py", line 1412, in run_dashboard
    live.update(build_dashboard())
                ^^^^^^^^^^^^^^^^^
  File "/home/pi/test.py", line 1384, in build_dashboard
    grow_layout.add_row(build_grow_panel())  # Full-width, isolated
                        ^^^^^^^^^^^^^^^^^^
  File "/home/pi/test.py", line 1312, in build_grow_panel
    table.add_row(name, type_, prop_date, repot, progress, last_watered, height)
  File "/usr/local/lib/python3.11/dist-packages/rich/table.py", line 465, in add_row
    raise errors.NotRenderableError(
rich.errors.NotRenderableError: unable to render module; a string or other renderable object is required

[2025-09-13 20:40:13] ❌ Exception caught in main loop:
Traceback (most recent call last):
  File "/home/pi/test.py", line 1412, in run_dashboard
    live.update(build_dashboard())
                ^^^^^^^^^^^^^^^^^
  File "/home/pi/test.py", line 1384, in build_dashboard
    grow_layout.add_row(build_grow_panel())  # Full-width, isolated
                        ^^^^^^^^^^^^^^^^^^
  File "/home/pi/test.py", line 1312, in build_grow_panel
    table.add_row(name, type_, prop_date, repot, progress, last_watered, height)
  File "/usr/local/lib/python3.11/dist-packages/rich/table.py", line 465, in add_row
    raise errors.NotRenderableError(
rich.errors.NotRenderableError: unable to render module; a string or other renderable object is required

[2025-09-13 20:40:13] ❌ Exception caught in main loop:
Traceback (most recent call last):
  File "/home/pi/test.py", line 1412, in run_dashboard
    live.update(build_dashboard())
                ^^^^^^^^^^^^^^^^^
  File "/home/pi/test.py", line 1384, in build_dashboard
    grow_layout.add_row(build_grow_panel())  # Full-width, isolated
                        ^^^^^^^^^^^^^^^^^^
  File "/home/pi/test.py", line 1312, in build_grow_panel
    table.add_row(name, type_, prop_date, repot, progress, last_watered, height)
  File "/usr/local/lib/python3.11/dist-packages/rich/table.py", line 465, in add_row
    raise errors.NotRenderableError(
rich.errors.NotRenderableError: unable to render module; a string or other renderable object is required

[2025-09-13 20:40:13] ✅ Dashboard healthy. Drift: 0.22s
[2025-09-13 20:40:13] ❌ Exception caught in main loop:
Traceback (most recent call last):
  File "/home/pi/test.py", line 1412, in run_dashboard
    live.update(build_dashboard())
                ^^^^^^^^^^^^^^^^^
  File "/home/pi/test.py", line 1384, in build_dashboard
    grow_layout.add_row(build_grow_panel())  # Full-width, isolated
                        ^^^^^^^^^^^^^^^^^^
  File "/home/pi/test.py", line 1312, in build_grow_panel
    table.add_row(name, type_, prop_date, repot, progress, last_watered, height)
  File "/usr/local/lib/python3.11/dist-packages/rich/table.py", line 465, in add_row
    raise errors.NotRenderableError(
rich.errors.NotRenderableError: unable to render module; a string or other renderable object is required

[2025-09-13 20:40:14] ❌ Exception caught in main loop:
Traceback (most recent call last):
  File "/home/pi/test.py", line 1412, in run_dashboard
    live.update(build_dashboard())
                ^^^^^^^^^^^^^^^^^
  File "/home/pi/test.py", line 1384, in build_dashboard
    grow_layout.add_row(build_grow_panel())  # Full-width, isolated
                        ^^^^^^^^^^^^^^^^^^
  File "/home/pi/test.py", line 1312, in build_grow_panel
    table.add_row(name, type_, prop_date, repot, progress, last_watered)
  File "/usr/local/lib/python3.11/dist-packages/rich/table.py", line 465, in add_row
    raise errors.NotRenderableError(
rich.errors.NotRenderableError: unable to render module; a string or other renderable object is required

[2025-09-13 20:40:14] ❌ Exception caught in main loop:
Traceback (most recent call last):
  File "/home/pi/test.py", line 1412, in run_dashboard
    live.update(build_dashboard())
                ^^^^^^^^^^^^^^^^^
  File "/home/pi/test.py", line 1384, in build_dashboard
    grow_layout.add_row(build_grow_panel())  # Full-width, isolated
                        ^^^^^^^^^^^^^^^^^^
  File "/home/pi/test.py", line 1312, in build_grow_panel
    table.add_row(name, type_, prop_date, repot, progress, last_watered)
  File "/usr/local/lib/python3.11/dist-packages/rich/table.py", line 465, in add_row
    raise errors.NotRenderableError(
rich.errors.NotRenderableError: unable to render module; a string or other renderable object is required

[2025-09-13 20:40:14] ❌ Exception caught in main loop:
Traceback (most recent call last):
  File "/home/pi/test.py", line 1412, in run_dashboard
    live.update(build_dashboard())
                ^^^^^^^^^^^^^^^^^
  File "/home/pi/test.py", line 1384, in build_dashboard
    grow_layout.add_row(build_grow_panel())  # Full-width, isolated
                        ^^^^^^^^^^^^^^^^^^
  File "/home/pi/test.py", line 1312, in build_grow_panel
    table.add_row(name, type_, prop_date, repot, progress, last_watered)
  File "/usr/local/lib/python3.11/dist-packages/rich/table.py", line 465, in add_row
    raise errors.NotRenderableError(
rich.errors.NotRenderableError: unable to render module; a string or other renderable object is required

[2025-09-13 20:40:15] ❌ Exception caught in main loop:
Traceback (most recent call last):
  File "/home/pi/test.py", line 1412, in run_dashboard
    live.update(build_dashboard())
                ^^^^^^^^^^^^^^^^^
  File "/home/pi/test.py", line 1384, in build_dashboard
    grow_layout.add_row(build_grow_panel())  # Full-width, isolated
                        ^^^^^^^^^^^^^^^^^^
  File "/home/pi/test.py", line 1312, in build_grow_panel
    table.add_row(name, type_, prop_date, repot, progress, last_watered)
  File "/usr/local/lib/python3.11/dist-packages/rich/table.py", line 465, in add_row
    raise errors.NotRenderableError(
rich.errors.NotRenderableError: unable to render module; a string or other renderable object is required

[2025-09-13 20:40:15] ❌ Exception caught in main loop:
Traceback (most recent call last):
  File "/home/pi/test.py", line 1412, in run_dashboard
    live.update(build_dashboard())
                ^^^^^^^^^^^^^^^^^
  File "/home/pi/test.py", line 1384, in build_dashboard
    grow_layout.add_row(build_grow_panel())  # Full-width, isolated
                        ^^^^^^^^^^^^^^^^^^
  File "/home/pi/test.py", line 1312, in build_grow_panel
    table.add_row(name, type_, prop_date, repot, progress, last_watered)
  File "/usr/local/lib/python3.11/dist-packages/rich/table.py", line 465, in add_row
    raise errors.NotRenderableError(
rich.errors.NotRenderableError: unable to render module; a string or other renderable object is required

