[2025-09-13 20:32:38] ❌ Exception caught in main loop:
Traceback (most recent call last):
  File "/home/pi/test.py", line 1419, in run_dashboard
    live.update(build_dashboard())
                ^^^^^^^^^^^^^^^^^
  File "/home/pi/test.py", line 1391, in build_dashboard
    grow_layout.add_row(build_grow_panel())  # Full-width, isolated
                        ^^^^^^^^^^^^^^^^^^
  File "/home/pi/test.py", line 1319, in build_grow_panel
    table.add_row(name, type_, prop_date, report, progress, last_watered)
                                          ^^^^^^
NameError: name 'report' is not defined

[2025-09-13 20:32:38] ❌ Exception caught in main loop:
Traceback (most recent call last):
  File "/home/pi/test.py", line 1419, in run_dashboard
    live.update(build_dashboard())
                ^^^^^^^^^^^^^^^^^
  File "/home/pi/test.py", line 1391, in build_dashboard
    grow_layout.add_row(build_grow_panel())  # Full-width, isolated
                        ^^^^^^^^^^^^^^^^^^
  File "/home/pi/test.py", line 1319, in build_grow_panel
    table.add_row(name, type_, prop_date, report, progress, last_watered)
                                          ^^^^^^
NameError: name 'report' is not defined

[2025-09-13 20:32:38] ❌ Exception caught in main loop:
Traceback (most recent call last):
  File "/home/pi/test.py", line 1419, in run_dashboard
    live.update(build_dashboard())
                ^^^^^^^^^^^^^^^^^
  File "/home/pi/test.py", line 1391, in build_dashboard
    grow_layout.add_row(build_grow_panel())  # Full-width, isolated
                        ^^^^^^^^^^^^^^^^^^
  File "/home/pi/test.py", line 1319, in build_grow_panel
    table.add_row(name, type_, prop_date, report, progress, last_watered)
                                          ^^^^^^
NameError: name 'report' is not defined

[2025-09-13 20:32:39] ❌ Exception caught in main loop:
Traceback (most recent call last):
  File "/home/pi/test.py", line 1419, in run_dashboard
    live.update(build_dashboard())
                ^^^^^^^^^^^^^^^^^
  File "/home/pi/test.py", line 1391, in build_dashboard
    grow_layout.add_row(build_grow_panel())  # Full-width, isolated
                        ^^^^^^^^^^^^^^^^^^
  File "/home/pi/test.py", line 1319, in build_grow_panel
    table.add_row(name, type_, prop_date, report, progress, last_watered)
                                          ^^^^^^
NameError: name 'report' is not defined

[2025-09-13 20:32:39] ❌ Exception caught in main loop:
Traceback (most recent call last):
  File "/home/pi/test.py", line 1419, in run_dashboard
    live.update(build_dashboard())
                ^^^^^^^^^^^^^^^^^
  File "/home/pi/test.py", line 1391, in build_dashboard
    grow_layout.add_row(build_grow_panel())  # Full-width, isolated
                        ^^^^^^^^^^^^^^^^^^
  File "/home/pi/test.py", line 1319, in build_grow_panel
    table.add_row(name, type_, prop_date, report, progress, last_watered)
                                          ^^^^^^
NameError: name 'report' is not defined

[2025-09-13 20:32:39] ❌ Exception caught in main loop:
Traceback (most recent call last):
  File "/home/pi/test.py", line 1419, in run_dashboard
    live.update(build_dashboard())
                ^^^^^^^^^^^^^^^^^
  File "/home/pi/test.py", line 1391, in build_dashboard
    grow_layout.add_row(build_grow_panel())  # Full-width, isolated
                        ^^^^^^^^^^^^^^^^^^
  File "/home/pi/test.py", line 1319, in build_grow_panel
    table.add_row(name, type_, prop_date, report, progress, last_watered)
                                          ^^^^^^
NameError: name 'report' is not defined

[2025-09-13 20:32:40] ❌ Exception caught in main loop:
Traceback (most recent call last):
  File "/home/pi/test.py", line 1419, in run_dashboard
    live.update(build_dashboard())
                ^^^^^^^^^^^^^^^^^
  File "/home/pi/test.py", line 1391, in build_dashboard
    grow_layout.add_row(build_grow_panel())  # Full-width, isolated
                        ^^^^^^^^^^^^^^^^^^
  File "/home/pi/test.py", line 1319, in build_grow_panel
    table.add_row(name, type_, prop_date, report, progress, last_watered)
                                          ^^^^^^
NameError: name 'report' is not defined

[2025-09-13 20:32:40] ❌ Exception caught in main loop:
Traceback (most recent call last):
  File "/home/pi/test.py", line 1419, in run_dashboard
    live.update(build_dashboard())
                ^^^^^^^^^^^^^^^^^
  File "/home/pi/test.py", line 1391, in build_dashboard
    grow_layout.add_row(build_grow_panel())  # Full-width, isolated
                        ^^^^^^^^^^^^^^^^^^
  File "/home/pi/test.py", line 1319, in build_grow_panel
    table.add_row(name, type_, prop_date, report, progress, last_watered)
                                          ^^^^^^
NameError: name 'report' is not defined

[2025-09-13 20:32:40] ❌ Exception caught in main loop:
Traceback (most recent call last):
  File "/home/pi/test.py", line 1419, in run_dashboard
    live.update(build_dashboard())
                ^^^^^^^^^^^^^^^^^
  File "/home/pi/test.py", line 1391, in build_dashboard
    grow_layout.add_row(build_grow_panel())  # Full-width, isolated
                        ^^^^^^^^^^^^^^^^^^
  File "/home/pi/test.py", line 1319, in build_grow_panel
    table.add_row(name, type_, prop_date, report, progress, last_watered)
                                          ^^^^^^
NameError: name 'report' is not defined

[2025-09-13 20:32:41] ❌ Exception caught in main loop:
Traceback (most recent call last):
  File "/home/pi/test.py", line 1419, in run_dashboard
    live.update(build_dashboard())
                ^^^^^^^^^^^^^^^^^
  File "/home/pi/test.py", line 1391, in build_dashboard
    grow_layout.add_row(build_grow_panel())  # Full-width, isolated
                        ^^^^^^^^^^^^^^^^^^
  File "/home/pi/test.py", line 1319, in build_grow_panel
    table.add_row(name, type_, prop_date, report, progress, last_watered)
                                          ^^^^^^
NameError: name 'report' is not defined

[2025-09-13 20:32:41] ❌ Exception caught in main loop:
Traceback (most recent call last):
  File "/home/pi/test.py", line 1419, in run_dashboard
    live.update(build_dashboard())
                ^^^^^^^^^^^^^^^^^
  File "/home/pi/test.py", line 1391, in build_dashboard
    grow_layout.add_row(build_grow_panel())  # Full-width, isolated
                        ^^^^^^^^^^^^^^^^^^
  File "/home/pi/test.py", line 1319, in build_grow_panel
    table.add_row(name, type_, prop_date, report, progress, last_watered)
                                          ^^^^^^
NameError: name 'report' is not defined

[2025-09-13 20:32:41] ❌ Exception caught in main loop:
Traceback (most recent call last):
  File "/home/pi/test.py", line 1419, in run_dashboard
    live.update(build_dashboard())
                ^^^^^^^^^^^^^^^^^
  File "/home/pi/test.py", line 1391, in build_dashboard
    grow_layout.add_row(build_grow_panel())  # Full-width, isolated
                        ^^^^^^^^^^^^^^^^^^
  File "/home/pi/test.py", line 1319, in build_grow_panel
    table.add_row(name, type_, prop_date, report, progress, last_watered)
                                          ^^^^^^
NameError: name 'report' is not defined

[2025-09-13 20:32:42] ❌ Exception caught in main loop:
Traceback (most recent call last):
  File "/home/pi/test.py", line 1419, in run_dashboard
    live.update(build_dashboard())
                ^^^^^^^^^^^^^^^^^
  File "/home/pi/test.py", line 1391, in build_dashboard
    grow_layout.add_row(build_grow_panel())  # Full-width, isolated
                        ^^^^^^^^^^^^^^^^^^
  File "/home/pi/test.py", line 1319, in build_grow_panel
    table.add_row(name, type_, prop_date, report, progress, last_watered)
                                          ^^^^^^
NameError: name 'report' is not defined

[2025-09-13 20:32:42] ❌ Exception caught in main loop:
Traceback (most recent call last):
  File "/home/pi/test.py", line 1419, in run_dashboard
    live.update(build_dashboard())
                ^^^^^^^^^^^^^^^^^
  File "/home/pi/test.py", line 1391, in build_dashboard
    grow_layout.add_row(build_grow_panel())  # Full-width, isolated
                        ^^^^^^^^^^^^^^^^^^
  File "/home/pi/test.py", line 1319, in build_grow_panel
    table.add_row(name, type_, prop_date, report, progress, last_watered)
                                          ^^^^^^
NameError: name 'report' is not defined

[2025-09-13 20:32:42] ❌ Exception caught in main loop:
Traceback (most recent call last):
  File "/home/pi/test.py", line 1419, in run_dashboard
    live.update(build_dashboard())
                ^^^^^^^^^^^^^^^^^
  File "/home/pi/test.py", line 1391, in build_dashboard
    grow_layout.add_row(build_grow_panel())  # Full-width, isolated
                        ^^^^^^^^^^^^^^^^^^
  File "/home/pi/test.py", line 1319, in build_grow_panel
    table.add_row(name, type_, prop_date, report, progress, last_watered)
                                          ^^^^^^
NameError: name 'report' is not defined

[2025-09-13 20:32:43] ❌ Exception caught in main loop:
Traceback (most recent call last):
  File "/home/pi/test.py", line 1419, in run_dashboard
    live.update(build_dashboard())
                ^^^^^^^^^^^^^^^^^
  File "/home/pi/test.py", line 1391, in build_dashboard
    grow_layout.add_row(build_grow_panel())  # Full-width, isolated
                        ^^^^^^^^^^^^^^^^^^
  File "/home/pi/test.py", line 1319, in build_grow_panel
    table.add_row(name, type_, prop_date, report, progress, last_watered)
                                          ^^^^^^
NameError: name 'report' is not defined

[2025-09-13 20:32:43] ❌ Exception caught in main loop:
Traceback (most recent call last):
  File "/home/pi/test.py", line 1419, in run_dashboard
    live.update(build_dashboard())
                ^^^^^^^^^^^^^^^^^
  File "/home/pi/test.py", line 1391, in build_dashboard
    grow_layout.add_row(build_grow_panel())  # Full-width, isolated
                        ^^^^^^^^^^^^^^^^^^
  File "/home/pi/test.py", line 1319, in build_grow_panel
    table.add_row(name, type_, prop_date, report, progress, last_watered)
                                          ^^^^^^
NameError: name 'report' is not defined

[2025-09-13 20:32:43] ❌ Exception caught in main loop:
Traceback (most recent call last):
  File "/home/pi/test.py", line 1419, in run_dashboard
    live.update(build_dashboard())
                ^^^^^^^^^^^^^^^^^
  File "/home/pi/test.py", line 1391, in build_dashboard
    grow_layout.add_row(build_grow_panel())  # Full-width, isolated
                        ^^^^^^^^^^^^^^^^^^
  File "/home/pi/test.py", line 1319, in build_grow_panel
    table.add_row(name, type_, prop_date, report, progress, last_watered)
                                          ^^^^^^
NameError: name 'report' is not defined

[2025-09-13 20:32:44] ❌ Exception caught in main loop:
Traceback (most recent call last):
  File "/home/pi/test.py", line 1419, in run_dashboard
    live.update(build_dashboard())
                ^^^^^^^^^^^^^^^^^
  File "/home/pi/test.py", line 1391, in build_dashboard
    grow_layout.add_row(build_grow_panel())  # Full-width, isolated
                        ^^^^^^^^^^^^^^^^^^
  File "/home/pi/test.py", line 1319, in build_grow_panel
    table.add_row(name, type_, prop_date, report, progress, last_watered)
                                          ^^^^^^
NameError: name 'report' is not defined

[2025-09-13 20:32:44] ❌ Exception caught in main loop:
Traceback (most recent call last):
  File "/home/pi/test.py", line 1419, in run_dashboard
    live.update(build_dashboard())
                ^^^^^^^^^^^^^^^^^
  File "/home/pi/test.py", line 1391, in build_dashboard
    grow_layout.add_row(build_grow_panel())  # Full-width, isolated
                        ^^^^^^^^^^^^^^^^^^
  File "/home/pi/test.py", line 1319, in build_grow_panel
    table.add_row(name, type_, prop_date, report, progress, last_watered)
                                          ^^^^^^
NameError: name 'report' is not defined

[2025-09-13 20:32:44] ❌ Exception caught in main loop:
Traceback (most recent call last):
  File "/home/pi/test.py", line 1419, in run_dashboard
    live.update(build_dashboard())
                ^^^^^^^^^^^^^^^^^
  File "/home/pi/test.py", line 1391, in build_dashboard
    grow_layout.add_row(build_grow_panel())  # Full-width, isolated
                        ^^^^^^^^^^^^^^^^^^
  File "/home/pi/test.py", line 1319, in build_grow_panel
    table.add_row(name, type_, prop_date, report, progress, last_watered)
                                          ^^^^^^
NameError: name 'report' is not defined

[2025-09-13 20:32:45] ✅ Dashboard healthy. Drift: 0.14s
[2025-09-13 20:32:45] ❌ Exception caught in main loop:
Traceback (most recent call last):
  File "/home/pi/test.py", line 1419, in run_dashboard
    live.update(build_dashboard())
                ^^^^^^^^^^^^^^^^^
  File "/home/pi/test.py", line 1391, in build_dashboard
    grow_layout.add_row(build_grow_panel())  # Full-width, isolated
                        ^^^^^^^^^^^^^^^^^^
  File "/home/pi/test.py", line 1319, in build_grow_panel
    table.add_row(name, type_, prop_date, report, progress, last_watered)
                                          ^^^^^^
NameError: name 'report' is not defined

[2025-09-13 20:32:45] ❌ Exception caught in main loop:
Traceback (most recent call last):
  File "/home/pi/test.py", line 1419, in run_dashboard
    live.update(build_dashboard())
                ^^^^^^^^^^^^^^^^^
  File "/home/pi/test.py", line 1391, in build_dashboard
    grow_layout.add_row(build_grow_panel())  # Full-width, isolated
                        ^^^^^^^^^^^^^^^^^^
  File "/home/pi/test.py", line 1319, in build_grow_panel
    table.add_row(name, type_, prop_date, report, progress, last_watered)
                                          ^^^^^^
NameError: name 'report' is not defined

[2025-09-13 20:32:45] ❌ Exception caught in main loop:
Traceback (most recent call last):
  File "/home/pi/test.py", line 1419, in run_dashboard
    live.update(build_dashboard())
                ^^^^^^^^^^^^^^^^^
  File "/home/pi/test.py", line 1391, in build_dashboard
    grow_layout.add_row(build_grow_panel())  # Full-width, isolated
                        ^^^^^^^^^^^^^^^^^^
  File "/home/pi/test.py", line 1319, in build_grow_panel
    table.add_row(name, type_, prop_date, report, progress, last_watered)
                                          ^^^^^^
NameError: name 'report' is not defined

[2025-09-13 20:32:46] ❌ Exception caught in main loop:
Traceback (most recent call last):
  File "/home/pi/test.py", line 1419, in run_dashboard
    live.update(build_dashboard())
                ^^^^^^^^^^^^^^^^^
  File "/home/pi/test.py", line 1391, in build_dashboard
    grow_layout.add_row(build_grow_panel())  # Full-width, isolated
                        ^^^^^^^^^^^^^^^^^^
  File "/home/pi/test.py", line 1319, in build_grow_panel
    table.add_row(name, type_, prop_date, report, progress, last_watered)
                                          ^^^^^^
NameError: name 'report' is not defined

[2025-09-13 20:32:46] ❌ Exception caught in main loop:
Traceback (most recent call last):
  File "/home/pi/test.py", line 1419, in run_dashboard
    live.update(build_dashboard())
                ^^^^^^^^^^^^^^^^^
  File "/home/pi/test.py", line 1391, in build_dashboard
    grow_layout.add_row(build_grow_panel())  # Full-width, isolated
                        ^^^^^^^^^^^^^^^^^^
  File "/home/pi/test.py", line 1319, in build_grow_panel
    table.add_row(name, type_, prop_date, report, progress, last_watered)
                                          ^^^^^^
NameError: name 'report' is not defined

[2025-09-13 20:32:46] ❌ Exception caught in main loop:
Traceback (most recent call last):
  File "/home/pi/test.py", line 1419, in run_dashboard
    live.update(build_dashboard())
                ^^^^^^^^^^^^^^^^^
  File "/home/pi/test.py", line 1391, in build_dashboard
    grow_layout.add_row(build_grow_panel())  # Full-width, isolated
                        ^^^^^^^^^^^^^^^^^^
  File "/home/pi/test.py", line 1319, in build_grow_panel
    table.add_row(name, type_, prop_date, report, progress, last_watered)
                                          ^^^^^^
NameError: name 'report' is not defined

[2025-09-13 20:32:47] ❌ Exception caught in main loop:
Traceback (most recent call last):
  File "/home/pi/test.py", line 1419, in run_dashboard
    live.update(build_dashboard())
                ^^^^^^^^^^^^^^^^^
  File "/home/pi/test.py", line 1391, in build_dashboard
    grow_layout.add_row(build_grow_panel())  # Full-width, isolated
                        ^^^^^^^^^^^^^^^^^^
  File "/home/pi/test.py", line 1319, in build_grow_panel
    table.add_row(name, type_, prop_date, report, progress, last_watered)
                                          ^^^^^^
NameError: name 'report' is not defined

[2025-09-13 20:32:47] ❌ Exception caught in main loop:
Traceback (most recent call last):
  File "/home/pi/test.py", line 1419, in run_dashboard
    live.update(build_dashboard())
                ^^^^^^^^^^^^^^^^^
  File "/home/pi/test.py", line 1391, in build_dashboard
    grow_layout.add_row(build_grow_panel())  # Full-width, isolated
                        ^^^^^^^^^^^^^^^^^^
  File "/home/pi/test.py", line 1319, in build_grow_panel
    table.add_row(name, type_, prop_date, report, progress, last_watered)
                                          ^^^^^^
NameError: name 'report' is not defined

[2025-09-13 20:32:47] ❌ Exception caught in main loop:
Traceback (most recent call last):
  File "/home/pi/test.py", line 1419, in run_dashboard
    live.update(build_dashboard())
                ^^^^^^^^^^^^^^^^^
  File "/home/pi/test.py", line 1391, in build_dashboard
    grow_layout.add_row(build_grow_panel())  # Full-width, isolated
                        ^^^^^^^^^^^^^^^^^^
  File "/home/pi/test.py", line 1319, in build_grow_panel
    table.add_row(name, type_, prop_date, report, progress, last_watered)
                                          ^^^^^^
NameError: name 'report' is not defined

[2025-09-13 20:32:48] ❌ Exception caught in main loop:
Traceback (most recent call last):
  File "/home/pi/test.py", line 1419, in run_dashboard
    live.update(build_dashboard())
                ^^^^^^^^^^^^^^^^^
  File "/home/pi/test.py", line 1391, in build_dashboard
    grow_layout.add_row(build_grow_panel())  # Full-width, isolated
                        ^^^^^^^^^^^^^^^^^^
  File "/home/pi/test.py", line 1319, in build_grow_panel
    table.add_row(name, type_, prop_date, report, progress, last_watered)
                                          ^^^^^^
NameError: name 'report' is not defined

[2025-09-13 20:32:48] ❌ Exception caught in main loop:
Traceback (most recent call last):
  File "/home/pi/test.py", line 1419, in run_dashboard
    live.update(build_dashboard())
                ^^^^^^^^^^^^^^^^^
  File "/home/pi/test.py", line 1391, in build_dashboard
    grow_layout.add_row(build_grow_panel())  # Full-width, isolated
                        ^^^^^^^^^^^^^^^^^^
  File "/home/pi/test.py", line 1319, in build_grow_panel
    table.add_row(name, type_, prop_date, report, progress, last_watered)
                                          ^^^^^^
NameError: name 'report' is not defined

[2025-09-13 20:32:49] ❌ Exception caught in main loop:
Traceback (most recent call last):
  File "/home/pi/test.py", line 1419, in run_dashboard
    live.update(build_dashboard())
                ^^^^^^^^^^^^^^^^^
  File "/home/pi/test.py", line 1391, in build_dashboard
    grow_layout.add_row(build_grow_panel())  # Full-width, isolated
                        ^^^^^^^^^^^^^^^^^^
  File "/home/pi/test.py", line 1319, in build_grow_panel
    table.add_row(name, type_, prop_date, report, progress, last_watered)
                                          ^^^^^^
NameError: name 'report' is not defined

[2025-09-13 20:32:49] ❌ Exception caught in main loop:
Traceback (most recent call last):
  File "/home/pi/test.py", line 1419, in run_dashboard
    live.update(build_dashboard())
                ^^^^^^^^^^^^^^^^^
  File "/home/pi/test.py", line 1391, in build_dashboard
    grow_layout.add_row(build_grow_panel())  # Full-width, isolated
                        ^^^^^^^^^^^^^^^^^^
  File "/home/pi/test.py", line 1319, in build_grow_panel
    table.add_row(name, type_, prop_date, report, progress, last_watered)
                                          ^^^^^^
NameError: name 'report' is not defined

[2025-09-13 20:32:49] ❌ Exception caught in main loop:
Traceback (most recent call last):
  File "/home/pi/test.py", line 1419, in run_dashboard
    live.update(build_dashboard())
                ^^^^^^^^^^^^^^^^^
  File "/home/pi/test.py", line 1391, in build_dashboard
    grow_layout.add_row(build_grow_panel())  # Full-width, isolated
                        ^^^^^^^^^^^^^^^^^^
  File "/home/pi/test.py", line 1319, in build_grow_panel
    table.add_row(name, type_, prop_date, report, progress, last_watered)
                                          ^^^^^^
NameError: name 'report' is not defined

[2025-09-13 20:32:49] ❌ Exception caught in main loop:
Traceback (most recent call last):
  File "/home/pi/test.py", line 1419, in run_dashboard
    live.update(build_dashboard())
                ^^^^^^^^^^^^^^^^^
  File "/home/pi/test.py", line 1391, in build_dashboard
    grow_layout.add_row(build_grow_panel())  # Full-width, isolated
                        ^^^^^^^^^^^^^^^^^^
  File "/home/pi/test.py", line 1319, in build_grow_panel
    table.add_row(name, type_, prop_date, report, progress, last_watered)
                                          ^^^^^^
NameError: name 'report' is not defined

[2025-09-13 20:32:50] ❌ Exception caught in main loop:
Traceback (most recent call last):
  File "/home/pi/test.py", line 1419, in run_dashboard
    live.update(build_dashboard())
                ^^^^^^^^^^^^^^^^^
  File "/home/pi/test.py", line 1391, in build_dashboard
    grow_layout.add_row(build_grow_panel())  # Full-width, isolated
                        ^^^^^^^^^^^^^^^^^^
  File "/home/pi/test.py", line 1319, in build_grow_panel
    table.add_row(name, type_, prop_date, report, progress, last_watered)
                                          ^^^^^^
NameError: name 'report' is not defined

