[2025-09-14 07:47:09] ✅ Dashboard healthy. Drift: 0.72s
[2025-09-14 07:47:19] ✅ Dashboard healthy. Drift: 0.70s
[2025-09-14 07:47:29] ✅ Dashboard healthy. Drift: 0.64s
[2025-09-14 07:47:39] ✅ Dashboard healthy. Drift: 0.32s
[2025-09-14 07:47:49] ✅ Dashboard healthy. Drift: 0.33s
[2025-09-14 07:47:59] ✅ Dashboard healthy. Drift: 0.24s
[2025-09-14 07:48:09] ✅ Dashboard healthy. Drift: 0.12s
[2025-09-14 07:48:19] ✅ Dashboard healthy. Drift: 0.48s
[2025-09-14 07:48:29] ✅ Dashboard healthy. Drift: 0.35s
[2025-09-14 07:48:39] ✅ Dashboard healthy. Drift: 0.41s
[2025-09-14 07:48:49] ✅ Dashboard healthy. Drift: 0.19s
[2025-09-14 07:48:59] ✅ Dashboard healthy. Drift: 0.16s
[2025-09-14 07:49:09] ✅ Dashboard healthy. Drift: 0.87s
[2025-09-14 07:49:19] ✅ Dashboard healthy. Drift: 0.16s
[2025-09-14 07:49:29] ✅ Dashboard healthy. Drift: 0.40s
[2025-09-14 07:49:39] ✅ Dashboard healthy. Drift: 1.03s
[2025-09-14 07:49:49] ✅ Dashboard healthy. Drift: 0.39s
[2025-09-14 07:49:59] ✅ Dashboard healthy. Drift: 0.49s
[2025-09-14 07:50:09] ✅ Dashboard healthy. Drift: 1.02s
[2025-09-14 07:50:19] ✅ Dashboard healthy. Drift: 1.24s
[2025-09-14 07:50:29] ✅ Dashboard healthy. Drift: 0.16s
[2025-09-14 07:50:39] ✅ Dashboard healthy. Drift: 0.24s
[2025-09-14 07:50:49] ✅ Dashboard healthy. Drift: 0.44s
[2025-09-14 07:50:59] ✅ Dashboard healthy. Drift: 0.77s
[2025-09-14 07:51:09] ✅ Dashboard healthy. Drift: 1.14s
[2025-09-14 07:51:19] ✅ Dashboard healthy. Drift: 0.02s
[2025-09-14 07:51:29] ✅ Dashboard healthy. Drift: 1.72s
[2025-09-14 07:51:39] ✅ Dashboard healthy. Drift: 1.75s
[2025-09-14 07:51:49] ✅ Dashboard healthy. Drift: 1.99s
[2025-09-14 07:51:59] ✅ Dashboard healthy. Drift: 0.47s
[2025-09-14 07:52:09] ✅ Dashboard healthy. Drift: 2.14s
[2025-09-14 07:52:19] ✅ Dashboard healthy. Drift: 0.24s
[2025-09-14 07:52:29] ✅ Dashboard healthy. Drift: 0.40s
[2025-09-14 07:52:39] ✅ Dashboard healthy. Drift: 0.43s
[2025-09-14 07:52:49] ✅ Dashboard healthy. Drift: 2.94s
[2025-09-14 07:52:59] ✅ Dashboard healthy. Drift: 0.72s
[2025-09-14 07:53:09] ✅ Dashboard healthy. Drift: 0.68s
[2025-09-14 07:53:20] ✅ Dashboard healthy. Drift: 0.72s
[2025-09-14 07:53:30] ✅ Dashboard healthy. Drift: 0.85s
[2025-09-14 07:53:40] ✅ Dashboard healthy. Drift: 1.42s
[2025-09-14 07:53:50] ✅ Dashboard healthy. Drift: 0.18s
[2025-09-14 07:54:00] ✅ Dashboard healthy. Drift: 0.48s
[2025-09-14 07:54:10] ✅ Dashboard healthy. Drift: 2.12s
[2025-09-14 07:54:20] ✅ Dashboard healthy. Drift: 0.69s
[2025-09-14 07:54:30] ✅ Dashboard healthy. Drift: 0.16s
[2025-09-14 07:54:40] ✅ Dashboard healthy. Drift: 0.50s
[2025-09-14 07:54:50] ✅ Dashboard healthy. Drift: 1.17s
[2025-09-14 07:55:00] ✅ Dashboard healthy. Drift: 1.44s
[2025-09-14 07:55:10] ✅ Dashboard healthy. Drift: 1.25s
[2025-09-14 07:55:20] ✅ Dashboard healthy. Drift: 0.61s
[2025-09-14 07:55:30] ✅ Dashboard healthy. Drift: 0.17s
[2025-09-14 07:55:40] ✅ Dashboard healthy. Drift: 0.92s
[2025-09-14 07:55:50] ✅ Dashboard healthy. Drift: 0.76s
[2025-09-14 07:56:00] ✅ Dashboard healthy. Drift: 1.03s
[2025-09-14 07:56:10] ✅ Dashboard healthy. Drift: 0.01s
[2025-09-14 07:56:20] ✅ Dashboard healthy. Drift: 2.12s
[2025-09-14 07:56:30] ✅ Dashboard healthy. Drift: 0.66s
[2025-09-14 07:56:40] ✅ Dashboard healthy. Drift: 0.70s
[2025-09-14 07:56:50] ✅ Dashboard healthy. Drift: 1.06s
[2025-09-14 07:57:00] ✅ Dashboard healthy. Drift: 1.53s
[2025-09-14 07:57:10] ✅ Dashboard healthy. Drift: 0.18s
[2025-09-14 07:57:20] ✅ Dashboard healthy. Drift: 0.62s
[2025-09-14 07:57:30] ✅ Dashboard healthy. Drift: 0.61s
[2025-09-14 07:57:40] ✅ Dashboard healthy. Drift: 0.64s
[2025-09-14 07:57:50] ✅ Dashboard healthy. Drift: 0.99s
[2025-09-14 07:58:00] ✅ Dashboard healthy. Drift: 1.00s
[2025-09-14 07:58:10] ✅ Dashboard healthy. Drift: 1.16s
[2025-09-14 07:58:20] ✅ Dashboard healthy. Drift: 1.49s
[2025-09-14 07:58:30] ✅ Dashboard healthy. Drift: 0.34s
[2025-09-14 07:58:40] ✅ Dashboard healthy. Drift: 0.68s
[2025-09-14 07:58:50] ✅ Dashboard healthy. Drift: 1.10s
[2025-09-14 07:59:00] ✅ Dashboard healthy. Drift: 0.75s
[2025-09-14 07:59:10] ✅ Dashboard healthy. Drift: 0.79s
[2025-09-14 07:59:20] ✅ Dashboard healthy. Drift: 1.21s
[2025-09-14 07:59:30] ✅ Dashboard healthy. Drift: 0.18s
[2025-09-14 07:59:40] ✅ Dashboard healthy. Drift: 0.08s
[2025-09-14 07:59:50] ✅ Dashboard healthy. Drift: 0.54s
[2025-09-14 08:00:00] ✅ Dashboard healthy. Drift: 0.57s
[2025-09-14 08:00:10] ✅ Dashboard healthy. Drift: 1.23s
[2025-09-14 08:00:20] ✅ Dashboard healthy. Drift: 1.54s
[2025-09-14 08:00:30] ✅ Dashboard healthy. Drift: 0.03s
[2025-09-14 08:00:40] ✅ Dashboard healthy. Drift: 0.39s
[2025-09-14 08:00:50] ✅ Dashboard healthy. Drift: 0.56s
[2025-09-14 08:01:00] ✅ Dashboard healthy. Drift: 0.89s
[2025-09-14 08:01:10] ✅ Dashboard healthy. Drift: 0.92s
[2025-09-14 08:01:20] ✅ Dashboard healthy. Drift: 0.96s
[2025-09-14 08:01:30] ✅ Dashboard healthy. Drift: 0.97s
[2025-09-14 08:01:40] ✅ Dashboard healthy. Drift: 3.42s
[2025-09-14 08:01:50] ✅ Dashboard healthy. Drift: 1.82s
[2025-09-14 08:02:00] ✅ Dashboard healthy. Drift: 0.19s
[2025-09-14 08:02:10] ✅ Dashboard healthy. Drift: 0.16s
[2025-09-14 08:02:20] ✅ Dashboard healthy. Drift: 0.34s
[2025-09-14 08:02:30] ✅ Dashboard healthy. Drift: 0.67s
[2025-09-14 08:02:40] ✅ Dashboard healthy. Drift: 0.53s
[2025-09-14 08:02:50] ✅ Dashboard healthy. Drift: 0.66s
[2025-09-14 08:03:00] ✅ Dashboard healthy. Drift: 0.91s
[2025-09-14 08:03:10] ✅ Dashboard healthy. Drift: 0.83s
[2025-09-14 08:03:20] ✅ Dashboard healthy. Drift: 1.17s
[2025-09-14 08:03:31] ✅ Dashboard healthy. Drift: 1.22s
[2025-09-14 08:03:41] ✅ Dashboard healthy. Drift: 0.90s
[2025-09-14 08:03:51] ✅ Dashboard healthy. Drift: 3.03s
[2025-09-14 08:04:01] ✅ Dashboard healthy. Drift: 1.41s
[2025-09-14 08:04:11] ✅ Dashboard healthy. Drift: 1.80s
[2025-09-14 08:04:21] ✅ Dashboard healthy. Drift: 0.18s
[2025-09-14 08:04:31] ✅ Dashboard healthy. Drift: 0.36s
[2025-09-14 08:04:41] ✅ Dashboard healthy. Drift: 0.56s
[2025-09-14 08:04:51] ✅ Dashboard healthy. Drift: 0.76s
[2025-09-14 08:05:01] ✅ Dashboard healthy. Drift: 0.72s
[2025-09-14 08:05:11] ✅ Dashboard healthy. Drift: 0.88s
[2025-09-14 08:05:21] ✅ Dashboard healthy. Drift: 1.55s
[2025-09-14 08:05:31] ✅ Dashboard healthy. Drift: 1.26s
[2025-09-14 08:05:41] ✅ Dashboard healthy. Drift: 1.63s
[2025-09-14 08:05:51] ✅ Dashboard healthy. Drift: 0.01s
[2025-09-14 08:06:01] ✅ Dashboard healthy. Drift: 1.79s
[2025-09-14 08:06:11] ✅ Dashboard healthy. Drift: 3.40s
[2025-09-14 08:06:21] ✅ Dashboard healthy. Drift: 1.76s
[2025-09-14 08:06:31] ✅ Dashboard healthy. Drift: 0.12s
[2025-09-14 08:06:41] ✅ Dashboard healthy. Drift: 0.54s
[2025-09-14 08:06:51] ✅ Dashboard healthy. Drift: 0.49s
[2025-09-14 08:07:01] ✅ Dashboard healthy. Drift: 0.54s
[2025-09-14 08:07:11] ✅ Dashboard healthy. Drift: 0.46s
[2025-09-14 08:07:21] ✅ Dashboard healthy. Drift: 0.84s
[2025-09-14 08:07:31] ✅ Dashboard healthy. Drift: 1.11s
[2025-09-14 08:07:41] ✅ Dashboard healthy. Drift: 0.89s
[2025-09-14 08:07:51] ✅ Dashboard healthy. Drift: 0.03s
[2025-09-14 08:08:01] ✅ Dashboard healthy. Drift: 0.38s
[2025-09-14 08:08:11] ✅ Dashboard healthy. Drift: 0.26s
[2025-09-14 08:08:21] ✅ Dashboard healthy. Drift: 0.22s
[2025-09-14 08:08:31] ✅ Dashboard healthy. Drift: 0.07s
[2025-09-14 08:08:41] ✅ Dashboard healthy. Drift: 2.07s
[2025-09-14 08:08:51] ✅ Dashboard healthy. Drift: 0.11s
[2025-09-14 08:09:01] ✅ Dashboard healthy. Drift: 2.15s
[2025-09-14 08:09:11] ✅ Dashboard healthy. Drift: 0.37s
[2025-09-14 08:09:21] ✅ Dashboard healthy. Drift: 0.79s
[2025-09-14 08:09:31] ✅ Dashboard healthy. Drift: 0.70s
[2025-09-14 08:09:41] ✅ Dashboard healthy. Drift: 0.12s
[2025-09-14 08:09:51] ✅ Dashboard healthy. Drift: 1.18s
[2025-09-14 08:10:01] ⚠️ Dashboard stalled! Drift: 9.92s
[2025-09-14 08:10:01] Active threads:
[2025-09-14 08:10:01]  - MainThread
[2025-09-14 08:10:01]  - update_scd4x_loop
[2025-09-14 08:10:01]  - watchdog_ping_loop
[2025-09-14 08:10:01]  - as7341_loop
[2025-09-14 08:10:01]  - update_bh1750_loop
[2025-09-14 08:10:01]  - network_latency_loop
[2025-09-14 08:10:01]  - i2c_scan_loop
[2025-09-14 08:10:01]  - Thread-1
[2025-09-14 08:10:11] ⚠️ Dashboard stalled! Drift: 19.92s
[2025-09-14 08:10:11] Active threads:
[2025-09-14 08:10:11]  - MainThread
[2025-09-14 08:10:11]  - update_scd4x_loop
[2025-09-14 08:10:11]  - watchdog_ping_loop
[2025-09-14 08:10:11]  - as7341_loop
[2025-09-14 08:10:11]  - update_bh1750_loop
[2025-09-14 08:10:11]  - network_latency_loop
[2025-09-14 08:10:11]  - i2c_scan_loop
[2025-09-14 08:10:11]  - Thread-1
[2025-09-14 08:10:21] ⚠️ Dashboard stalled! Drift: 29.92s
[2025-09-14 08:10:21] Active threads:
[2025-09-14 08:10:21]  - MainThread
[2025-09-14 08:10:21]  - update_scd4x_loop
[2025-09-14 08:10:21]  - watchdog_ping_loop
[2025-09-14 08:10:21]  - as7341_loop
[2025-09-14 08:10:21]  - update_bh1750_loop
[2025-09-14 08:10:21]  - network_latency_loop
[2025-09-14 08:10:21]  - i2c_scan_loop
[2025-09-14 08:10:21]  - Thread-1
[2025-09-14 08:10:31] ⚠️ Dashboard stalled! Drift: 39.92s
[2025-09-14 08:10:31] Active threads:
[2025-09-14 08:10:31]  - MainThread
[2025-09-14 08:10:31]  - update_scd4x_loop
[2025-09-14 08:10:31]  - watchdog_ping_loop
[2025-09-14 08:10:31]  - as7341_loop
[2025-09-14 08:10:31]  - update_bh1750_loop
[2025-09-14 08:10:31]  - network_latency_loop
[2025-09-14 08:10:31]  - i2c_scan_loop
[2025-09-14 08:10:31]  - Thread-1
[2025-09-14 08:10:41] ⚠️ Dashboard stalled! Drift: 49.92s
[2025-09-14 08:10:41] Active threads:
[2025-09-14 08:10:41]  - MainThread
[2025-09-14 08:10:41]  - update_scd4x_loop
[2025-09-14 08:10:41]  - watchdog_ping_loop
[2025-09-14 08:10:41]  - as7341_loop
[2025-09-14 08:10:41]  - update_bh1750_loop
[2025-09-14 08:10:41]  - network_latency_loop
[2025-09-14 08:10:41]  - i2c_scan_loop
[2025-09-14 08:10:41]  - Thread-1
[2025-09-14 08:10:51] ⚠️ Dashboard stalled! Drift: 59.92s
[2025-09-14 08:10:51] Active threads:
[2025-09-14 08:10:51]  - MainThread
[2025-09-14 08:10:51]  - update_scd4x_loop
[2025-09-14 08:10:51]  - watchdog_ping_loop
[2025-09-14 08:10:51]  - as7341_loop
[2025-09-14 08:10:51]  - update_bh1750_loop
[2025-09-14 08:10:51]  - network_latency_loop
[2025-09-14 08:10:51]  - i2c_scan_loop
[2025-09-14 08:10:51]  - Thread-1
[2025-09-14 08:11:01] ⚠️ Dashboard stalled! Drift: 69.92s
[2025-09-14 08:11:01] Active threads:
[2025-09-14 08:11:01]  - MainThread
[2025-09-14 08:11:01]  - update_scd4x_loop
[2025-09-14 08:11:01]  - watchdog_ping_loop
[2025-09-14 08:11:01]  - as7341_loop
[2025-09-14 08:11:01]  - update_bh1750_loop
[2025-09-14 08:11:01]  - network_latency_loop
[2025-09-14 08:11:01]  - i2c_scan_loop
[2025-09-14 08:11:01]  - Thread-1
[2025-09-14 08:11:11] ⚠️ Dashboard stalled! Drift: 79.92s
[2025-09-14 08:11:11] Active threads:
[2025-09-14 08:11:11]  - MainThread
[2025-09-14 08:11:11]  - update_scd4x_loop
[2025-09-14 08:11:11]  - watchdog_ping_loop
[2025-09-14 08:11:11]  - as7341_loop
[2025-09-14 08:11:11]  - update_bh1750_loop
[2025-09-14 08:11:11]  - network_latency_loop
[2025-09-14 08:11:11]  - i2c_scan_loop
[2025-09-14 08:11:11]  - Thread-1
[2025-09-14 08:11:21] ⚠️ Dashboard stalled! Drift: 89.92s
[2025-09-14 08:11:21] Active threads:
[2025-09-14 08:11:21]  - MainThread
[2025-09-14 08:11:21]  - update_scd4x_loop
[2025-09-14 08:11:21]  - watchdog_ping_loop
[2025-09-14 08:11:21]  - as7341_loop
[2025-09-14 08:11:21]  - update_bh1750_loop
[2025-09-14 08:11:21]  - network_latency_loop
[2025-09-14 08:11:21]  - i2c_scan_loop
[2025-09-14 08:11:21]  - Thread-1
[2025-09-14 08:11:31] ⚠️ Dashboard stalled! Drift: 99.93s
[2025-09-14 08:11:31] Active threads:
[2025-09-14 08:11:31]  - MainThread
[2025-09-14 08:11:31]  - update_scd4x_loop
[2025-09-14 08:11:31]  - watchdog_ping_loop
[2025-09-14 08:11:31]  - as7341_loop
[2025-09-14 08:11:31]  - update_bh1750_loop
[2025-09-14 08:11:31]  - network_latency_loop
[2025-09-14 08:11:31]  - i2c_scan_loop
[2025-09-14 08:11:31]  - Thread-1
[2025-09-14 08:11:41] ⚠️ Dashboard stalled! Drift: 109.93s
[2025-09-14 08:11:41] Active threads:
[2025-09-14 08:11:41]  - MainThread
[2025-09-14 08:11:41]  - update_scd4x_loop
[2025-09-14 08:11:41]  - watchdog_ping_loop
[2025-09-14 08:11:41]  - as7341_loop
[2025-09-14 08:11:41]  - update_bh1750_loop
[2025-09-14 08:11:41]  - network_latency_loop
[2025-09-14 08:11:41]  - i2c_scan_loop
[2025-09-14 08:11:41]  - Thread-1
[2025-09-14 08:11:51] ⚠️ Dashboard stalled! Drift: 119.93s
[2025-09-14 08:11:51] Active threads:
[2025-09-14 08:11:51]  - MainThread
[2025-09-14 08:11:51]  - update_scd4x_loop
[2025-09-14 08:11:51]  - watchdog_ping_loop
[2025-09-14 08:11:51]  - as7341_loop
[2025-09-14 08:11:51]  - update_bh1750_loop
[2025-09-14 08:11:51]  - network_latency_loop
[2025-09-14 08:11:51]  - i2c_scan_loop
[2025-09-14 08:11:51]  - Thread-1
[2025-09-14 08:12:01] ⚠️ Dashboard stalled! Drift: 129.93s
[2025-09-14 08:12:01] Active threads:
[2025-09-14 08:12:01]  - MainThread
[2025-09-14 08:12:01]  - update_scd4x_loop
[2025-09-14 08:12:01]  - watchdog_ping_loop
[2025-09-14 08:12:01]  - as7341_loop
[2025-09-14 08:12:01]  - update_bh1750_loop
[2025-09-14 08:12:01]  - network_latency_loop
[2025-09-14 08:12:01]  - i2c_scan_loop
[2025-09-14 08:12:01]  - Thread-1
[2025-09-14 08:12:11] ⚠️ Dashboard stalled! Drift: 139.93s
[2025-09-14 08:12:11] Active threads:
[2025-09-14 08:12:11]  - MainThread
[2025-09-14 08:12:11]  - update_scd4x_loop
[2025-09-14 08:12:11]  - watchdog_ping_loop
[2025-09-14 08:12:11]  - as7341_loop
[2025-09-14 08:12:11]  - update_bh1750_loop
[2025-09-14 08:12:11]  - network_latency_loop
[2025-09-14 08:12:11]  - i2c_scan_loop
[2025-09-14 08:12:11]  - Thread-1
[2025-09-14 08:12:21] ⚠️ Dashboard stalled! Drift: 149.93s
[2025-09-14 08:12:21] Active threads:
[2025-09-14 08:12:21]  - MainThread
[2025-09-14 08:12:21]  - update_scd4x_loop
[2025-09-14 08:12:21]  - watchdog_ping_loop
[2025-09-14 08:12:21]  - as7341_loop
[2025-09-14 08:12:21]  - update_bh1750_loop
[2025-09-14 08:12:21]  - network_latency_loop
[2025-09-14 08:12:21]  - i2c_scan_loop
[2025-09-14 08:12:21]  - Thread-1
[2025-09-14 08:12:31] ⚠️ Dashboard stalled! Drift: 159.93s
[2025-09-14 08:12:31] Active threads:
[2025-09-14 08:12:31]  - MainThread
[2025-09-14 08:12:31]  - update_scd4x_loop
[2025-09-14 08:12:31]  - watchdog_ping_loop
[2025-09-14 08:12:31]  - as7341_loop
[2025-09-14 08:12:31]  - update_bh1750_loop
[2025-09-14 08:12:31]  - network_latency_loop
[2025-09-14 08:12:31]  - i2c_scan_loop
[2025-09-14 08:12:31]  - Thread-1
[2025-09-14 08:12:41] ⚠️ Dashboard stalled! Drift: 169.93s
[2025-09-14 08:12:41] Active threads:
[2025-09-14 08:12:41]  - MainThread
[2025-09-14 08:12:41]  - update_scd4x_loop
[2025-09-14 08:12:41]  - watchdog_ping_loop
[2025-09-14 08:12:41]  - as7341_loop
[2025-09-14 08:12:41]  - update_bh1750_loop
[2025-09-14 08:12:41]  - network_latency_loop
[2025-09-14 08:12:41]  - i2c_scan_loop
[2025-09-14 08:12:41]  - Thread-1
[2025-09-14 08:12:51] ⚠️ Dashboard stalled! Drift: 179.94s
[2025-09-14 08:12:51] Active threads:
[2025-09-14 08:12:51]  - MainThread
[2025-09-14 08:12:51]  - update_scd4x_loop
[2025-09-14 08:12:51]  - watchdog_ping_loop
[2025-09-14 08:12:51]  - as7341_loop
[2025-09-14 08:12:51]  - update_bh1750_loop
[2025-09-14 08:12:51]  - network_latency_loop
[2025-09-14 08:12:51]  - i2c_scan_loop
[2025-09-14 08:12:51]  - Thread-1
[2025-09-14 08:13:01] ⚠️ Dashboard stalled! Drift: 189.94s
[2025-09-14 08:13:01] Active threads:
[2025-09-14 08:13:01]  - MainThread
[2025-09-14 08:13:01]  - update_scd4x_loop
[2025-09-14 08:13:01]  - watchdog_ping_loop
[2025-09-14 08:13:01]  - as7341_loop
[2025-09-14 08:13:01]  - update_bh1750_loop
[2025-09-14 08:13:01]  - network_latency_loop
[2025-09-14 08:13:01]  - i2c_scan_loop
[2025-09-14 08:13:01]  - Thread-1
[2025-09-14 08:13:11] ⚠️ Dashboard stalled! Drift: 199.94s
[2025-09-14 08:13:11] Active threads:
[2025-09-14 08:13:11]  - MainThread
[2025-09-14 08:13:11]  - update_scd4x_loop
[2025-09-14 08:13:11]  - watchdog_ping_loop
[2025-09-14 08:13:11]  - as7341_loop
[2025-09-14 08:13:11]  - update_bh1750_loop
[2025-09-14 08:13:11]  - network_latency_loop
[2025-09-14 08:13:11]  - i2c_scan_loop
[2025-09-14 08:13:11]  - Thread-1
[2025-09-14 08:13:21] ⚠️ Dashboard stalled! Drift: 209.94s
[2025-09-14 08:13:21] Active threads:
[2025-09-14 08:13:21]  - MainThread
[2025-09-14 08:13:21]  - update_scd4x_loop
[2025-09-14 08:13:21]  - watchdog_ping_loop
[2025-09-14 08:13:21]  - as7341_loop
[2025-09-14 08:13:21]  - update_bh1750_loop
[2025-09-14 08:13:21]  - network_latency_loop
[2025-09-14 08:13:21]  - i2c_scan_loop
[2025-09-14 08:13:21]  - Thread-1
[2025-09-14 08:13:31] ⚠️ Dashboard stalled! Drift: 219.94s
[2025-09-14 08:13:31] Active threads:
[2025-09-14 08:13:31]  - MainThread
[2025-09-14 08:13:31]  - update_scd4x_loop
[2025-09-14 08:13:31]  - watchdog_ping_loop
[2025-09-14 08:13:31]  - as7341_loop
[2025-09-14 08:13:31]  - update_bh1750_loop
[2025-09-14 08:13:31]  - network_latency_loop
[2025-09-14 08:13:31]  - i2c_scan_loop
[2025-09-14 08:13:31]  - Thread-1
[2025-09-14 08:13:41] ⚠️ Dashboard stalled! Drift: 229.94s
[2025-09-14 08:13:41] Active threads:
[2025-09-14 08:13:41]  - MainThread
[2025-09-14 08:13:41]  - update_scd4x_loop
[2025-09-14 08:13:41]  - watchdog_ping_loop
[2025-09-14 08:13:41]  - as7341_loop
[2025-09-14 08:13:41]  - update_bh1750_loop
[2025-09-14 08:13:41]  - network_latency_loop
[2025-09-14 08:13:41]  - i2c_scan_loop
[2025-09-14 08:13:41]  - Thread-1
[2025-09-14 08:13:51] ⚠️ Dashboard stalled! Drift: 239.94s
[2025-09-14 08:13:51] Active threads:
[2025-09-14 08:13:51]  - MainThread
[2025-09-14 08:13:51]  - update_scd4x_loop
[2025-09-14 08:13:51]  - watchdog_ping_loop
[2025-09-14 08:13:51]  - as7341_loop
[2025-09-14 08:13:51]  - update_bh1750_loop
[2025-09-14 08:13:51]  - network_latency_loop
[2025-09-14 08:13:51]  - i2c_scan_loop
[2025-09-14 08:13:51]  - Thread-1
[2025-09-14 08:14:01] ⚠️ Dashboard stalled! Drift: 249.94s
[2025-09-14 08:14:01] Active threads:
[2025-09-14 08:14:01]  - MainThread
[2025-09-14 08:14:01]  - update_scd4x_loop
[2025-09-14 08:14:01]  - watchdog_ping_loop
[2025-09-14 08:14:01]  - as7341_loop
[2025-09-14 08:14:01]  - update_bh1750_loop
[2025-09-14 08:14:01]  - network_latency_loop
[2025-09-14 08:14:01]  - i2c_scan_loop
[2025-09-14 08:14:01]  - Thread-1
[2025-09-14 08:14:11] ⚠️ Dashboard stalled! Drift: 259.95s
[2025-09-14 08:14:11] Active threads:
[2025-09-14 08:14:11]  - MainThread
[2025-09-14 08:14:11]  - update_scd4x_loop
[2025-09-14 08:14:11]  - watchdog_ping_loop
[2025-09-14 08:14:11]  - as7341_loop
[2025-09-14 08:14:11]  - update_bh1750_loop
[2025-09-14 08:14:11]  - network_latency_loop
[2025-09-14 08:14:11]  - i2c_scan_loop
[2025-09-14 08:14:11]  - Thread-1
[2025-09-14 08:14:21] ⚠️ Dashboard stalled! Drift: 269.95s
[2025-09-14 08:14:21] Active threads:
[2025-09-14 08:14:21]  - MainThread
[2025-09-14 08:14:21]  - update_scd4x_loop
[2025-09-14 08:14:21]  - watchdog_ping_loop
[2025-09-14 08:14:21]  - as7341_loop
[2025-09-14 08:14:21]  - update_bh1750_loop
[2025-09-14 08:14:21]  - network_latency_loop
[2025-09-14 08:14:21]  - i2c_scan_loop
[2025-09-14 08:14:21]  - Thread-1
[2025-09-14 08:14:31] ⚠️ Dashboard stalled! Drift: 279.95s
[2025-09-14 08:14:31] Active threads:
[2025-09-14 08:14:31]  - MainThread
[2025-09-14 08:14:31]  - update_scd4x_loop
[2025-09-14 08:14:31]  - watchdog_ping_loop
[2025-09-14 08:14:31]  - as7341_loop
[2025-09-14 08:14:31]  - update_bh1750_loop
[2025-09-14 08:14:31]  - network_latency_loop
[2025-09-14 08:14:31]  - i2c_scan_loop
[2025-09-14 08:14:31]  - Thread-1
[2025-09-14 08:14:41] ⚠️ Dashboard stalled! Drift: 289.95s
[2025-09-14 08:14:41] Active threads:
[2025-09-14 08:14:41]  - MainThread
[2025-09-14 08:14:41]  - update_scd4x_loop
[2025-09-14 08:14:41]  - watchdog_ping_loop
[2025-09-14 08:14:41]  - as7341_loop
[2025-09-14 08:14:41]  - update_bh1750_loop
[2025-09-14 08:14:41]  - network_latency_loop
[2025-09-14 08:14:41]  - i2c_scan_loop
[2025-09-14 08:14:41]  - Thread-1
[2025-09-14 08:14:51] ⚠️ Dashboard stalled! Drift: 299.95s
[2025-09-14 08:14:51] Active threads:
[2025-09-14 08:14:51]  - MainThread
[2025-09-14 08:14:51]  - update_scd4x_loop
[2025-09-14 08:14:51]  - watchdog_ping_loop
[2025-09-14 08:14:51]  - as7341_loop
[2025-09-14 08:14:51]  - update_bh1750_loop
[2025-09-14 08:14:51]  - network_latency_loop
[2025-09-14 08:14:51]  - i2c_scan_loop
[2025-09-14 08:14:51]  - Thread-1
[2025-09-14 08:15:01] ⚠️ Dashboard stalled! Drift: 309.95s
[2025-09-14 08:15:01] Active threads:
[2025-09-14 08:15:01]  - MainThread
[2025-09-14 08:15:01]  - update_scd4x_loop
[2025-09-14 08:15:01]  - watchdog_ping_loop
[2025-09-14 08:15:01]  - as7341_loop
[2025-09-14 08:15:01]  - update_bh1750_loop
[2025-09-14 08:15:01]  - network_latency_loop
[2025-09-14 08:15:01]  - i2c_scan_loop
[2025-09-14 08:15:01]  - Thread-1
[2025-09-14 08:15:11] ⚠️ Dashboard stalled! Drift: 319.95s
[2025-09-14 08:15:11] Active threads:
[2025-09-14 08:15:11]  - MainThread
[2025-09-14 08:15:11]  - update_scd4x_loop
[2025-09-14 08:15:11]  - watchdog_ping_loop
[2025-09-14 08:15:11]  - as7341_loop
[2025-09-14 08:15:11]  - update_bh1750_loop
[2025-09-14 08:15:11]  - network_latency_loop
[2025-09-14 08:15:11]  - i2c_scan_loop
[2025-09-14 08:15:11]  - Thread-1
[2025-09-14 08:15:21] ⚠️ Dashboard stalled! Drift: 329.96s
[2025-09-14 08:15:21] Active threads:
[2025-09-14 08:15:21]  - MainThread
[2025-09-14 08:15:21]  - update_scd4x_loop
[2025-09-14 08:15:21]  - watchdog_ping_loop
[2025-09-14 08:15:21]  - as7341_loop
[2025-09-14 08:15:21]  - update_bh1750_loop
[2025-09-14 08:15:21]  - network_latency_loop
[2025-09-14 08:15:21]  - i2c_scan_loop
[2025-09-14 08:15:21]  - Thread-1
[2025-09-14 08:15:31] ⚠️ Dashboard stalled! Drift: 339.96s
[2025-09-14 08:15:31] Active threads:
[2025-09-14 08:15:31]  - MainThread
[2025-09-14 08:15:31]  - update_scd4x_loop
[2025-09-14 08:15:31]  - watchdog_ping_loop
[2025-09-14 08:15:31]  - as7341_loop
[2025-09-14 08:15:31]  - update_bh1750_loop
[2025-09-14 08:15:31]  - network_latency_loop
[2025-09-14 08:15:31]  - i2c_scan_loop
[2025-09-14 08:15:31]  - Thread-1
[2025-09-14 08:15:41] ⚠️ Dashboard stalled! Drift: 349.96s
[2025-09-14 08:15:41] Active threads:
[2025-09-14 08:15:41]  - MainThread
[2025-09-14 08:15:41]  - update_scd4x_loop
[2025-09-14 08:15:41]  - watchdog_ping_loop
[2025-09-14 08:15:41]  - as7341_loop
[2025-09-14 08:15:41]  - update_bh1750_loop
[2025-09-14 08:15:41]  - network_latency_loop
[2025-09-14 08:15:41]  - i2c_scan_loop
[2025-09-14 08:15:41]  - Thread-1
[2025-09-14 08:15:51] ⚠️ Dashboard stalled! Drift: 359.96s
[2025-09-14 08:15:51] Active threads:
[2025-09-14 08:15:51]  - MainThread
[2025-09-14 08:15:51]  - update_scd4x_loop
[2025-09-14 08:15:51]  - watchdog_ping_loop
[2025-09-14 08:15:51]  - as7341_loop
[2025-09-14 08:15:51]  - update_bh1750_loop
[2025-09-14 08:15:51]  - network_latency_loop
[2025-09-14 08:15:51]  - i2c_scan_loop
[2025-09-14 08:15:51]  - Thread-1
[2025-09-14 08:16:01] ⚠️ Dashboard stalled! Drift: 369.96s
[2025-09-14 08:16:01] Active threads:
[2025-09-14 08:16:01]  - MainThread
[2025-09-14 08:16:01]  - update_scd4x_loop
[2025-09-14 08:16:01]  - watchdog_ping_loop
[2025-09-14 08:16:01]  - as7341_loop
[2025-09-14 08:16:01]  - update_bh1750_loop
[2025-09-14 08:16:01]  - network_latency_loop
[2025-09-14 08:16:01]  - i2c_scan_loop
[2025-09-14 08:16:01]  - Thread-1
[2025-09-14 08:16:11] ⚠️ Dashboard stalled! Drift: 379.96s
[2025-09-14 08:16:11] Active threads:
[2025-09-14 08:16:11]  - MainThread
[2025-09-14 08:16:11]  - update_scd4x_loop
[2025-09-14 08:16:11]  - watchdog_ping_loop
[2025-09-14 08:16:11]  - as7341_loop
[2025-09-14 08:16:11]  - update_bh1750_loop
[2025-09-14 08:16:11]  - network_latency_loop
[2025-09-14 08:16:11]  - i2c_scan_loop
[2025-09-14 08:16:11]  - Thread-1
[2025-09-14 08:16:21] ⚠️ Dashboard stalled! Drift: 389.96s
[2025-09-14 08:16:21] Active threads:
[2025-09-14 08:16:21]  - MainThread
[2025-09-14 08:16:21]  - update_scd4x_loop
[2025-09-14 08:16:21]  - watchdog_ping_loop
[2025-09-14 08:16:21]  - as7341_loop
[2025-09-14 08:16:21]  - update_bh1750_loop
[2025-09-14 08:16:21]  - network_latency_loop
[2025-09-14 08:16:21]  - i2c_scan_loop
[2025-09-14 08:16:21]  - Thread-1
[2025-09-14 08:16:31] ⚠️ Dashboard stalled! Drift: 399.97s
[2025-09-14 08:16:31] Active threads:
[2025-09-14 08:16:31]  - MainThread
[2025-09-14 08:16:31]  - update_scd4x_loop
[2025-09-14 08:16:31]  - watchdog_ping_loop
[2025-09-14 08:16:31]  - as7341_loop
[2025-09-14 08:16:31]  - update_bh1750_loop
[2025-09-14 08:16:31]  - network_latency_loop
[2025-09-14 08:16:31]  - i2c_scan_loop
[2025-09-14 08:16:31]  - Thread-1
[2025-09-14 08:16:41] ⚠️ Dashboard stalled! Drift: 409.97s
[2025-09-14 08:16:41] Active threads:
[2025-09-14 08:16:41]  - MainThread
[2025-09-14 08:16:41]  - update_scd4x_loop
[2025-09-14 08:16:41]  - watchdog_ping_loop
[2025-09-14 08:16:41]  - as7341_loop
[2025-09-14 08:16:41]  - update_bh1750_loop
[2025-09-14 08:16:41]  - network_latency_loop
[2025-09-14 08:16:41]  - i2c_scan_loop
[2025-09-14 08:16:41]  - Thread-1
[2025-09-14 08:16:51] ⚠️ Dashboard stalled! Drift: 419.97s
[2025-09-14 08:16:51] Active threads:
[2025-09-14 08:16:51]  - MainThread
[2025-09-14 08:16:51]  - update_scd4x_loop
[2025-09-14 08:16:51]  - watchdog_ping_loop
[2025-09-14 08:16:51]  - as7341_loop
[2025-09-14 08:16:51]  - update_bh1750_loop
[2025-09-14 08:16:51]  - network_latency_loop
[2025-09-14 08:16:51]  - i2c_scan_loop
[2025-09-14 08:16:51]  - Thread-1
[2025-09-14 08:17:01] ⚠️ Dashboard stalled! Drift: 429.97s
[2025-09-14 08:17:01] Active threads:
[2025-09-14 08:17:01]  - MainThread
[2025-09-14 08:17:01]  - update_scd4x_loop
[2025-09-14 08:17:01]  - watchdog_ping_loop
[2025-09-14 08:17:01]  - as7341_loop
[2025-09-14 08:17:01]  - update_bh1750_loop
[2025-09-14 08:17:01]  - network_latency_loop
[2025-09-14 08:17:01]  - i2c_scan_loop
[2025-09-14 08:17:01]  - Thread-1
[2025-09-14 08:17:11] ⚠️ Dashboard stalled! Drift: 439.97s
[2025-09-14 08:17:11] Active threads:
[2025-09-14 08:17:11]  - MainThread
[2025-09-14 08:17:11]  - update_scd4x_loop
[2025-09-14 08:17:11]  - watchdog_ping_loop
[2025-09-14 08:17:11]  - as7341_loop
[2025-09-14 08:17:11]  - update_bh1750_loop
[2025-09-14 08:17:11]  - network_latency_loop
[2025-09-14 08:17:11]  - i2c_scan_loop
[2025-09-14 08:17:11]  - Thread-1
[2025-09-14 08:17:21] ⚠️ Dashboard stalled! Drift: 449.97s
[2025-09-14 08:17:21] Active threads:
[2025-09-14 08:17:21]  - MainThread
[2025-09-14 08:17:21]  - update_scd4x_loop
[2025-09-14 08:17:21]  - watchdog_ping_loop
[2025-09-14 08:17:21]  - as7341_loop
[2025-09-14 08:17:21]  - update_bh1750_loop
[2025-09-14 08:17:21]  - network_latency_loop
[2025-09-14 08:17:21]  - i2c_scan_loop
[2025-09-14 08:17:21]  - Thread-1
[2025-09-14 08:17:31] ⚠️ Dashboard stalled! Drift: 459.97s
[2025-09-14 08:17:31] Active threads:
[2025-09-14 08:17:31]  - MainThread
[2025-09-14 08:17:31]  - update_scd4x_loop
[2025-09-14 08:17:31]  - watchdog_ping_loop
[2025-09-14 08:17:31]  - as7341_loop
[2025-09-14 08:17:31]  - update_bh1750_loop
[2025-09-14 08:17:31]  - network_latency_loop
[2025-09-14 08:17:31]  - i2c_scan_loop
[2025-09-14 08:17:31]  - Thread-1
[2025-09-14 08:17:41] ⚠️ Dashboard stalled! Drift: 469.97s
[2025-09-14 08:17:41] Active threads:
[2025-09-14 08:17:41]  - MainThread
[2025-09-14 08:17:41]  - update_scd4x_loop
[2025-09-14 08:17:41]  - watchdog_ping_loop
[2025-09-14 08:17:41]  - as7341_loop
[2025-09-14 08:17:41]  - update_bh1750_loop
[2025-09-14 08:17:41]  - network_latency_loop
[2025-09-14 08:17:41]  - i2c_scan_loop
[2025-09-14 08:17:41]  - Thread-1
[2025-09-14 08:17:51] ⚠️ Dashboard stalled! Drift: 479.98s
[2025-09-14 08:17:51] Active threads:
[2025-09-14 08:17:51]  - MainThread
[2025-09-14 08:17:51]  - update_scd4x_loop
[2025-09-14 08:17:51]  - watchdog_ping_loop
[2025-09-14 08:17:51]  - as7341_loop
[2025-09-14 08:17:51]  - update_bh1750_loop
[2025-09-14 08:17:51]  - network_latency_loop
[2025-09-14 08:17:51]  - i2c_scan_loop
[2025-09-14 08:17:51]  - Thread-1
[2025-09-14 08:18:01] ⚠️ Dashboard stalled! Drift: 489.98s
[2025-09-14 08:18:01] Active threads:
[2025-09-14 08:18:01]  - MainThread
[2025-09-14 08:18:01]  - update_scd4x_loop
[2025-09-14 08:18:01]  - watchdog_ping_loop
[2025-09-14 08:18:01]  - as7341_loop
[2025-09-14 08:18:01]  - update_bh1750_loop
[2025-09-14 08:18:01]  - network_latency_loop
[2025-09-14 08:18:01]  - i2c_scan_loop
[2025-09-14 08:18:01]  - Thread-1
[2025-09-14 08:18:11] ⚠️ Dashboard stalled! Drift: 499.98s
[2025-09-14 08:18:11] Active threads:
[2025-09-14 08:18:11]  - MainThread
[2025-09-14 08:18:11]  - update_scd4x_loop
[2025-09-14 08:18:11]  - watchdog_ping_loop
[2025-09-14 08:18:11]  - as7341_loop
[2025-09-14 08:18:11]  - update_bh1750_loop
[2025-09-14 08:18:11]  - network_latency_loop
[2025-09-14 08:18:11]  - i2c_scan_loop
[2025-09-14 08:18:11]  - Thread-1
[2025-09-14 08:18:21] ⚠️ Dashboard stalled! Drift: 509.98s
[2025-09-14 08:18:21] Active threads:
[2025-09-14 08:18:21]  - MainThread
[2025-09-14 08:18:21]  - update_scd4x_loop
[2025-09-14 08:18:21]  - watchdog_ping_loop
[2025-09-14 08:18:21]  - as7341_loop
[2025-09-14 08:18:21]  - update_bh1750_loop
[2025-09-14 08:18:21]  - network_latency_loop
[2025-09-14 08:18:21]  - i2c_scan_loop
[2025-09-14 08:18:21]  - Thread-1
[2025-09-14 08:18:31] ⚠️ Dashboard stalled! Drift: 519.98s
[2025-09-14 08:18:31] Active threads:
[2025-09-14 08:18:31]  - MainThread
[2025-09-14 08:18:31]  - update_scd4x_loop
[2025-09-14 08:18:31]  - watchdog_ping_loop
[2025-09-14 08:18:31]  - as7341_loop
[2025-09-14 08:18:31]  - update_bh1750_loop
[2025-09-14 08:18:31]  - network_latency_loop
[2025-09-14 08:18:31]  - i2c_scan_loop
[2025-09-14 08:18:31]  - Thread-1
[2025-09-14 08:18:41] ⚠️ Dashboard stalled! Drift: 529.98s
[2025-09-14 08:18:41] Active threads:
[2025-09-14 08:18:41]  - MainThread
[2025-09-14 08:18:41]  - update_scd4x_loop
[2025-09-14 08:18:41]  - watchdog_ping_loop
[2025-09-14 08:18:41]  - as7341_loop
[2025-09-14 08:18:41]  - update_bh1750_loop
[2025-09-14 08:18:41]  - network_latency_loop
[2025-09-14 08:18:41]  - i2c_scan_loop
[2025-09-14 08:18:41]  - Thread-1
[2025-09-14 08:18:51] ⚠️ Dashboard stalled! Drift: 539.98s
[2025-09-14 08:18:51] Active threads:
[2025-09-14 08:18:51]  - MainThread
[2025-09-14 08:18:51]  - update_scd4x_loop
[2025-09-14 08:18:51]  - watchdog_ping_loop
[2025-09-14 08:18:51]  - as7341_loop
[2025-09-14 08:18:51]  - update_bh1750_loop
[2025-09-14 08:18:51]  - network_latency_loop
[2025-09-14 08:18:51]  - i2c_scan_loop
[2025-09-14 08:18:51]  - Thread-1
[2025-09-14 08:19:01] ⚠️ Dashboard stalled! Drift: 549.99s
[2025-09-14 08:19:01] Active threads:
[2025-09-14 08:19:01]  - MainThread
[2025-09-14 08:19:01]  - update_scd4x_loop
[2025-09-14 08:19:01]  - watchdog_ping_loop
[2025-09-14 08:19:01]  - as7341_loop
[2025-09-14 08:19:01]  - update_bh1750_loop
[2025-09-14 08:19:01]  - network_latency_loop
[2025-09-14 08:19:01]  - i2c_scan_loop
[2025-09-14 08:19:01]  - Thread-1
[2025-09-14 08:19:11] ⚠️ Dashboard stalled! Drift: 559.99s
[2025-09-14 08:19:11] Active threads:
[2025-09-14 08:19:11]  - MainThread
[2025-09-14 08:19:11]  - update_scd4x_loop
[2025-09-14 08:19:11]  - watchdog_ping_loop
[2025-09-14 08:19:11]  - as7341_loop
[2025-09-14 08:19:11]  - update_bh1750_loop
[2025-09-14 08:19:11]  - network_latency_loop
[2025-09-14 08:19:11]  - i2c_scan_loop
[2025-09-14 08:19:11]  - Thread-1
[2025-09-14 08:19:21] ⚠️ Dashboard stalled! Drift: 569.99s
[2025-09-14 08:19:21] Active threads:
[2025-09-14 08:19:21]  - MainThread
[2025-09-14 08:19:21]  - update_scd4x_loop
[2025-09-14 08:19:21]  - watchdog_ping_loop
[2025-09-14 08:19:21]  - as7341_loop
[2025-09-14 08:19:21]  - update_bh1750_loop
[2025-09-14 08:19:21]  - network_latency_loop
[2025-09-14 08:19:21]  - i2c_scan_loop
[2025-09-14 08:19:21]  - Thread-1
[2025-09-14 08:19:31] ⚠️ Dashboard stalled! Drift: 579.99s
[2025-09-14 08:19:31] Active threads:
[2025-09-14 08:19:31]  - MainThread
[2025-09-14 08:19:31]  - update_scd4x_loop
[2025-09-14 08:19:31]  - watchdog_ping_loop
[2025-09-14 08:19:31]  - as7341_loop
[2025-09-14 08:19:31]  - update_bh1750_loop
[2025-09-14 08:19:31]  - network_latency_loop
[2025-09-14 08:19:31]  - i2c_scan_loop
[2025-09-14 08:19:31]  - Thread-1
[2025-09-14 08:19:41] ⚠️ Dashboard stalled! Drift: 589.99s
[2025-09-14 08:19:41] Active threads:
[2025-09-14 08:19:41]  - MainThread
[2025-09-14 08:19:41]  - update_scd4x_loop
[2025-09-14 08:19:41]  - watchdog_ping_loop
[2025-09-14 08:19:41]  - as7341_loop
[2025-09-14 08:19:41]  - update_bh1750_loop
[2025-09-14 08:19:41]  - network_latency_loop
[2025-09-14 08:19:41]  - i2c_scan_loop
[2025-09-14 08:19:41]  - Thread-1
[2025-09-14 08:19:51] ⚠️ Dashboard stalled! Drift: 599.99s
[2025-09-14 08:19:51] Active threads:
[2025-09-14 08:19:51]  - MainThread
[2025-09-14 08:19:51]  - update_scd4x_loop
[2025-09-14 08:19:51]  - watchdog_ping_loop
[2025-09-14 08:19:51]  - as7341_loop
[2025-09-14 08:19:51]  - update_bh1750_loop
[2025-09-14 08:19:51]  - network_latency_loop
[2025-09-14 08:19:51]  - i2c_scan_loop
[2025-09-14 08:19:51]  - Thread-1
[2025-09-14 08:20:01] ⚠️ Dashboard stalled! Drift: 609.99s
[2025-09-14 08:20:01] Active threads:
[2025-09-14 08:20:01]  - MainThread
[2025-09-14 08:20:01]  - update_scd4x_loop
[2025-09-14 08:20:01]  - watchdog_ping_loop
[2025-09-14 08:20:01]  - as7341_loop
[2025-09-14 08:20:01]  - update_bh1750_loop
[2025-09-14 08:20:01]  - network_latency_loop
[2025-09-14 08:20:01]  - i2c_scan_loop
[2025-09-14 08:20:01]  - Thread-1
[2025-09-14 08:20:11] ⚠️ Dashboard stalled! Drift: 620.00s
[2025-09-14 08:20:11] Active threads:
[2025-09-14 08:20:11]  - MainThread
[2025-09-14 08:20:11]  - update_scd4x_loop
[2025-09-14 08:20:11]  - watchdog_ping_loop
[2025-09-14 08:20:11]  - as7341_loop
[2025-09-14 08:20:11]  - update_bh1750_loop
[2025-09-14 08:20:11]  - network_latency_loop
[2025-09-14 08:20:11]  - i2c_scan_loop
[2025-09-14 08:20:11]  - Thread-1
[2025-09-14 08:20:21] ⚠️ Dashboard stalled! Drift: 630.00s
[2025-09-14 08:20:21] Active threads:
[2025-09-14 08:20:21]  - MainThread
[2025-09-14 08:20:21]  - update_scd4x_loop
[2025-09-14 08:20:21]  - watchdog_ping_loop
[2025-09-14 08:20:21]  - as7341_loop
[2025-09-14 08:20:21]  - update_bh1750_loop
[2025-09-14 08:20:21]  - network_latency_loop
[2025-09-14 08:20:21]  - i2c_scan_loop
[2025-09-14 08:20:21]  - Thread-1
[2025-09-14 08:20:31] ⚠️ Dashboard stalled! Drift: 640.00s
[2025-09-14 08:20:31] Active threads:
[2025-09-14 08:20:31]  - MainThread
[2025-09-14 08:20:31]  - update_scd4x_loop
[2025-09-14 08:20:31]  - watchdog_ping_loop
[2025-09-14 08:20:31]  - as7341_loop
[2025-09-14 08:20:31]  - update_bh1750_loop
[2025-09-14 08:20:31]  - network_latency_loop
[2025-09-14 08:20:31]  - i2c_scan_loop
[2025-09-14 08:20:31]  - Thread-1
[2025-09-14 08:20:41] ⚠️ Dashboard stalled! Drift: 650.00s
[2025-09-14 08:20:41] Active threads:
[2025-09-14 08:20:41]  - MainThread
[2025-09-14 08:20:41]  - update_scd4x_loop
[2025-09-14 08:20:41]  - watchdog_ping_loop
[2025-09-14 08:20:41]  - as7341_loop
[2025-09-14 08:20:41]  - update_bh1750_loop
[2025-09-14 08:20:41]  - network_latency_loop
[2025-09-14 08:20:41]  - i2c_scan_loop
[2025-09-14 08:20:41]  - Thread-1
[2025-09-14 08:20:51] ⚠️ Dashboard stalled! Drift: 660.00s
[2025-09-14 08:20:51] Active threads:
[2025-09-14 08:20:51]  - MainThread
[2025-09-14 08:20:51]  - update_scd4x_loop
[2025-09-14 08:20:51]  - watchdog_ping_loop
[2025-09-14 08:20:51]  - as7341_loop
[2025-09-14 08:20:51]  - update_bh1750_loop
[2025-09-14 08:20:51]  - network_latency_loop
[2025-09-14 08:20:51]  - i2c_scan_loop
[2025-09-14 08:20:51]  - Thread-1
[2025-09-14 08:21:01] ⚠️ Dashboard stalled! Drift: 670.00s
[2025-09-14 08:21:01] Active threads:
[2025-09-14 08:21:01]  - MainThread
[2025-09-14 08:21:01]  - update_scd4x_loop
[2025-09-14 08:21:01]  - watchdog_ping_loop
[2025-09-14 08:21:01]  - as7341_loop
[2025-09-14 08:21:01]  - update_bh1750_loop
[2025-09-14 08:21:01]  - network_latency_loop
[2025-09-14 08:21:01]  - i2c_scan_loop
[2025-09-14 08:21:01]  - Thread-1
[2025-09-14 08:21:11] ⚠️ Dashboard stalled! Drift: 680.00s
[2025-09-14 08:21:11] Active threads:
[2025-09-14 08:21:11]  - MainThread
[2025-09-14 08:21:11]  - update_scd4x_loop
[2025-09-14 08:21:11]  - watchdog_ping_loop
[2025-09-14 08:21:11]  - as7341_loop
[2025-09-14 08:21:11]  - update_bh1750_loop
[2025-09-14 08:21:11]  - network_latency_loop
[2025-09-14 08:21:11]  - i2c_scan_loop
[2025-09-14 08:21:11]  - Thread-1
[2025-09-14 08:21:21] ⚠️ Dashboard stalled! Drift: 690.01s
[2025-09-14 08:21:21] Active threads:
[2025-09-14 08:21:21]  - MainThread
[2025-09-14 08:21:21]  - update_scd4x_loop
[2025-09-14 08:21:21]  - watchdog_ping_loop
[2025-09-14 08:21:21]  - as7341_loop
[2025-09-14 08:21:21]  - update_bh1750_loop
[2025-09-14 08:21:21]  - network_latency_loop
[2025-09-14 08:21:21]  - i2c_scan_loop
[2025-09-14 08:21:21]  - Thread-1
[2025-09-14 08:21:31] ⚠️ Dashboard stalled! Drift: 700.01s
[2025-09-14 08:21:31] Active threads:
[2025-09-14 08:21:31]  - MainThread
[2025-09-14 08:21:31]  - update_scd4x_loop
[2025-09-14 08:21:31]  - watchdog_ping_loop
[2025-09-14 08:21:31]  - as7341_loop
[2025-09-14 08:21:31]  - update_bh1750_loop
[2025-09-14 08:21:31]  - network_latency_loop
[2025-09-14 08:21:31]  - i2c_scan_loop
[2025-09-14 08:21:31]  - Thread-1
[2025-09-14 08:21:41] ⚠️ Dashboard stalled! Drift: 710.01s
[2025-09-14 08:21:41] Active threads:
[2025-09-14 08:21:41]  - MainThread
[2025-09-14 08:21:41]  - update_scd4x_loop
[2025-09-14 08:21:41]  - watchdog_ping_loop
[2025-09-14 08:21:41]  - as7341_loop
[2025-09-14 08:21:41]  - update_bh1750_loop
[2025-09-14 08:21:41]  - network_latency_loop
[2025-09-14 08:21:41]  - i2c_scan_loop
[2025-09-14 08:21:41]  - Thread-1
[2025-09-14 08:21:51] ⚠️ Dashboard stalled! Drift: 720.01s
[2025-09-14 08:21:51] Active threads:
[2025-09-14 08:21:51]  - MainThread
[2025-09-14 08:21:51]  - update_scd4x_loop
[2025-09-14 08:21:51]  - watchdog_ping_loop
[2025-09-14 08:21:51]  - as7341_loop
[2025-09-14 08:21:51]  - update_bh1750_loop
[2025-09-14 08:21:51]  - network_latency_loop
[2025-09-14 08:21:51]  - i2c_scan_loop
[2025-09-14 08:21:51]  - Thread-1
[2025-09-14 08:22:01] ⚠️ Dashboard stalled! Drift: 730.01s
[2025-09-14 08:22:01] Active threads:
[2025-09-14 08:22:01]  - MainThread
[2025-09-14 08:22:01]  - update_scd4x_loop
[2025-09-14 08:22:01]  - watchdog_ping_loop
[2025-09-14 08:22:01]  - as7341_loop
[2025-09-14 08:22:01]  - update_bh1750_loop
[2025-09-14 08:22:01]  - network_latency_loop
[2025-09-14 08:22:01]  - i2c_scan_loop
[2025-09-14 08:22:01]  - Thread-1
[2025-09-14 08:22:11] ⚠️ Dashboard stalled! Drift: 740.01s
[2025-09-14 08:22:11] Active threads:
[2025-09-14 08:22:11]  - MainThread
[2025-09-14 08:22:11]  - update_scd4x_loop
[2025-09-14 08:22:11]  - watchdog_ping_loop
[2025-09-14 08:22:11]  - as7341_loop
[2025-09-14 08:22:11]  - update_bh1750_loop
[2025-09-14 08:22:11]  - network_latency_loop
[2025-09-14 08:22:11]  - i2c_scan_loop
[2025-09-14 08:22:11]  - Thread-1
[2025-09-14 08:22:21] ⚠️ Dashboard stalled! Drift: 750.02s
[2025-09-14 08:22:21] Active threads:
[2025-09-14 08:22:21]  - MainThread
[2025-09-14 08:22:21]  - update_scd4x_loop
[2025-09-14 08:22:21]  - watchdog_ping_loop
[2025-09-14 08:22:21]  - as7341_loop
[2025-09-14 08:22:21]  - update_bh1750_loop
[2025-09-14 08:22:21]  - network_latency_loop
[2025-09-14 08:22:21]  - i2c_scan_loop
[2025-09-14 08:22:21]  - Thread-1
[2025-09-14 08:22:31] ⚠️ Dashboard stalled! Drift: 760.02s
[2025-09-14 08:22:31] Active threads:
[2025-09-14 08:22:31]  - MainThread
[2025-09-14 08:22:31]  - update_scd4x_loop
[2025-09-14 08:22:31]  - watchdog_ping_loop
[2025-09-14 08:22:31]  - as7341_loop
[2025-09-14 08:22:31]  - update_bh1750_loop
[2025-09-14 08:22:31]  - network_latency_loop
[2025-09-14 08:22:31]  - i2c_scan_loop
[2025-09-14 08:22:31]  - Thread-1
[2025-09-14 08:22:41] ⚠️ Dashboard stalled! Drift: 770.02s
[2025-09-14 08:22:41] Active threads:
[2025-09-14 08:22:41]  - MainThread
[2025-09-14 08:22:41]  - update_scd4x_loop
[2025-09-14 08:22:41]  - watchdog_ping_loop
[2025-09-14 08:22:41]  - as7341_loop
[2025-09-14 08:22:41]  - update_bh1750_loop
[2025-09-14 08:22:41]  - network_latency_loop
[2025-09-14 08:22:41]  - i2c_scan_loop
[2025-09-14 08:22:41]  - Thread-1
[2025-09-14 08:22:51] ⚠️ Dashboard stalled! Drift: 780.02s
[2025-09-14 08:22:51] Active threads:
[2025-09-14 08:22:51]  - MainThread
[2025-09-14 08:22:51]  - update_scd4x_loop
[2025-09-14 08:22:51]  - watchdog_ping_loop
[2025-09-14 08:22:51]  - as7341_loop
[2025-09-14 08:22:51]  - update_bh1750_loop
[2025-09-14 08:22:51]  - network_latency_loop
[2025-09-14 08:22:51]  - i2c_scan_loop
[2025-09-14 08:22:51]  - Thread-1
[2025-09-14 08:23:01] ⚠️ Dashboard stalled! Drift: 790.02s
[2025-09-14 08:23:01] Active threads:
[2025-09-14 08:23:01]  - MainThread
[2025-09-14 08:23:01]  - update_scd4x_loop
[2025-09-14 08:23:01]  - watchdog_ping_loop
[2025-09-14 08:23:01]  - as7341_loop
[2025-09-14 08:23:01]  - update_bh1750_loop
[2025-09-14 08:23:01]  - network_latency_loop
[2025-09-14 08:23:01]  - i2c_scan_loop
[2025-09-14 08:23:01]  - Thread-1
[2025-09-14 08:23:11] ⚠️ Dashboard stalled! Drift: 800.02s
[2025-09-14 08:23:11] Active threads:
[2025-09-14 08:23:11]  - MainThread
[2025-09-14 08:23:11]  - update_scd4x_loop
[2025-09-14 08:23:11]  - watchdog_ping_loop
[2025-09-14 08:23:11]  - as7341_loop
[2025-09-14 08:23:11]  - update_bh1750_loop
[2025-09-14 08:23:11]  - network_latency_loop
[2025-09-14 08:23:11]  - i2c_scan_loop
[2025-09-14 08:23:11]  - Thread-1
[2025-09-14 08:23:21] ⚠️ Dashboard stalled! Drift: 810.03s
[2025-09-14 08:23:21] Active threads:
[2025-09-14 08:23:21]  - MainThread
[2025-09-14 08:23:21]  - update_scd4x_loop
[2025-09-14 08:23:21]  - watchdog_ping_loop
[2025-09-14 08:23:21]  - as7341_loop
[2025-09-14 08:23:21]  - update_bh1750_loop
[2025-09-14 08:23:21]  - network_latency_loop
[2025-09-14 08:23:21]  - i2c_scan_loop
[2025-09-14 08:23:21]  - Thread-1
[2025-09-14 08:23:31] ⚠️ Dashboard stalled! Drift: 820.03s
[2025-09-14 08:23:31] Active threads:
[2025-09-14 08:23:31]  - MainThread
[2025-09-14 08:23:31]  - update_scd4x_loop
[2025-09-14 08:23:31]  - watchdog_ping_loop
[2025-09-14 08:23:31]  - as7341_loop
[2025-09-14 08:23:31]  - update_bh1750_loop
[2025-09-14 08:23:31]  - network_latency_loop
[2025-09-14 08:23:31]  - i2c_scan_loop
[2025-09-14 08:23:31]  - Thread-1
[2025-09-14 08:23:41] ⚠️ Dashboard stalled! Drift: 830.03s
[2025-09-14 08:23:41] Active threads:
[2025-09-14 08:23:41]  - MainThread
[2025-09-14 08:23:41]  - update_scd4x_loop
[2025-09-14 08:23:41]  - watchdog_ping_loop
[2025-09-14 08:23:41]  - as7341_loop
[2025-09-14 08:23:41]  - update_bh1750_loop
[2025-09-14 08:23:41]  - network_latency_loop
[2025-09-14 08:23:41]  - i2c_scan_loop
[2025-09-14 08:23:41]  - Thread-1
[2025-09-14 08:23:51] ⚠️ Dashboard stalled! Drift: 840.04s
[2025-09-14 08:23:51] Active threads:
[2025-09-14 08:23:51]  - MainThread
[2025-09-14 08:23:51]  - update_scd4x_loop
[2025-09-14 08:23:51]  - watchdog_ping_loop
[2025-09-14 08:23:51]  - as7341_loop
[2025-09-14 08:23:51]  - update_bh1750_loop
[2025-09-14 08:23:51]  - network_latency_loop
[2025-09-14 08:23:51]  - i2c_scan_loop
[2025-09-14 08:23:51]  - Thread-1
[2025-09-14 08:24:01] ⚠️ Dashboard stalled! Drift: 850.04s
[2025-09-14 08:24:01] Active threads:
[2025-09-14 08:24:01]  - MainThread
[2025-09-14 08:24:01]  - update_scd4x_loop
[2025-09-14 08:24:01]  - watchdog_ping_loop
[2025-09-14 08:24:01]  - as7341_loop
[2025-09-14 08:24:01]  - update_bh1750_loop
[2025-09-14 08:24:01]  - network_latency_loop
[2025-09-14 08:24:01]  - i2c_scan_loop
[2025-09-14 08:24:01]  - Thread-1
[2025-09-14 08:24:11] ⚠️ Dashboard stalled! Drift: 860.04s
[2025-09-14 08:24:11] Active threads:
[2025-09-14 08:24:11]  - MainThread
[2025-09-14 08:24:11]  - update_scd4x_loop
[2025-09-14 08:24:11]  - watchdog_ping_loop
[2025-09-14 08:24:11]  - as7341_loop
[2025-09-14 08:24:11]  - update_bh1750_loop
[2025-09-14 08:24:11]  - network_latency_loop
[2025-09-14 08:24:11]  - i2c_scan_loop
[2025-09-14 08:24:11]  - Thread-1
[2025-09-14 08:24:21] ⚠️ Dashboard stalled! Drift: 870.04s
[2025-09-14 08:24:21] Active threads:
[2025-09-14 08:24:21]  - MainThread
[2025-09-14 08:24:21]  - update_scd4x_loop
[2025-09-14 08:24:21]  - watchdog_ping_loop
[2025-09-14 08:24:21]  - as7341_loop
[2025-09-14 08:24:21]  - update_bh1750_loop
[2025-09-14 08:24:21]  - network_latency_loop
[2025-09-14 08:24:21]  - i2c_scan_loop
[2025-09-14 08:24:21]  - Thread-1
[2025-09-14 08:24:31] ⚠️ Dashboard stalled! Drift: 880.04s
[2025-09-14 08:24:31] Active threads:
[2025-09-14 08:24:31]  - MainThread
[2025-09-14 08:24:31]  - update_scd4x_loop
[2025-09-14 08:24:31]  - watchdog_ping_loop
[2025-09-14 08:24:31]  - as7341_loop
[2025-09-14 08:24:31]  - update_bh1750_loop
[2025-09-14 08:24:31]  - network_latency_loop
[2025-09-14 08:24:31]  - i2c_scan_loop
[2025-09-14 08:24:31]  - Thread-1
[2025-09-14 08:24:41] ⚠️ Dashboard stalled! Drift: 890.05s
[2025-09-14 08:24:41] Active threads:
[2025-09-14 08:24:41]  - MainThread
[2025-09-14 08:24:41]  - update_scd4x_loop
[2025-09-14 08:24:41]  - watchdog_ping_loop
[2025-09-14 08:24:41]  - as7341_loop
[2025-09-14 08:24:41]  - update_bh1750_loop
[2025-09-14 08:24:41]  - network_latency_loop
[2025-09-14 08:24:41]  - i2c_scan_loop
[2025-09-14 08:24:41]  - Thread-1
[2025-09-14 08:24:51] ⚠️ Dashboard stalled! Drift: 900.05s
[2025-09-14 08:24:51] Active threads:
[2025-09-14 08:24:51]  - MainThread
[2025-09-14 08:24:51]  - update_scd4x_loop
[2025-09-14 08:24:51]  - watchdog_ping_loop
[2025-09-14 08:24:51]  - as7341_loop
[2025-09-14 08:24:51]  - update_bh1750_loop
[2025-09-14 08:24:51]  - network_latency_loop
[2025-09-14 08:24:51]  - i2c_scan_loop
[2025-09-14 08:24:51]  - Thread-1
[2025-09-14 08:25:01] ⚠️ Dashboard stalled! Drift: 910.05s
[2025-09-14 08:25:01] Active threads:
[2025-09-14 08:25:01]  - MainThread
[2025-09-14 08:25:01]  - update_scd4x_loop
[2025-09-14 08:25:01]  - watchdog_ping_loop
[2025-09-14 08:25:01]  - as7341_loop
[2025-09-14 08:25:01]  - update_bh1750_loop
[2025-09-14 08:25:01]  - network_latency_loop
[2025-09-14 08:25:01]  - i2c_scan_loop
[2025-09-14 08:25:01]  - Thread-1
[2025-09-14 08:25:11] ⚠️ Dashboard stalled! Drift: 920.05s
[2025-09-14 08:25:11] Active threads:
[2025-09-14 08:25:11]  - MainThread
[2025-09-14 08:25:11]  - update_scd4x_loop
[2025-09-14 08:25:11]  - watchdog_ping_loop
[2025-09-14 08:25:11]  - as7341_loop
[2025-09-14 08:25:11]  - update_bh1750_loop
[2025-09-14 08:25:11]  - network_latency_loop
[2025-09-14 08:25:11]  - i2c_scan_loop
[2025-09-14 08:25:11]  - Thread-1
[2025-09-14 08:25:21] ⚠️ Dashboard stalled! Drift: 930.05s
[2025-09-14 08:25:21] Active threads:
[2025-09-14 08:25:21]  - MainThread
[2025-09-14 08:25:21]  - update_scd4x_loop
[2025-09-14 08:25:21]  - watchdog_ping_loop
[2025-09-14 08:25:21]  - as7341_loop
[2025-09-14 08:25:21]  - update_bh1750_loop
[2025-09-14 08:25:21]  - network_latency_loop
[2025-09-14 08:25:21]  - i2c_scan_loop
[2025-09-14 08:25:21]  - Thread-1
