[2025-09-13 20:51:49] ❌ Exception caught in main loop:
Traceback (most recent call last):
  File "/home/pi/test.py", line 1420, in run_dashboard
    live.update(build_dashboard())
                ^^^^^^^^^^^^^^^^^
  File "/home/pi/test.py", line 1392, in build_dashboard
    grow_layout.add_row(build_grow_panel())  # Full-width, isolated
                        ^^^^^^^^^^^^^^^^^^
  File "/home/pi/test.py", line 1320, in build_grow_panel
    table.add_row(name, type_, prop_date, repot, progress, last_watered, height)
  File "/usr/local/lib/python3.11/dist-packages/rich/table.py", line 465, in add_row
    raise errors.NotRenderableError(
rich.errors.NotRenderableError: unable to render module; a string or other renderable object is required

[2025-09-13 20:51:49] ❌ Exception caught in main loop:
Traceback (most recent call last):
  File "/home/pi/test.py", line 1420, in run_dashboard
    live.update(build_dashboard())
                ^^^^^^^^^^^^^^^^^
  File "/home/pi/test.py", line 1392, in build_dashboard
    grow_layout.add_row(build_grow_panel())  # Full-width, isolated
                        ^^^^^^^^^^^^^^^^^^
  File "/home/pi/test.py", line 1320, in build_grow_panel
    table.add_row(name, type_, prop_date, repot, progress, last_watered, height)
  File "/usr/local/lib/python3.11/dist-packages/rich/table.py", line 465, in add_row
    raise errors.NotRenderableError(
rich.errors.NotRenderableError: unable to render module; a string or other renderable object is required

[2025-09-13 20:51:49] ❌ Exception caught in main loop:
Traceback (most recent call last):
  File "/home/pi/test.py", line 1420, in run_dashboard
    live.update(build_dashboard())
                ^^^^^^^^^^^^^^^^^
  File "/home/pi/test.py", line 1392, in build_dashboard
    grow_layout.add_row(build_grow_panel())  # Full-width, isolated
                        ^^^^^^^^^^^^^^^^^^
  File "/home/pi/test.py", line 1320, in build_grow_panel
    table.add_row(name, type_, prop_date, repot, progress, last_watered, height)
  File "/usr/local/lib/python3.11/dist-packages/rich/table.py", line 465, in add_row
    raise errors.NotRenderableError(
rich.errors.NotRenderableError: unable to render module; a string or other renderable object is required

[2025-09-13 20:51:50] ❌ Exception caught in main loop:
Traceback (most recent call last):
  File "/home/pi/test.py", line 1420, in run_dashboard
    live.update(build_dashboard())
                ^^^^^^^^^^^^^^^^^
  File "/home/pi/test.py", line 1392, in build_dashboard
    grow_layout.add_row(build_grow_panel())  # Full-width, isolated
                        ^^^^^^^^^^^^^^^^^^
  File "/home/pi/test.py", line 1320, in build_grow_panel
    table.add_row(name, type_, prop_date, repot, progress, last_watered, height)
  File "/usr/local/lib/python3.11/dist-packages/rich/table.py", line 465, in add_row
    raise errors.NotRenderableError(
rich.errors.NotRenderableError: unable to render module; a string or other renderable object is required

[2025-09-13 20:51:50] ❌ Exception caught in main loop:
Traceback (most recent call last):
  File "/home/pi/test.py", line 1420, in run_dashboard
    live.update(build_dashboard())
                ^^^^^^^^^^^^^^^^^
  File "/home/pi/test.py", line 1392, in build_dashboard
    grow_layout.add_row(build_grow_panel())  # Full-width, isolated
                        ^^^^^^^^^^^^^^^^^^
  File "/home/pi/test.py", line 1320, in build_grow_panel
    table.add_row(name, type_, prop_date, repot, progress, last_watered, height)
  File "/usr/local/lib/python3.11/dist-packages/rich/table.py", line 465, in add_row
    raise errors.NotRenderableError(
rich.errors.NotRenderableError: unable to render module; a string or other renderable object is required

[2025-09-13 20:51:50] ❌ Exception caught in main loop:
Traceback (most recent call last):
  File "/home/pi/test.py", line 1420, in run_dashboard
    live.update(build_dashboard())
                ^^^^^^^^^^^^^^^^^
  File "/home/pi/test.py", line 1392, in build_dashboard
    grow_layout.add_row(build_grow_panel())  # Full-width, isolated
                        ^^^^^^^^^^^^^^^^^^
  File "/home/pi/test.py", line 1320, in build_grow_panel
    table.add_row(name, type_, prop_date, repot, progress, last_watered, height)
  File "/usr/local/lib/python3.11/dist-packages/rich/table.py", line 465, in add_row
    raise errors.NotRenderableError(
rich.errors.NotRenderableError: unable to render module; a string or other renderable object is required

[2025-09-13 20:51:51] ❌ Exception caught in main loop:
Traceback (most recent call last):
  File "/home/pi/test.py", line 1420, in run_dashboard
    live.update(build_dashboard())
                ^^^^^^^^^^^^^^^^^
  File "/home/pi/test.py", line 1392, in build_dashboard
    grow_layout.add_row(build_grow_panel())  # Full-width, isolated
                        ^^^^^^^^^^^^^^^^^^
  File "/home/pi/test.py", line 1320, in build_grow_panel
    table.add_row(name, type_, prop_date, repot, progress, last_watered, height)
  File "/usr/local/lib/python3.11/dist-packages/rich/table.py", line 465, in add_row
    raise errors.NotRenderableError(
rich.errors.NotRenderableError: unable to render module; a string or other renderable object is required

[2025-09-13 20:51:51] ❌ Exception caught in main loop:
Traceback (most recent call last):
  File "/home/pi/test.py", line 1420, in run_dashboard
    live.update(build_dashboard())
                ^^^^^^^^^^^^^^^^^
  File "/home/pi/test.py", line 1392, in build_dashboard
    grow_layout.add_row(build_grow_panel())  # Full-width, isolated
                        ^^^^^^^^^^^^^^^^^^
  File "/home/pi/test.py", line 1320, in build_grow_panel
    table.add_row(name, type_, prop_date, repot, progress, last_watered, height)
  File "/usr/local/lib/python3.11/dist-packages/rich/table.py", line 465, in add_row
    raise errors.NotRenderableError(
rich.errors.NotRenderableError: unable to render module; a string or other renderable object is required

[2025-09-13 20:51:51] ❌ Exception caught in main loop:
Traceback (most recent call last):
  File "/home/pi/test.py", line 1420, in run_dashboard
    live.update(build_dashboard())
                ^^^^^^^^^^^^^^^^^
  File "/home/pi/test.py", line 1392, in build_dashboard
    grow_layout.add_row(build_grow_panel())  # Full-width, isolated
                        ^^^^^^^^^^^^^^^^^^
  File "/home/pi/test.py", line 1320, in build_grow_panel
    table.add_row(name, type_, prop_date, repot, progress, last_watered, height)
  File "/usr/local/lib/python3.11/dist-packages/rich/table.py", line 465, in add_row
    raise errors.NotRenderableError(
rich.errors.NotRenderableError: unable to render module; a string or other renderable object is required

[2025-09-13 20:51:52] ❌ Exception caught in main loop:
Traceback (most recent call last):
  File "/home/pi/test.py", line 1420, in run_dashboard
    live.update(build_dashboard())
                ^^^^^^^^^^^^^^^^^
  File "/home/pi/test.py", line 1392, in build_dashboard
    grow_layout.add_row(build_grow_panel())  # Full-width, isolated
                        ^^^^^^^^^^^^^^^^^^
  File "/home/pi/test.py", line 1320, in build_grow_panel
    table.add_row(name, type_, prop_date, repot, progress, last_watered, height)
  File "/usr/local/lib/python3.11/dist-packages/rich/table.py", line 465, in add_row
    raise errors.NotRenderableError(
rich.errors.NotRenderableError: unable to render module; a string or other renderable object is required

[2025-09-13 20:51:52] ❌ Exception caught in main loop:
Traceback (most recent call last):
  File "/home/pi/test.py", line 1420, in run_dashboard
    live.update(build_dashboard())
                ^^^^^^^^^^^^^^^^^
  File "/home/pi/test.py", line 1392, in build_dashboard
    grow_layout.add_row(build_grow_panel())  # Full-width, isolated
                        ^^^^^^^^^^^^^^^^^^
  File "/home/pi/test.py", line 1320, in build_grow_panel
    table.add_row(name, type_, prop_date, repot, progress, last_watered, height)
  File "/usr/local/lib/python3.11/dist-packages/rich/table.py", line 465, in add_row
    raise errors.NotRenderableError(
rich.errors.NotRenderableError: unable to render module; a string or other renderable object is required

[2025-09-13 20:51:52] ❌ Exception caught in main loop:
Traceback (most recent call last):
  File "/home/pi/test.py", line 1420, in run_dashboard
    live.update(build_dashboard())
                ^^^^^^^^^^^^^^^^^
  File "/home/pi/test.py", line 1392, in build_dashboard
    grow_layout.add_row(build_grow_panel())  # Full-width, isolated
                        ^^^^^^^^^^^^^^^^^^
  File "/home/pi/test.py", line 1320, in build_grow_panel
    table.add_row(name, type_, prop_date, repot, progress, last_watered, height)
  File "/usr/local/lib/python3.11/dist-packages/rich/table.py", line 465, in add_row
    raise errors.NotRenderableError(
rich.errors.NotRenderableError: unable to render module; a string or other renderable object is required

[2025-09-13 20:51:53] ❌ Exception caught in main loop:
Traceback (most recent call last):
  File "/home/pi/test.py", line 1420, in run_dashboard
    live.update(build_dashboard())
                ^^^^^^^^^^^^^^^^^
  File "/home/pi/test.py", line 1392, in build_dashboard
    grow_layout.add_row(build_grow_panel())  # Full-width, isolated
                        ^^^^^^^^^^^^^^^^^^
  File "/home/pi/test.py", line 1320, in build_grow_panel
    table.add_row(name, type_, prop_date, repot, progress, last_watered, height)
  File "/usr/local/lib/python3.11/dist-packages/rich/table.py", line 465, in add_row
    raise errors.NotRenderableError(
rich.errors.NotRenderableError: unable to render module; a string or other renderable object is required

[2025-09-13 20:51:53] ❌ Exception caught in main loop:
Traceback (most recent call last):
  File "/home/pi/test.py", line 1420, in run_dashboard
    live.update(build_dashboard())
                ^^^^^^^^^^^^^^^^^
  File "/home/pi/test.py", line 1392, in build_dashboard
    grow_layout.add_row(build_grow_panel())  # Full-width, isolated
                        ^^^^^^^^^^^^^^^^^^
  File "/home/pi/test.py", line 1320, in build_grow_panel
    table.add_row(name, type_, prop_date, repot, progress, last_watered, height)
  File "/usr/local/lib/python3.11/dist-packages/rich/table.py", line 465, in add_row
    raise errors.NotRenderableError(
rich.errors.NotRenderableError: unable to render module; a string or other renderable object is required

[2025-09-13 20:51:53] ❌ Exception caught in main loop:
Traceback (most recent call last):
  File "/home/pi/test.py", line 1420, in run_dashboard
    live.update(build_dashboard())
                ^^^^^^^^^^^^^^^^^
  File "/home/pi/test.py", line 1392, in build_dashboard
    grow_layout.add_row(build_grow_panel())  # Full-width, isolated
                        ^^^^^^^^^^^^^^^^^^
  File "/home/pi/test.py", line 1320, in build_grow_panel
    table.add_row(name, type_, prop_date, repot, progress, last_watered, height)
  File "/usr/local/lib/python3.11/dist-packages/rich/table.py", line 465, in add_row
    raise errors.NotRenderableError(
rich.errors.NotRenderableError: unable to render module; a string or other renderable object is required

[2025-09-13 20:51:54] ❌ Exception caught in main loop:
Traceback (most recent call last):
  File "/home/pi/test.py", line 1420, in run_dashboard
    live.update(build_dashboard())
                ^^^^^^^^^^^^^^^^^
  File "/home/pi/test.py", line 1392, in build_dashboard
    grow_layout.add_row(build_grow_panel())  # Full-width, isolated
                        ^^^^^^^^^^^^^^^^^^
  File "/home/pi/test.py", line 1320, in build_grow_panel
    table.add_row(name, type_, prop_date, repot, progress, last_watered, height)
  File "/usr/local/lib/python3.11/dist-packages/rich/table.py", line 465, in add_row
    raise errors.NotRenderableError(
rich.errors.NotRenderableError: unable to render module; a string or other renderable object is required

