[2025-09-13 20:23:10] ❌ Exception caught in main loop:
Traceback (most recent call last):
  File "/home/pi/test.py", line 1422, in run_dashboard
    live.update(build_dashboard())
                ^^^^^^^^^^^^^^^^^
  File "/home/pi/test.py", line 1394, in build_dashboard
    grow_layout.add_row(build_grow_panel())  # Full-width, isolated
                        ^^^^^^^^^^^^^^^^^^
  File "/home/pi/test.py", line 1320, in build_grow_panel
    height = height_bar(height_val)
             ^^^^^^^^^^
NameError: name 'height_bar' is not defined

[2025-09-13 20:23:10] ❌ Exception caught in main loop:
Traceback (most recent call last):
  File "/home/pi/test.py", line 1422, in run_dashboard
    live.update(build_dashboard())
                ^^^^^^^^^^^^^^^^^
  File "/home/pi/test.py", line 1394, in build_dashboard
    grow_layout.add_row(build_grow_panel())  # Full-width, isolated
                        ^^^^^^^^^^^^^^^^^^
  File "/home/pi/test.py", line 1320, in build_grow_panel
    height = height_bar(height_val)
             ^^^^^^^^^^
NameError: name 'height_bar' is not defined

[2025-09-13 20:23:10] ❌ Exception caught in main loop:
Traceback (most recent call last):
  File "/home/pi/test.py", line 1422, in run_dashboard
    live.update(build_dashboard())
                ^^^^^^^^^^^^^^^^^
  File "/home/pi/test.py", line 1394, in build_dashboard
    grow_layout.add_row(build_grow_panel())  # Full-width, isolated
                        ^^^^^^^^^^^^^^^^^^
  File "/home/pi/test.py", line 1320, in build_grow_panel
    height = height_bar(height_val)
             ^^^^^^^^^^
NameError: name 'height_bar' is not defined

[2025-09-13 20:23:11] ❌ Exception caught in main loop:
Traceback (most recent call last):
  File "/home/pi/test.py", line 1422, in run_dashboard
    live.update(build_dashboard())
                ^^^^^^^^^^^^^^^^^
  File "/home/pi/test.py", line 1394, in build_dashboard
    grow_layout.add_row(build_grow_panel())  # Full-width, isolated
                        ^^^^^^^^^^^^^^^^^^
  File "/home/pi/test.py", line 1320, in build_grow_panel
    height = height_bar(height_val)
             ^^^^^^^^^^
NameError: name 'height_bar' is not defined

[2025-09-13 20:23:11] ❌ Exception caught in main loop:
Traceback (most recent call last):
  File "/home/pi/test.py", line 1422, in run_dashboard
    live.update(build_dashboard())
                ^^^^^^^^^^^^^^^^^
  File "/home/pi/test.py", line 1394, in build_dashboard
    grow_layout.add_row(build_grow_panel())  # Full-width, isolated
                        ^^^^^^^^^^^^^^^^^^
  File "/home/pi/test.py", line 1320, in build_grow_panel
    height = height_bar(height_val)
             ^^^^^^^^^^
NameError: name 'height_bar' is not defined

[2025-09-13 20:23:11] ❌ Exception caught in main loop:
Traceback (most recent call last):
  File "/home/pi/test.py", line 1422, in run_dashboard
    live.update(build_dashboard())
                ^^^^^^^^^^^^^^^^^
  File "/home/pi/test.py", line 1394, in build_dashboard
    grow_layout.add_row(build_grow_panel())  # Full-width, isolated
                        ^^^^^^^^^^^^^^^^^^
  File "/home/pi/test.py", line 1320, in build_grow_panel
    height = height_bar(height_val)
             ^^^^^^^^^^
NameError: name 'height_bar' is not defined

[2025-09-13 20:23:12] ❌ Exception caught in main loop:
Traceback (most recent call last):
  File "/home/pi/test.py", line 1422, in run_dashboard
    live.update(build_dashboard())
                ^^^^^^^^^^^^^^^^^
  File "/home/pi/test.py", line 1394, in build_dashboard
    grow_layout.add_row(build_grow_panel())  # Full-width, isolated
                        ^^^^^^^^^^^^^^^^^^
  File "/home/pi/test.py", line 1320, in build_grow_panel
    height = height_bar(height_val)
             ^^^^^^^^^^
NameError: name 'height_bar' is not defined

[2025-09-13 20:23:12] ❌ Exception caught in main loop:
Traceback (most recent call last):
  File "/home/pi/test.py", line 1422, in run_dashboard
    live.update(build_dashboard())
                ^^^^^^^^^^^^^^^^^
  File "/home/pi/test.py", line 1394, in build_dashboard
    grow_layout.add_row(build_grow_panel())  # Full-width, isolated
                        ^^^^^^^^^^^^^^^^^^
  File "/home/pi/test.py", line 1320, in build_grow_panel
    height = height_bar(height_val)
             ^^^^^^^^^^
NameError: name 'height_bar' is not defined

[2025-09-13 20:23:12] ❌ Exception caught in main loop:
Traceback (most recent call last):
  File "/home/pi/test.py", line 1422, in run_dashboard
    live.update(build_dashboard())
                ^^^^^^^^^^^^^^^^^
  File "/home/pi/test.py", line 1394, in build_dashboard
    grow_layout.add_row(build_grow_panel())  # Full-width, isolated
                        ^^^^^^^^^^^^^^^^^^
  File "/home/pi/test.py", line 1320, in build_grow_panel
    height = height_bar(height_val)
             ^^^^^^^^^^
NameError: name 'height_bar' is not defined

[2025-09-13 20:23:13] ❌ Exception caught in main loop:
Traceback (most recent call last):
  File "/home/pi/test.py", line 1422, in run_dashboard
    live.update(build_dashboard())
                ^^^^^^^^^^^^^^^^^
  File "/home/pi/test.py", line 1394, in build_dashboard
    grow_layout.add_row(build_grow_panel())  # Full-width, isolated
                        ^^^^^^^^^^^^^^^^^^
  File "/home/pi/test.py", line 1320, in build_grow_panel
    height = height_bar(height_val)
             ^^^^^^^^^^
NameError: name 'height_bar' is not defined

[2025-09-13 20:23:13] ❌ Exception caught in main loop:
Traceback (most recent call last):
  File "/home/pi/test.py", line 1422, in run_dashboard
    live.update(build_dashboard())
                ^^^^^^^^^^^^^^^^^
  File "/home/pi/test.py", line 1394, in build_dashboard
    grow_layout.add_row(build_grow_panel())  # Full-width, isolated
                        ^^^^^^^^^^^^^^^^^^
  File "/home/pi/test.py", line 1320, in build_grow_panel
    height = height_bar(height_val)
             ^^^^^^^^^^
NameError: name 'height_bar' is not defined

[2025-09-13 20:23:13] ❌ Exception caught in main loop:
Traceback (most recent call last):
  File "/home/pi/test.py", line 1422, in run_dashboard
    live.update(build_dashboard())
                ^^^^^^^^^^^^^^^^^
  File "/home/pi/test.py", line 1394, in build_dashboard
    grow_layout.add_row(build_grow_panel())  # Full-width, isolated
                        ^^^^^^^^^^^^^^^^^^
  File "/home/pi/test.py", line 1320, in build_grow_panel
    height = height_bar(height_val)
             ^^^^^^^^^^
NameError: name 'height_bar' is not defined

[2025-09-13 20:23:14] ❌ Exception caught in main loop:
Traceback (most recent call last):
  File "/home/pi/test.py", line 1422, in run_dashboard
    live.update(build_dashboard())
                ^^^^^^^^^^^^^^^^^
  File "/home/pi/test.py", line 1394, in build_dashboard
    grow_layout.add_row(build_grow_panel())  # Full-width, isolated
                        ^^^^^^^^^^^^^^^^^^
  File "/home/pi/test.py", line 1320, in build_grow_panel
    height = height_bar(height_val)
             ^^^^^^^^^^
NameError: name 'height_bar' is not defined

[2025-09-13 20:23:14] ❌ Exception caught in main loop:
Traceback (most recent call last):
  File "/home/pi/test.py", line 1422, in run_dashboard
    live.update(build_dashboard())
                ^^^^^^^^^^^^^^^^^
  File "/home/pi/test.py", line 1394, in build_dashboard
    grow_layout.add_row(build_grow_panel())  # Full-width, isolated
                        ^^^^^^^^^^^^^^^^^^
  File "/home/pi/test.py", line 1320, in build_grow_panel
    height = height_bar(height_val)
             ^^^^^^^^^^
NameError: name 'height_bar' is not defined

[2025-09-13 20:23:14] ❌ Exception caught in main loop:
Traceback (most recent call last):
  File "/home/pi/test.py", line 1422, in run_dashboard
    live.update(build_dashboard())
                ^^^^^^^^^^^^^^^^^
  File "/home/pi/test.py", line 1394, in build_dashboard
    grow_layout.add_row(build_grow_panel())  # Full-width, isolated
                        ^^^^^^^^^^^^^^^^^^
  File "/home/pi/test.py", line 1320, in build_grow_panel
    height = height_bar(height_val)
             ^^^^^^^^^^
NameError: name 'height_bar' is not defined

[2025-09-13 20:23:15] ❌ Exception caught in main loop:
Traceback (most recent call last):
  File "/home/pi/test.py", line 1422, in run_dashboard
    live.update(build_dashboard())
                ^^^^^^^^^^^^^^^^^
  File "/home/pi/test.py", line 1394, in build_dashboard
    grow_layout.add_row(build_grow_panel())  # Full-width, isolated
                        ^^^^^^^^^^^^^^^^^^
  File "/home/pi/test.py", line 1320, in build_grow_panel
    height = height_bar(height_val)
             ^^^^^^^^^^
NameError: name 'height_bar' is not defined

[2025-09-13 20:23:15] ❌ Exception caught in main loop:
Traceback (most recent call last):
  File "/home/pi/test.py", line 1422, in run_dashboard
    live.update(build_dashboard())
                ^^^^^^^^^^^^^^^^^
  File "/home/pi/test.py", line 1394, in build_dashboard
    grow_layout.add_row(build_grow_panel())  # Full-width, isolated
                        ^^^^^^^^^^^^^^^^^^
  File "/home/pi/test.py", line 1320, in build_grow_panel
    height = height_bar(height_val)
             ^^^^^^^^^^
NameError: name 'height_bar' is not defined

[2025-09-13 20:23:15] ❌ Exception caught in main loop:
Traceback (most recent call last):
  File "/home/pi/test.py", line 1422, in run_dashboard
    live.update(build_dashboard())
                ^^^^^^^^^^^^^^^^^
  File "/home/pi/test.py", line 1394, in build_dashboard
    grow_layout.add_row(build_grow_panel())  # Full-width, isolated
                        ^^^^^^^^^^^^^^^^^^
  File "/home/pi/test.py", line 1320, in build_grow_panel
    height = height_bar(height_val)
             ^^^^^^^^^^
NameError: name 'height_bar' is not defined

[2025-09-13 20:23:16] ❌ Exception caught in main loop:
Traceback (most recent call last):
  File "/home/pi/test.py", line 1422, in run_dashboard
    live.update(build_dashboard())
                ^^^^^^^^^^^^^^^^^
  File "/home/pi/test.py", line 1394, in build_dashboard
    grow_layout.add_row(build_grow_panel())  # Full-width, isolated
                        ^^^^^^^^^^^^^^^^^^
  File "/home/pi/test.py", line 1320, in build_grow_panel
    height = height_bar(height_val)
             ^^^^^^^^^^
NameError: name 'height_bar' is not defined

[2025-09-13 20:23:16] ❌ Exception caught in main loop:
Traceback (most recent call last):
  File "/home/pi/test.py", line 1422, in run_dashboard
    live.update(build_dashboard())
                ^^^^^^^^^^^^^^^^^
  File "/home/pi/test.py", line 1394, in build_dashboard
    grow_layout.add_row(build_grow_panel())  # Full-width, isolated
                        ^^^^^^^^^^^^^^^^^^
  File "/home/pi/test.py", line 1320, in build_grow_panel
    height = height_bar(height_val)
             ^^^^^^^^^^
NameError: name 'height_bar' is not defined

[2025-09-13 20:23:16] ❌ Exception caught in main loop:
Traceback (most recent call last):
  File "/home/pi/test.py", line 1422, in run_dashboard
    live.update(build_dashboard())
                ^^^^^^^^^^^^^^^^^
  File "/home/pi/test.py", line 1394, in build_dashboard
    grow_layout.add_row(build_grow_panel())  # Full-width, isolated
                        ^^^^^^^^^^^^^^^^^^
  File "/home/pi/test.py", line 1320, in build_grow_panel
    height = height_bar(height_val)
             ^^^^^^^^^^
NameError: name 'height_bar' is not defined

[2025-09-13 20:23:17] ❌ Exception caught in main loop:
Traceback (most recent call last):
  File "/home/pi/test.py", line 1422, in run_dashboard
    live.update(build_dashboard())
                ^^^^^^^^^^^^^^^^^
  File "/home/pi/test.py", line 1394, in build_dashboard
    grow_layout.add_row(build_grow_panel())  # Full-width, isolated
                        ^^^^^^^^^^^^^^^^^^
  File "/home/pi/test.py", line 1320, in build_grow_panel
    height = height_bar(height_val)
             ^^^^^^^^^^
NameError: name 'height_bar' is not defined

[2025-09-13 20:23:17] ✅ Dashboard healthy. Drift: 0.26s
